<?xml version='1.0' encoding='UTF-8'?>
<testsuite hostname="oleg-comp" name="followers.FollowersSuite" tests="18" errors="0" failures="12" skipped="0" time="7.181" timestamp="2019-08-24T15:45:34">
                     <properties>
      <property name="jline.esc.timeout" value="0"/><property name="jna.platform.library.path" value="/usr/lib/x86_64-linux-gnu:/lib/x86_64-linux-gnu:/lib64:/usr/lib:/lib:/usr/lib/x86_64-linux-gnu/libfakeroot"/><property name="java.runtime.name" value="OpenJDK Runtime Environment"/><property name="sun.boot.library.path" value="/usr/lib/jvm/java-8-openjdk-amd64/jre/lib/amd64"/><property name="java.vm.version" value="25.212-b03"/><property name="java.vm.vendor" value="Oracle Corporation"/><property name="java.vendor.url" value="http://java.oracle.com/"/><property name="path.separator" value=":"/><property name="jna.loaded" value="true"/><property name="java.vm.name" value="OpenJDK 64-Bit Server VM"/><property name="file.encoding.pkg" value="sun.io"/><property name="user.country" value="US"/><property name="sun.java.launcher" value="SUN_STANDARD"/><property name="sun.os.patch.level" value="unknown"/><property name="jna.nosys" value="true"/><property name="java.vm.specification.name" value="Java Virtual Machine Specification"/><property name="user.dir" value="/home/oleg/Documents/ReactiveCourse/followers"/><property name="java.runtime.version" value="1.8.0_212-8u212-b03-0ubuntu1.18.10.1-b03"/><property name="java.awt.graphicsenv" value="sun.awt.X11GraphicsEnvironment"/><property name="idea.managed" value="true"/><property name="java.endorsed.dirs" value="/usr/lib/jvm/java-8-openjdk-amd64/jre/lib/endorsed"/><property name="os.arch" value="amd64"/><property name="java.io.tmpdir" value="/tmp"/><property name="line.separator" value="
"/><property name="java.vm.specification.vendor" value="Oracle Corporation"/><property name="os.name" value="Linux"/><property name="sun.jnu.encoding" value="UTF-8"/><property name="jnidispatch.path" value="/tmp/jna-3413823/jna2570640951379432048.tmp"/><property name="java.library.path" value="/usr/java/packages/lib/amd64:/usr/lib/x86_64-linux-gnu/jni:/lib/x86_64-linux-gnu:/usr/lib/x86_64-linux-gnu:/usr/lib/jni:/lib:/usr/lib"/><property name="sbt.version" value="1.2.7"/><property name="java.specification.name" value="Java Platform API Specification"/><property name="java.class.version" value="52.0"/><property name="sun.management.compiler" value="HotSpot 64-Bit Tiered Compilers"/><property name="os.version" value="4.18.0-25-generic"/><property name="user.home" value="/home/oleg"/><property name="user.timezone" value="Europe/Kirov"/><property name="java.awt.printerjob" value="sun.print.PSPrinterJob"/><property name="file.encoding" value="UTF-8"/><property name="java.specification.version" value="1.8"/><property name="java.class.path" value="/home/oleg/.IdeaIC2019.1/config/plugins/Scala/launcher/sbt-launch.jar"/><property name="user.name" value="oleg"/><property name="jline.shutdownhook" value="false"/><property name="java.vm.specification.version" value="1.8"/><property name="sun.java.command" value="/home/oleg/.IdeaIC2019.1/config/plugins/Scala/launcher/sbt-launch.jar --addPluginSbtFile=/tmp/idea.sbt ; set ideaPort in Global := 34383 ; idea-shell"/><property name="java.home" value="/usr/lib/jvm/java-8-openjdk-amd64/jre"/><property name="sun.arch.data.model" value="64"/><property name="user.language" value="en"/><property name="java.specification.vendor" value="Oracle Corporation"/><property name="awt.toolkit" value="sun.awt.X11.XToolkit"/><property name="java.vm.info" value="mixed mode"/><property name="java.version" value="1.8.0_212"/><property name="java.ext.dirs" value="/usr/lib/jvm/java-8-openjdk-amd64/jre/lib/ext:/usr/java/packages/lib/ext"/><property name="sun.boot.class.path" value="/usr/lib/jvm/java-8-openjdk-amd64/jre/lib/resources.jar:/usr/lib/jvm/java-8-openjdk-amd64/jre/lib/rt.jar:/usr/lib/jvm/java-8-openjdk-amd64/jre/lib/sunrsasign.jar:/usr/lib/jvm/java-8-openjdk-amd64/jre/lib/jsse.jar:/usr/lib/jvm/java-8-openjdk-amd64/jre/lib/jce.jar:/usr/lib/jvm/java-8-openjdk-amd64/jre/lib/charsets.jar:/usr/lib/jvm/java-8-openjdk-amd64/jre/lib/jfr.jar:/usr/lib/jvm/java-8-openjdk-amd64/jre/classes"/><property name="java.vendor" value="Oracle Corporation"/><property name="file.separator" value="/"/><property name="java.vendor.url.bug" value="http://bugreport.sun.com/bugreport/"/><property name="sun.io.unicode.encoding" value="UnicodeLittle"/><property name="sun.cpu.endian" value="little"/><property name="sun.desktop" value="gnome"/><property name="sun.cpu.isalist" value=""/>
    </properties>
                     <testcase classname="followers.FollowersSuite" name="reframedFlow: chunks containing exactly one message should pass through" time="1.099">
                                                 
                                               </testcase><testcase classname="followers.FollowersSuite" name="reframedFlow: chunks containing fragments of messages should be re-assembled" time="1.001">
                                                 
                                               </testcase><testcase classname="followers.FollowersSuite" name="reframedFlow: reject an input stream that is completed in the middle of a frame" time="0.011">
                                                 
                                               </testcase><testcase classname="followers.FollowersSuite" name="eventParserFlow: successfully parse events" time="1.005">
                                                 
                                               </testcase><testcase classname="followers.FollowersSuite" name="reintroduceOrdering: pass through a sorted stream directly" time="1.038">
                                                 <failure message="Vector(Follow(1,1,1), Follow(1,1,1), Follow(2,1,1), Follow(1,1,1), Follow(2,1,1), Follow(3,1,1), Follow(1,1,1), Follow(2,1,1), Follow(3,1,1), Follow(4,1,1), Follow(1,1,1), Follow(2,1,1), Follow(3,1,1), Follow(4,1,1), Follow(5,1,1), Follow(1,1,1), Follow(2,1,1), Follow(3,1,1), Follow(4,1,1), Follow(5,1,1), Follow(6,1,1), Follow(1,1,1), Follow(2,1,1), Follow(3,1,1), Follow(4,1,1), Follow(5,1,1), Follow(6,1,1), Follow(7,1,1), Follow(1,1,1), Follow(2,1,1), Follow(3,1,1), Follow(4,1,1), Follow(5,1,1), Follow(6,1,1), Follow(7,1,1), Follow(8,1,1), Follow(1,1,1), Follow(2,1,1), Follow(3,1,1), Follow(4,1,1), Follow(5,1,1), Follow(6,1,1), Follow(7,1,1), Follow(8,1,1), Follow(9,1,1), Follow(1,1,1), Follow(2,1,1), Follow(3,1,1), Follow(4,1,1), Follow(5,1,1), Follow(6,1,1), Follow(7,1,1), Follow(8,1,1), Follow(9,1,1), Follow(10,1,1), Follow(1,1,1), Follow(2,1,1), Follow(3,1,1), Follow(4,1,1), Follow(5,1,1), Follow(6,1,1), Follow(7,1,1), Follow(8,1,1), Follow(9,1,1), Follow(10,1,1), Follow(11,1,1), Follow(1,1,1), Follow(2,1,1), Follow(3,1,1), Follow(4,1,1), Follow(5,1,1), Follow(6,1,1), Follow(7,1,1), Follow(8,1,1), Follow(9,1,1), Follow(10,1,1), Follow(11,1,1), Follow(12,1,1), Follow(1,1,1), Follow(2,1,1), Follow(3,1,1), Follow(4,1,1), Follow(5,1,1), Follow(6,1,1), Follow(7,1,1), Follow(8,1,1), Follow(9,1,1), Follow(10,1,1), Follow(11,1,1), Follow(12,1,1), Follow(13,1,1), Follow(1,1,1), Follow(2,1,1), Follow(3,1,1), Follow(4,1,1), Follow(5,1,1), Follow(6,1,1), Follow(7,1,1), Follow(8,1,1), Follow(9,1,1), Follow(10,1,1), Follow(11,1,1), Follow(12,1,1), Follow(13,1,1), Follow(14,1,1), Follow(1,1,1), Follow(2,1,1), Follow(3,1,1), Follow(4,1,1), Follow(5,1,1), Follow(6,1,1), Follow(7,1,1), Follow(8,1,1), Follow(9,1,1), Follow(10,1,1), Follow(11,1,1), Follow(12,1,1), Follow(13,1,1), Follow(14,1,1), Follow(15,1,1), Follow(1,1,1), Follow(2,1,1), Follow(3,1,1), Follow(4,1,1), Follow(5,1,1), Follow(6,1,1), Follow(7,1,1), Follow(8,1,1), Follow(9,1,1), Follow(10,1,1), Follow(11,1,1), Follow(12,1,1), Follow(13,1,1), Follow(14,1,1), Follow(15,1,1), Follow(16,1,1), Follow(1,1,1), Follow(2,1,1), Follow(3,1,1), Follow(4,1,1), Follow(5,1,1), Follow(6,1,1), Follow(7,1,1), Follow(8,1,1), Follow(9,1,1), Follow(10,1,1), Follow(11,1,1), Follow(12,1,1), Follow(13,1,1), Follow(14,1,1), Follow(15,1,1), Follow(16,1,1), Follow(17,1,1), Follow(1,1,1), Follow(2,1,1), Follow(3,1,1), Follow(4,1,1), Follow(5,1,1), Follow(6,1,1), Follow(7,1,1), Follow(8,1,1), Follow(9,1,1), Follow(10,1,1), Follow(11,1,1), Follow(12,1,1), Follow(13,1,1), Follow(14,1,1), Follow(15,1,1), Follow(16,1,1), Follow(17,1,1), Follow(18,1,1), Follow(1,1,1), Follow(2,1,1), Follow(3,1,1), Follow(4,1,1), Follow(5,1,1), Follow(6,1,1), Follow(7,1,1), Follow(8,1,1), Follow(9,1,1), Follow(10,1,1), Follow(11,1,1), Follow(12,1,1), Follow(13,1,1), Follow(14,1,1), Follow(15,1,1), Follow(16,1,1), Follow(17,1,1), Follow(18,1,1), Follow(19,1,1), Follow(1,1,1), Follow(2,1,1), Follow(3,1,1), Follow(4,1,1), Follow(5,1,1), Follow(6,1,1), Follow(7,1,1), Follow(8,1,1), Follow(9,1,1), Follow(10,1,1), Follow(11,1,1), Follow(12,1,1), Follow(13,1,1), Follow(14,1,1), Follow(15,1,1), Follow(16,1,1), Follow(17,1,1), Follow(18,1,1), Follow(19,1,1), Follow(20,1,1), Follow(1,1,1), Follow(2,1,1), Follow(3,1,1), Follow(4,1,1), Follow(5,1,1), Follow(6,1,1), Follow(7,1,1), Follow(8,1,1), Follow(9,1,1), Follow(10,1,1), Follow(11,1,1), Follow(12,1,1), Follow(13,1,1), Follow(14,1,1), Follow(15,1,1), Follow(16,1,1), Follow(17,1,1), Follow(18,1,1), Follow(19,1,1), Follow(20,1,1), Follow(21,1,1), Follow(1,1,1), Follow(2,1,1), Follow(3,1,1), Follow(4,1,1), Follow(5,1,1), Follow(6,1,1), Follow(7,1,1), Follow(8,1,1), Follow(9,1,1), Follow(10,1,1), Follow(11,1,1), Follow(12,1,1), Follow(13,1,1), Follow(14,1,1), Follow(15,1,1), Follow(16,1,1), Follow(17,1,1), Follow(18,1,1), Follow(19,1,1), Follow(20,1,1), Follow(21,1,1), Follow(22,1,1), Follow(1,1,1), Follow(2,1,1), Follow(3,1,1), Follow(4,1,1), Follow(5,1,1), Follow(6,1,1), Follow(7,1,1), Follow(8,1,1), Follow(9,1,1), Follow(10,1,1), Follow(11,1,1), Follow(12,1,1), Follow(13,1,1), Follow(14,1,1), Follow(15,1,1), Follow(16,1,1), Follow(17,1,1), Follow(18,1,1), Follow(19,1,1), Follow(20,1,1), Follow(21,1,1), Follow(22,1,1), Follow(23,1,1), Follow(1,1,1), Follow(2,1,1), Follow(3,1,1), Follow(4,1,1), Follow(5,1,1), Follow(6,1,1), Follow(7,1,1), Follow(8,1,1), Follow(9,1,1), Follow(10,1,1), Follow(11,1,1), Follow(12,1,1), Follow(13,1,1), Follow(14,1,1), Follow(15,1,1), Follow(16,1,1), Follow(17,1,1), Follow(18,1,1), Follow(19,1,1), Follow(20,1,1), Follow(21,1,1), Follow(22,1,1), Follow(23,1,1), Follow(24,1,1), Follow(1,1,1), Follow(2,1,1), Follow(3,1,1), Follow(4,1,1), Follow(5,1,1), Follow(6,1,1), Follow(7,1,1), Follow(8,1,1), Follow(9,1,1), Follow(10,1,1), Follow(11,1,1), Follow(12,1,1), Follow(13,1,1), Follow(14,1,1), Follow(15,1,1), Follow(16,1,1), Follow(17,1,1), Follow(18,1,1), Follow(19,1,1), Follow(20,1,1), Follow(21,1,1), Follow(22,1,1), Follow(23,1,1), Follow(24,1,1), Follow(25,1,1), Follow(1,1,1), Follow(2,1,1), Follow(3,1,1), Follow(4,1,1), Follow(5,1,1), Follow(6,1,1), Follow(7,1,1), Follow(8,1,1), Follow(9,1,1), Follow(10,1,1), Follow(11,1,1), Follow(12,1,1), Follow(13,1,1), Follow(14,1,1), Follow(15,1,1), Follow(16,1,1), Follow(17,1,1), Follow(18,1,1), Follow(19,1,1), Follow(20,1,1), Follow(21,1,1), Follow(22,1,1), Follow(23,1,1), Follow(24,1,1), Follow(25,1,1), Follow(26,1,1), Follow(1,1,1), Follow(2,1,1), Follow(3,1,1), Follow(4,1,1), Follow(5,1,1), Follow(6,1,1), Follow(7,1,1), Follow(8,1,1), Follow(9,1,1), Follow(10,1,1), Follow(11,1,1), Follow(12,1,1), Follow(13,1,1), Follow(14,1,1), Follow(15,1,1), Follow(16,1,1), Follow(17,1,1), Follow(18,1,1), Follow(19,1,1), Follow(20,1,1), Follow(21,1,1), Follow(22,1,1), Follow(23,1,1), Follow(24,1,1), Follow(25,1,1), Follow(26,1,1), Follow(27,1,1), Follow(1,1,1), Follow(2,1,1), Follow(3,1,1), Follow(4,1,1), Follow(5,1,1), Follow(6,1,1), Follow(7,1,1), Follow(8,1,1), Follow(9,1,1), Follow(10,1,1), Follow(11,1,1), Follow(12,1,1), Follow(13,1,1), Follow(14,1,1), Follow(15,1,1), Follow(16,1,1), Follow(17,1,1), Follow(18,1,1), Follow(19,1,1), Follow(20,1,1), Follow(21,1,1), Follow(22,1,1), Follow(23,1,1), Follow(24,1,1), Follow(25,1,1), Follow(26,1,1), Follow(27,1,1), Follow(28,1,1), Follow(1,1,1), Follow(2,1,1), Follow(3,1,1), Follow(4,1,1), Follow(5,1,1), Follow(6,1,1), Follow(7,1,1), Follow(8,1,1), Follow(9,1,1), Follow(10,1,1), Follow(11,1,1), Follow(12,1,1), Follow(13,1,1), Follow(14,1,1), Follow(15,1,1), Follow(16,1,1), Follow(17,1,1), Follow(18,1,1), Follow(19,1,1), Follow(20,1,1), Follow(21,1,1), Follow(22,1,1), Follow(23,1,1), Follow(24,1,1), Follow(25,1,1), Follow(26,1,1), Follow(27,1,1), Follow(28,1,1), Follow(29,1,1), Follow(1,1,1), Follow(2,1,1), Follow(3,1,1), Follow(4,1,1), Follow(5,1,1), Follow(6,1,1), Follow(7,1,1), Follow(8,1,1), Follow(9,1,1), Follow(10,1,1), Follow(11,1,1), Follow(12,1,1), Follow(13,1,1), Follow(14,1,1), Follow(15,1,1), Follow(16,1,1), Follow(17,1,1), Follow(18,1,1), Follow(19,1,1), Follow(20,1,1), Follow(21,1,1), Follow(22,1,1), Follow(23,1,1), Follow(24,1,1), Follow(25,1,1), Follow(26,1,1), Follow(27,1,1), Follow(28,1,1), Follow(29,1,1), Follow(30,1,1), Follow(1,1,1), Follow(2,1,1), Follow(3,1,1), Follow(4,1,1), Follow(5,1,1), Follow(6,1,1), Follow(7,1,1), Follow(8,1,1), Follow(9,1,1), Follow(10,1,1), Follow(11,1,1), Follow(12,1,1), Follow(13,1,1), Follow(14,1,1), Follow(15,1,1), Follow(16,1,1), Follow(17,1,1), Follow(18,1,1), Follow(19,1,1), Follow(20,1,1), Follow(21,1,1), Follow(22,1,1), Follow(23,1,1), Follow(24,1,1), Follow(25,1,1), Follow(26,1,1), Follow(27,1,1), Follow(28,1,1), Follow(29,1,1), Follow(30,1,1), Follow(31,1,1), Follow(1,1,1), Follow(2,1,1), Follow(3,1,1), Follow(4,1,1), Follow(5,1,1), Follow(6,1,1), Follow(7,1,1), Follow(8,1,1), Follow(9,1,1), Follow(10,1,1), Follow(11,1,1), Follow(12,1,1), Follow(13,1,1), Follow(14,1,1), Follow(15,1,1), Follow(16,1,1), Follow(17,1,1), Follow(18,1,1), Follow(19,1,1), Follow(20,1,1), Follow(21,1,1), Follow(22,1,1), Follow(23,1,1), Follow(24,1,1), Follow(25,1,1), Follow(26,1,1), Follow(27,1,1), Follow(28,1,1), Follow(29,1,1), Follow(30,1,1), Follow(31,1,1), Follow(32,1,1), Follow(1,1,1), Follow(2,1,1), Follow(3,1,1), Follow(4,1,1), Follow(5,1,1), Follow(6,1,1), Follow(7,1,1), Follow(8,1,1), Follow(9,1,1), Follow(10,1,1), Follow(11,1,1), Follow(12,1,1), Follow(13,1,1), Follow(14,1,1), Follow(15,1,1), Follow(16,1,1), Follow(17,1,1), Follow(18,1,1), Follow(19,1,1), Follow(20,1,1), Follow(21,1,1), Follow(22,1,1), Follow(23,1,1), Follow(24,1,1), Follow(25,1,1), Follow(26,1,1), Follow(27,1,1), Follow(28,1,1), Follow(29,1,1), Follow(30,1,1), Follow(31,1,1), Follow(32,1,1), Follow(33,1,1), Follow(1,1,1), Follow(2,1,1), Follow(3,1,1), Follow(4,1,1), Follow(5,1,1), Follow(6,1,1), Follow(7,1,1), Follow(8,1,1), Follow(9,1,1), Follow(10,1,1), Follow(11,1,1), Follow(12,1,1), Follow(13,1,1), Follow(14,1,1), Follow(15,1,1), Follow(16,1,1), Follow(17,1,1), Follow(18,1,1), Follow(19,1,1), Follow(20,1,1), Follow(21,1,1), Follow(22,1,1), Follow(23,1,1), Follow(24,1,1), Follow(25,1,1), Follow(26,1,1), Follow(27,1,1), Follow(28,1,1), Follow(29,1,1), Follow(30,1,1), Follow(31,1,1), Follow(32,1,1), Follow(33,1,1), Follow(34,1,1), Follow(1,1,1), Follow(2,1,1), Follow(3,1,1), Follow(4,1,1), Follow(5,1,1), Follow(6,1,1), Follow(7,1,1), Follow(8,1,1), Follow(9,1,1), Follow(10,1,1), Follow(11,1,1), Follow(12,1,1), Follow(13,1,1), Follow(14,1,1), Follow(15,1,1), Follow(16,1,1), Follow(17,1,1), Follow(18,1,1), Follow(19,1,1), Follow(20,1,1), Follow(21,1,1), Follow(22,1,1), Follow(23,1,1), Follow(24,1,1), Follow(25,1,1), Follow(26,1,1), Follow(27,1,1), Follow(28,1,1), Follow(29,1,1), Follow(30,1,1), Follow(31,1,1), Follow(32,1,1), Follow(33,1,1), Follow(34,1,1), Follow(35,1,1), Follow(1,1,1), Follow(2,1,1), Follow(3,1,1), Follow(4,1,1), Follow(5,1,1), Follow(6,1,1), Follow(7,1,1), Follow(8,1,1), Follow(9,1,1), Follow(10,1,1), Follow(11,1,1), Follow(12,1,1), Follow(13,1,1), Follow(14,1,1), Follow(15,1,1), Follow(16,1,1), Follow(17,1,1), Follow(18,1,1), Follow(19,1,1), Follow(20,1,1), Follow(21,1,1), Follow(22,1,1), Follow(23,1,1), Follow(24,1,1), Follow(25,1,1), Follow(26,1,1), Follow(27,1,1), Follow(28,1,1), Follow(29,1,1), Follow(30,1,1), Follow(31,1,1), Follow(32,1,1), Follow(33,1,1), Follow(34,1,1), Follow(35,1,1), Follow(36,1,1), Follow(1,1,1), Follow(2,1,1), Follow(3,1,1), Follow(4,1,1), Follow(5,1,1), Follow(6,1,1), Follow(7,1,1), Follow(8,1,1), Follow(9,1,1), Follow(10,1,1), Follow(11,1,1), Follow(12,1,1), Follow(13,1,1), Follow(14,1,1), Follow(15,1,1), Follow(16,1,1), Follow(17,1,1), Follow(18,1,1), Follow(19,1,1), Follow(20,1,1), Follow(21,1,1), Follow(22,1,1), Follow(23,1,1), Follow(24,1,1), Follow(25,1,1), Follow(26,1,1), Follow(27,1,1), Follow(28,1,1), Follow(29,1,1), Follow(30,1,1), Follow(31,1,1), Follow(32,1,1), Follow(33,1,1), Follow(34,1,1), Follow(35,1,1), Follow(36,1,1), Follow(37,1,1), Follow(1,1,1), Follow(2,1,1), Follow(3,1,1), Follow(4,1,1), Follow(5,1,1), Follow(6,1,1), Follow(7,1,1), Follow(8,1,1), Follow(9,1,1), Follow(10,1,1), Follow(11,1,1), Follow(12,1,1), Follow(13,1,1), Follow(14,1,1), Follow(15,1,1), Follow(16,1,1), Follow(17,1,1), Follow(18,1,1), Follow(19,1,1), Follow(20,1,1), Follow(21,1,1), Follow(22,1,1), Follow(23,1,1), Follow(24,1,1), Follow(25,1,1), Follow(26,1,1), Follow(27,1,1), Follow(28,1,1), Follow(29,1,1), Follow(30,1,1), Follow(31,1,1), Follow(32,1,1), Follow(33,1,1), Follow(34,1,1), Follow(35,1,1), Follow(36,1,1), Follow(37,1,1), Follow(38,1,1), Follow(1,1,1), Follow(2,1,1), Follow(3,1,1), Follow(4,1,1), Follow(5,1,1), Follow(6,1,1), Follow(7,1,1), Follow(8,1,1), Follow(9,1,1), Follow(10,1,1), Follow(11,1,1), Follow(12,1,1), Follow(13,1,1), Follow(14,1,1), Follow(15,1,1), Follow(16,1,1), Follow(17,1,1), Follow(18,1,1), Follow(19,1,1), Follow(20,1,1), Follow(21,1,1), Follow(22,1,1), Follow(23,1,1), Follow(24,1,1), Follow(25,1,1), Follow(26,1,1), Follow(27,1,1), Follow(28,1,1), Follow(29,1,1), Follow(30,1,1), Follow(31,1,1), Follow(32,1,1), Follow(33,1,1), Follow(34,1,1), Follow(35,1,1), Follow(36,1,1), Follow(37,1,1), Follow(38,1,1), Follow(39,1,1), Follow(1,1,1), Follow(2,1,1), Follow(3,1,1), Follow(4,1,1), Follow(5,1,1), Follow(6,1,1), Follow(7,1,1), Follow(8,1,1), Follow(9,1,1), Follow(10,1,1), Follow(11,1,1), Follow(12,1,1), Follow(13,1,1), Follow(14,1,1), Follow(15,1,1), Follow(16,1,1), Follow(17,1,1), Follow(18,1,1), Follow(19,1,1), Follow(20,1,1), Follow(21,1,1), Follow(22,1,1), Follow(23,1,1), Follow(24,1,1), Follow(25,1,1), Follow(26,1,1), Follow(27,1,1), Follow(28,1,1), Follow(29,1,1), Follow(30,1,1), Follow(31,1,1), Follow(32,1,1), Follow(33,1,1), Follow(34,1,1), Follow(35,1,1), Follow(36,1,1), Follow(37,1,1), Follow(38,1,1), Follow(39,1,1), Follow(40,1,1), Follow(1,1,1), Follow(2,1,1), Follow(3,1,1), Follow(4,1,1), Follow(5,1,1), Follow(6,1,1), Follow(7,1,1), Follow(8,1,1), Follow(9,1,1), Follow(10,1,1), Follow(11,1,1), Follow(12,1,1), Follow(13,1,1), Follow(14,1,1), Follow(15,1,1), Follow(16,1,1), Follow(17,1,1), Follow(18,1,1), Follow(19,1,1), Follow(20,1,1), Follow(21,1,1), Follow(22,1,1), Follow(23,1,1), Follow(24,1,1), Follow(25,1,1), Follow(26,1,1), Follow(27,1,1), Follow(28,1,1), Follow(29,1,1), Follow(30,1,1), Follow(31,1,1), Follow(32,1,1), Follow(33,1,1), Follow(34,1,1), Follow(35,1,1), Follow(36,1,1), Follow(37,1,1), Follow(38,1,1), Follow(39,1,1), Follow(40,1,1), Follow(41,1,1), Follow(1,1,1), Follow(2,1,1), Follow(3,1,1), Follow(4,1,1), Follow(5,1,1), Follow(6,1,1), Follow(7,1,1), Follow(8,1,1), Follow(9,1,1), Follow(10,1,1), Follow(11,1,1), Follow(12,1,1), Follow(13,1,1), Follow(14,1,1), Follow(15,1,1), Follow(16,1,1), Follow(17,1,1), Follow(18,1,1), Follow(19,1,1), Follow(20,1,1), Follow(21,1,1), Follow(22,1,1), Follow(23,1,1), Follow(24,1,1), Follow(25,1,1), Follow(26,1,1), Follow(27,1,1), Follow(28,1,1), Follow(29,1,1), Follow(30,1,1), Follow(31,1,1), Follow(32,1,1), Follow(33,1,1), Follow(34,1,1), Follow(35,1,1), Follow(36,1,1), Follow(37,1,1), Follow(38,1,1), Follow(39,1,1), Follow(40,1,1), Follow(41,1,1), Follow(42,1,1), Follow(1,1,1), Follow(2,1,1), Follow(3,1,1), Follow(4,1,1), Follow(5,1,1), Follow(6,1,1), Follow(7,1,1), Follow(8,1,1), Follow(9,1,1), Follow(10,1,1), Follow(11,1,1), Follow(12,1,1), Follow(13,1,1), Follow(14,1,1), Follow(15,1,1), Follow(16,1,1), Follow(17,1,1), Follow(18,1,1), Follow(19,1,1), Follow(20,1,1), Follow(21,1,1), Follow(22,1,1), Follow(23,1,1), Follow(24,1,1), Follow(25,1,1), Follow(26,1,1), Follow(27,1,1), Follow(28,1,1), Follow(29,1,1), Follow(30,1,1), Follow(31,1,1), Follow(32,1,1), Follow(33,1,1), Follow(34,1,1), Follow(35,1,1), Follow(36,1,1), Follow(37,1,1), Follow(38,1,1), Follow(39,1,1), Follow(40,1,1), Follow(41,1,1), Follow(42,1,1), Follow(43,1,1), Follow(1,1,1), Follow(2,1,1), Follow(3,1,1), Follow(4,1,1), Follow(5,1,1), Follow(6,1,1), Follow(7,1,1), Follow(8,1,1), Follow(9,1,1), Follow(10,1,1), Follow(11,1,1), Follow(12,1,1), Follow(13,1,1), Follow(14,1,1), Follow(15,1,1), Follow(16,1,1), Follow(17,1,1), Follow(18,1,1), Follow(19,1,1), Follow(20,1,1), Follow(21,1,1), Follow(22,1,1), Follow(23,1,1), Follow(24,1,1), Follow(25,1,1), Follow(26,1,1), Follow(27,1,1), Follow(28,1,1), Follow(29,1,1), Follow(30,1,1), Follow(31,1,1), Follow(32,1,1), Follow(33,1,1), Follow(34,1,1), Follow(35,1,1), Follow(36,1,1), Follow(37,1,1), Follow(38,1,1), Follow(39,1,1), Follow(40,1,1), Follow(41,1,1), Follow(42,1,1), Follow(43,1,1), Follow(44,1,1), Follow(1,1,1), Follow(2,1,1), Follow(3,1,1), Follow(4,1,1), Follow(5,1,1), Follow(6,1,1), Follow(7,1,1), Follow(8,1,1), Follow(9,1,1), Follow(10,1,1), Follow(11,1,1), Follow(12,1,1), Follow(13,1,1), Follow(14,1,1), Follow(15,1,1), Follow(16,1,1), Follow(17,1,1), Follow(18,1,1), Follow(19,1,1), Follow(20,1,1), Follow(21,1,1), Follow(22,1,1), Follow(23,1,1), Follow(24,1,1), Follow(25,1,1), Follow(26,1,1), Follow(27,1,1), Follow(28,1,1), Follow(29,1,1), Follow(30,1,1), Follow(31,1,1), Follow(32,1,1), Follow(33,1,1), Follow(34,1,1), Follow(35,1,1), Follow(36,1,1), Follow(37,1,1), Follow(38,1,1), Follow(39,1,1), Follow(40,1,1), Follow(41,1,1), Follow(42,1,1), Follow(43,1,1), Follow(44,1,1), Follow(45,1,1), Follow(1,1,1), Follow(2,1,1), Follow(3,1,1), Follow(4,1,1), Follow(5,1,1), Follow(6,1,1), Follow(7,1,1), Follow(8,1,1), Follow(9,1,1), Follow(10,1,1), Follow(11,1,1), Follow(12,1,1), Follow(13,1,1), Follow(14,1,1), Follow(15,1,1), Follow(16,1,1), Follow(17,1,1), Follow(18,1,1), Follow(19,1,1), Follow(20,1,1), Follow(21,1,1), Follow(22,1,1), Follow(23,1,1), Follow(24,1,1), Follow(25,1,1), Follow(26,1,1), Follow(27,1,1), Follow(28,1,1), Follow(29,1,1), Follow(30,1,1), Follow(31,1,1), Follow(32,1,1), Follow(33,1,1), Follow(34,1,1), Follow(35,1,1), Follow(36,1,1), Follow(37,1,1), Follow(38,1,1), Follow(39,1,1), Follow(40,1,1), Follow(41,1,1), Follow(42,1,1), Follow(43,1,1), Follow(44,1,1), Follow(45,1,1), Follow(46,1,1), Follow(1,1,1), Follow(2,1,1), Follow(3,1,1), Follow(4,1,1), Follow(5,1,1), Follow(6,1,1), Follow(7,1,1), Follow(8,1,1), Follow(9,1,1), Follow(10,1,1), Follow(11,1,1), Follow(12,1,1), Follow(13,1,1), Follow(14,1,1), Follow(15,1,1), Follow(16,1,1), Follow(17,1,1), Follow(18,1,1), Follow(19,1,1), Follow(20,1,1), Follow(21,1,1), Follow(22,1,1), Follow(23,1,1), Follow(24,1,1), Follow(25,1,1), Follow(26,1,1), Follow(27,1,1), Follow(28,1,1), Follow(29,1,1), Follow(30,1,1), Follow(31,1,1), Follow(32,1,1), Follow(33,1,1), Follow(34,1,1), Follow(35,1,1), Follow(36,1,1), Follow(37,1,1), Follow(38,1,1), Follow(39,1,1), Follow(40,1,1), Follow(41,1,1), Follow(42,1,1), Follow(43,1,1), Follow(44,1,1), Follow(45,1,1), Follow(46,1,1), Follow(47,1,1), Follow(1,1,1), Follow(2,1,1), Follow(3,1,1), Follow(4,1,1), Follow(5,1,1), Follow(6,1,1), Follow(7,1,1), Follow(8,1,1), Follow(9,1,1), Follow(10,1,1), Follow(11,1,1), Follow(12,1,1), Follow(13,1,1), Follow(14,1,1), Follow(15,1,1), Follow(16,1,1), Follow(17,1,1), Follow(18,1,1), Follow(19,1,1), Follow(20,1,1), Follow(21,1,1), Follow(22,1,1), Follow(23,1,1), Follow(24,1,1), Follow(25,1,1), Follow(26,1,1), Follow(27,1,1), Follow(28,1,1), Follow(29,1,1), Follow(30,1,1), Follow(31,1,1), Follow(32,1,1), Follow(33,1,1), Follow(34,1,1), Follow(35,1,1), Follow(36,1,1), Follow(37,1,1), Follow(38,1,1), Follow(39,1,1), Follow(40,1,1), Follow(41,1,1), Follow(42,1,1), Follow(43,1,1), Follow(44,1,1), Follow(45,1,1), Follow(46,1,1), Follow(47,1,1), Follow(48,1,1), Follow(1,1,1), Follow(2,1,1), Follow(3,1,1), Follow(4,1,1), Follow(5,1,1), Follow(6,1,1), Follow(7,1,1), Follow(8,1,1), Follow(9,1,1), Follow(10,1,1), Follow(11,1,1), Follow(12,1,1), Follow(13,1,1), Follow(14,1,1), Follow(15,1,1), Follow(16,1,1), Follow(17,1,1), Follow(18,1,1), Follow(19,1,1), Follow(20,1,1), Follow(21,1,1), Follow(22,1,1), Follow(23,1,1), Follow(24,1,1), Follow(25,1,1), Follow(26,1,1), Follow(27,1,1), Follow(28,1,1), Follow(29,1,1), Follow(30,1,1), Follow(31,1,1), Follow(32,1,1), Follow(33,1,1), Follow(34,1,1), Follow(35,1,1), Follow(36,1,1), Follow(37,1,1), Follow(38,1,1), Follow(39,1,1), Follow(40,1,1), Follow(41,1,1), Follow(42,1,1), Follow(43,1,1), Follow(44,1,1), Follow(45,1,1), Follow(46,1,1), Follow(47,1,1), Follow(48,1,1), Follow(49,1,1), Follow(1,1,1), Follow(2,1,1), Follow(3,1,1), Follow(4,1,1), Follow(5,1,1), Follow(6,1,1), Follow(7,1,1), Follow(8,1,1), Follow(9,1,1), Follow(10,1,1), Follow(11,1,1), Follow(12,1,1), Follow(13,1,1), Follow(14,1,1), Follow(15,1,1), Follow(16,1,1), Follow(17,1,1), Follow(18,1,1), Follow(19,1,1), Follow(20,1,1), Follow(21,1,1), Follow(22,1,1), Follow(23,1,1), Follow(24,1,1), Follow(25,1,1), Follow(26,1,1), Follow(27,1,1), Follow(28,1,1), Follow(29,1,1), Follow(30,1,1), Follow(31,1,1), Follow(32,1,1), Follow(33,1,1), Follow(34,1,1), Follow(35,1,1), Follow(36,1,1), Follow(37,1,1), Follow(38,1,1), Follow(39,1,1), Follow(40,1,1), Follow(41,1,1), Follow(42,1,1), Follow(43,1,1), Follow(44,1,1), Follow(45,1,1), Follow(46,1,1), Follow(47,1,1), Follow(48,1,1), Follow(49,1,1), Follow(50,1,1), Follow(1,1,1), Follow(2,1,1), Follow(3,1,1), Follow(4,1,1), Follow(5,1,1), Follow(6,1,1), Follow(7,1,1), Follow(8,1,1), Follow(9,1,1), Follow(10,1,1), Follow(11,1,1), Follow(12,1,1), Follow(13,1,1), Follow(14,1,1), Follow(15,1,1), Follow(16,1,1), Follow(17,1,1), Follow(18,1,1), Follow(19,1,1), Follow(20,1,1), Follow(21,1,1), Follow(22,1,1), Follow(23,1,1), Follow(24,1,1), Follow(25,1,1), Follow(26,1,1), Follow(27,1,1), Follow(28,1,1), Follow(29,1,1), Follow(30,1,1), Follow(31,1,1), Follow(32,1,1), Follow(33,1,1), Follow(34,1,1), Follow(35,1,1), Follow(36,1,1), Follow(37,1,1), Follow(38,1,1), Follow(39,1,1), Follow(40,1,1), Follow(41,1,1), Follow(42,1,1), Follow(43,1,1), Follow(44,1,1), Follow(45,1,1), Follow(46,1,1), Follow(47,1,1), Follow(48,1,1), Follow(49,1,1), Follow(50,1,1), Follow(51,1,1), Follow(1,1,1), Follow(2,1,1), Follow(3,1,1), Follow(4,1,1), Follow(5,1,1), Follow(6,1,1), Follow(7,1,1), Follow(8,1,1), Follow(9,1,1), Follow(10,1,1), Follow(11,1,1), Follow(12,1,1), Follow(13,1,1), Follow(14,1,1), Follow(15,1,1), Follow(16,1,1), Follow(17,1,1), Follow(18,1,1), Follow(19,1,1), Follow(20,1,1), Follow(21,1,1), Follow(22,1,1), Follow(23,1,1), Follow(24,1,1), Follow(25,1,1), Follow(26,1,1), Follow(27,1,1), Follow(28,1,1), Follow(29,1,1), Follow(30,1,1), Follow(31,1,1), Follow(32,1,1), Follow(33,1,1), Follow(34,1,1), Follow(35,1,1), Follow(36,1,1), Follow(37,1,1), Follow(38,1,1), Follow(39,1,1), Follow(40,1,1), Follow(41,1,1), Follow(42,1,1), Follow(43,1,1), Follow(44,1,1), Follow(45,1,1), Follow(46,1,1), Follow(47,1,1), Follow(48,1,1), Follow(49,1,1), Follow(50,1,1), Follow(51,1,1), Follow(52,1,1), Follow(1,1,1), Follow(2,1,1), Follow(3,1,1), Follow(4,1,1), Follow(5,1,1), Follow(6,1,1), Follow(7,1,1), Follow(8,1,1), Follow(9,1,1), Follow(10,1,1), Follow(11,1,1), Follow(12,1,1), Follow(13,1,1), Follow(14,1,1), Follow(15,1,1), Follow(16,1,1), Follow(17,1,1), Follow(18,1,1), Follow(19,1,1), Follow(20,1,1), Follow(21,1,1), Follow(22,1,1), Follow(23,1,1), Follow(24,1,1), Follow(25,1,1), Follow(26,1,1), Follow(27,1,1), Follow(28,1,1), Follow(29,1,1), Follow(30,1,1), Follow(31,1,1), Follow(32,1,1), Follow(33,1,1), Follow(34,1,1), Follow(35,1,1), Follow(36,1,1), Follow(37,1,1), Follow(38,1,1), Follow(39,1,1), Follow(40,1,1), Follow(41,1,1), Follow(42,1,1), Follow(43,1,1), Follow(44,1,1), Follow(45,1,1), Follow(46,1,1), Follow(47,1,1), Follow(48,1,1), Follow(49,1,1), Follow(50,1,1), Follow(51,1,1), Follow(52,1,1), Follow(53,1,1), Follow(1,1,1), Follow(2,1,1), Follow(3,1,1), Follow(4,1,1), Follow(5,1,1), Follow(6,1,1), Follow(7,1,1), Follow(8,1,1), Follow(9,1,1), Follow(10,1,1), Follow(11,1,1), Follow(12,1,1), Follow(13,1,1), Follow(14,1,1), Follow(15,1,1), Follow(16,1,1), Follow(17,1,1), Follow(18,1,1), Follow(19,1,1), Follow(20,1,1), Follow(21,1,1), Follow(22,1,1), Follow(23,1,1), Follow(24,1,1), Follow(25,1,1), Follow(26,1,1), Follow(27,1,1), Follow(28,1,1), Follow(29,1,1), Follow(30,1,1), Follow(31,1,1), Follow(32,1,1), Follow(33,1,1), Follow(34,1,1), Follow(35,1,1), Follow(36,1,1), Follow(37,1,1), Follow(38,1,1), Follow(39,1,1), Follow(40,1,1), Follow(41,1,1), Follow(42,1,1), Follow(43,1,1), Follow(44,1,1), Follow(45,1,1), Follow(46,1,1), Follow(47,1,1), Follow(48,1,1), Follow(49,1,1), Follow(50,1,1), Follow(51,1,1), Follow(52,1,1), Follow(53,1,1), Follow(54,1,1), Follow(1,1,1), Follow(2,1,1), Follow(3,1,1), Follow(4,1,1), Follow(5,1,1), Follow(6,1,1), Follow(7,1,1), Follow(8,1,1), Follow(9,1,1), Follow(10,1,1), Follow(11,1,1), Follow(12,1,1), Follow(13,1,1), Follow(14,1,1), Follow(15,1,1), Follow(16,1,1), Follow(17,1,1), Follow(18,1,1), Follow(19,1,1), Follow(20,1,1), Follow(21,1,1), Follow(22,1,1), Follow(23,1,1), Follow(24,1,1), Follow(25,1,1), Follow(26,1,1), Follow(27,1,1), Follow(28,1,1), Follow(29,1,1), Follow(30,1,1), Follow(31,1,1), Follow(32,1,1), Follow(33,1,1), Follow(34,1,1), Follow(35,1,1), Follow(36,1,1), Follow(37,1,1), Follow(38,1,1), Follow(39,1,1), Follow(40,1,1), Follow(41,1,1), Follow(42,1,1), Follow(43,1,1), Follow(44,1,1), Follow(45,1,1), Follow(46,1,1), Follow(47,1,1), Follow(48,1,1), Follow(49,1,1), Follow(50,1,1), Follow(51,1,1), Follow(52,1,1), Follow(53,1,1), Follow(54,1,1), Follow(55,1,1), Follow(1,1,1), Follow(2,1,1), Follow(3,1,1), Follow(4,1,1), Follow(5,1,1), Follow(6,1,1), Follow(7,1,1), Follow(8,1,1), Follow(9,1,1), Follow(10,1,1), Follow(11,1,1), Follow(12,1,1), Follow(13,1,1), Follow(14,1,1), Follow(15,1,1), Follow(16,1,1), Follow(17,1,1), Follow(18,1,1), Follow(19,1,1), Follow(20,1,1), Follow(21,1,1), Follow(22,1,1), Follow(23,1,1), Follow(24,1,1), Follow(25,1,1), Follow(26,1,1), Follow(27,1,1), Follow(28,1,1), Follow(29,1,1), Follow(30,1,1), Follow(31,1,1), Follow(32,1,1), Follow(33,1,1), Follow(34,1,1), Follow(35,1,1), Follow(36,1,1), Follow(37,1,1), Follow(38,1,1), Follow(39,1,1), Follow(40,1,1), Follow(41,1,1), Follow(42,1,1), Follow(43,1,1), Follow(44,1,1), Follow(45,1,1), Follow(46,1,1), Follow(47,1,1), Follow(48,1,1), Follow(49,1,1), Follow(50,1,1), Follow(51,1,1), Follow(52,1,1), Follow(53,1,1), Follow(54,1,1), Follow(55,1,1), Follow(56,1,1), Follow(1,1,1), Follow(2,1,1), Follow(3,1,1), Follow(4,1,1), Follow(5,1,1), Follow(6,1,1), Follow(7,1,1), Follow(8,1,1), Follow(9,1,1), Follow(10,1,1), Follow(11,1,1), Follow(12,1,1), Follow(13,1,1), Follow(14,1,1), Follow(15,1,1), Follow(16,1,1), Follow(17,1,1), Follow(18,1,1), Follow(19,1,1), Follow(20,1,1), Follow(21,1,1), Follow(22,1,1), Follow(23,1,1), Follow(24,1,1), Follow(25,1,1), Follow(26,1,1), Follow(27,1,1), Follow(28,1,1), Follow(29,1,1), Follow(30,1,1), Follow(31,1,1), Follow(32,1,1), Follow(33,1,1), Follow(34,1,1), Follow(35,1,1), Follow(36,1,1), Follow(37,1,1), Follow(38,1,1), Follow(39,1,1), Follow(40,1,1), Follow(41,1,1), Follow(42,1,1), Follow(43,1,1), Follow(44,1,1), Follow(45,1,1), Follow(46,1,1), Follow(47,1,1), Follow(48,1,1), Follow(49,1,1), Follow(50,1,1), Follow(51,1,1), Follow(52,1,1), Follow(53,1,1), Follow(54,1,1), Follow(55,1,1), Follow(56,1,1), Follow(57,1,1), Follow(1,1,1), Follow(2,1,1), Follow(3,1,1), Follow(4,1,1), Follow(5,1,1), Follow(6,1,1), Follow(7,1,1), Follow(8,1,1), Follow(9,1,1), Follow(10,1,1), Follow(11,1,1), Follow(12,1,1), Follow(13,1,1), Follow(14,1,1), Follow(15,1,1), Follow(16,1,1), Follow(17,1,1), Follow(18,1,1), Follow(19,1,1), Follow(20,1,1), Follow(21,1,1), Follow(22,1,1), Follow(23,1,1), Follow(24,1,1), Follow(25,1,1), Follow(26,1,1), Follow(27,1,1), Follow(28,1,1), Follow(29,1,1), Follow(30,1,1), Follow(31,1,1), Follow(32,1,1), Follow(33,1,1), Follow(34,1,1), Follow(35,1,1), Follow(36,1,1), Follow(37,1,1), Follow(38,1,1), Follow(39,1,1), Follow(40,1,1), Follow(41,1,1), Follow(42,1,1), Follow(43,1,1), Follow(44,1,1), Follow(45,1,1), Follow(46,1,1), Follow(47,1,1), Follow(48,1,1), Follow(49,1,1), Follow(50,1,1), Follow(51,1,1), Follow(52,1,1), Follow(53,1,1), Follow(54,1,1), Follow(55,1,1), Follow(56,1,1), Follow(57,1,1), Follow(58,1,1), Follow(1,1,1), Follow(2,1,1), Follow(3,1,1), Follow(4,1,1), Follow(5,1,1), Follow(6,1,1), Follow(7,1,1), Follow(8,1,1), Follow(9,1,1), Follow(10,1,1), Follow(11,1,1), Follow(12,1,1), Follow(13,1,1), Follow(14,1,1), Follow(15,1,1), Follow(16,1,1), Follow(17,1,1), Follow(18,1,1), Follow(19,1,1), Follow(20,1,1), Follow(21,1,1), Follow(22,1,1), Follow(23,1,1), Follow(24,1,1), Follow(25,1,1), Follow(26,1,1), Follow(27,1,1), Follow(28,1,1), Follow(29,1,1), Follow(30,1,1), Follow(31,1,1), Follow(32,1,1), Follow(33,1,1), Follow(34,1,1), Follow(35,1,1), Follow(36,1,1), Follow(37,1,1), Follow(38,1,1), Follow(39,1,1), Follow(40,1,1), Follow(41,1,1), Follow(42,1,1), Follow(43,1,1), Follow(44,1,1), Follow(45,1,1), Follow(46,1,1), Follow(47,1,1), Follow(48,1,1), Follow(49,1,1), Follow(50,1,1), Follow(51,1,1), Follow(52,1,1), Follow(53,1,1), Follow(54,1,1), Follow(55,1,1), Follow(56,1,1), Follow(57,1,1), Follow(58,1,1), Follow(59,1,1), Follow(1,1,1), Follow(2,1,1), Follow(3,1,1), Follow(4,1,1), Follow(5,1,1), Follow(6,1,1), Follow(7,1,1), Follow(8,1,1), Follow(9,1,1), Follow(10,1,1), Follow(11,1,1), Follow(12,1,1), Follow(13,1,1), Follow(14,1,1), Follow(15,1,1), Follow(16,1,1), Follow(17,1,1), Follow(18,1,1), Follow(19,1,1), Follow(20,1,1), Follow(21,1,1), Follow(22,1,1), Follow(23,1,1), Follow(24,1,1), Follow(25,1,1), Follow(26,1,1), Follow(27,1,1), Follow(28,1,1), Follow(29,1,1), Follow(30,1,1), Follow(31,1,1), Follow(32,1,1), Follow(33,1,1), Follow(34,1,1), Follow(35,1,1), Follow(36,1,1), Follow(37,1,1), Follow(38,1,1), Follow(39,1,1), Follow(40,1,1), Follow(41,1,1), Follow(42,1,1), Follow(43,1,1), Follow(44,1,1), Follow(45,1,1), Follow(46,1,1), Follow(47,1,1), Follow(48,1,1), Follow(49,1,1), Follow(50,1,1), Follow(51,1,1), Follow(52,1,1), Follow(53,1,1), Follow(54,1,1), Follow(55,1,1), Follow(56,1,1), Follow(57,1,1), Follow(58,1,1), Follow(59,1,1), Follow(60,1,1), Follow(1,1,1), Follow(2,1,1), Follow(3,1,1), Follow(4,1,1), Follow(5,1,1), Follow(6,1,1), Follow(7,1,1), Follow(8,1,1), Follow(9,1,1), Follow(10,1,1), Follow(11,1,1), Follow(12,1,1), Follow(13,1,1), Follow(14,1,1), Follow(15,1,1), Follow(16,1,1), Follow(17,1,1), Follow(18,1,1), Follow(19,1,1), Follow(20,1,1), Follow(21,1,1), Follow(22,1,1), Follow(23,1,1), Follow(24,1,1), Follow(25,1,1), Follow(26,1,1), Follow(27,1,1), Follow(28,1,1), Follow(29,1,1), Follow(30,1,1), Follow(31,1,1), Follow(32,1,1), Follow(33,1,1), Follow(34,1,1), Follow(35,1,1), Follow(36,1,1), Follow(37,1,1), Follow(38,1,1), Follow(39,1,1), Follow(40,1,1), Follow(41,1,1), Follow(42,1,1), Follow(43,1,1), Follow(44,1,1), Follow(45,1,1), Follow(46,1,1), Follow(47,1,1), Follow(48,1,1), Follow(49,1,1), Follow(50,1,1), Follow(51,1,1), Follow(52,1,1), Follow(53,1,1), Follow(54,1,1), Follow(55,1,1), Follow(56,1,1), Follow(57,1,1), Follow(58,1,1), Follow(59,1,1), Follow(60,1,1), Follow(61,1,1), Follow(1,1,1), Follow(2,1,1), Follow(3,1,1), Follow(4,1,1), Follow(5,1,1), Follow(6,1,1), Follow(7,1,1), Follow(8,1,1), Follow(9,1,1), Follow(10,1,1), Follow(11,1,1), Follow(12,1,1), Follow(13,1,1), Follow(14,1,1), Follow(15,1,1), Follow(16,1,1), Follow(17,1,1), Follow(18,1,1), Follow(19,1,1), Follow(20,1,1), Follow(21,1,1), Follow(22,1,1), Follow(23,1,1), Follow(24,1,1), Follow(25,1,1), Follow(26,1,1), Follow(27,1,1), Follow(28,1,1), Follow(29,1,1), Follow(30,1,1), Follow(31,1,1), Follow(32,1,1), Follow(33,1,1), Follow(34,1,1), Follow(35,1,1), Follow(36,1,1), Follow(37,1,1), Follow(38,1,1), Follow(39,1,1), Follow(40,1,1), Follow(41,1,1), Follow(42,1,1), Follow(43,1,1), Follow(44,1,1), Follow(45,1,1), Follow(46,1,1), Follow(47,1,1), Follow(48,1,1), Follow(49,1,1), Follow(50,1,1), Follow(51,1,1), Follow(52,1,1), Follow(53,1,1), Follow(54,1,1), Follow(55,1,1), Follow(56,1,1), Follow(57,1,1), Follow(58,1,1), Follow(59,1,1), Follow(60,1,1), Follow(61,1,1), Follow(62,1,1), Follow(1,1,1), Follow(2,1,1), Follow(3,1,1), Follow(4,1,1), Follow(5,1,1), Follow(6,1,1), Follow(7,1,1), Follow(8,1,1), Follow(9,1,1), Follow(10,1,1), Follow(11,1,1), Follow(12,1,1), Follow(13,1,1), Follow(14,1,1), Follow(15,1,1), Follow(16,1,1), Follow(17,1,1), Follow(18,1,1), Follow(19,1,1), Follow(20,1,1), Follow(21,1,1), Follow(22,1,1), Follow(23,1,1), Follow(24,1,1), Follow(25,1,1), Follow(26,1,1), Follow(27,1,1), Follow(28,1,1), Follow(29,1,1), Follow(30,1,1), Follow(31,1,1), Follow(32,1,1), Follow(33,1,1), Follow(34,1,1), Follow(35,1,1), Follow(36,1,1), Follow(37,1,1), Follow(38,1,1), Follow(39,1,1), Follow(40,1,1), Follow(41,1,1), Follow(42,1,1), Follow(43,1,1), Follow(44,1,1), Follow(45,1,1), Follow(46,1,1), Follow(47,1,1), Follow(48,1,1), Follow(49,1,1), Follow(50,1,1), Follow(51,1,1), Follow(52,1,1), Follow(53,1,1), Follow(54,1,1), Follow(55,1,1), Follow(56,1,1), Follow(57,1,1), Follow(58,1,1), Follow(59,1,1), Follow(60,1,1), Follow(61,1,1), Follow(62,1,1), Follow(63,1,1), Follow(1,1,1), Follow(2,1,1), Follow(3,1,1), Follow(4,1,1), Follow(5,1,1), Follow(6,1,1), Follow(7,1,1), Follow(8,1,1), Follow(9,1,1), Follow(10,1,1), Follow(11,1,1), Follow(12,1,1), Follow(13,1,1), Follow(14,1,1), Follow(15,1,1), Follow(16,1,1), Follow(17,1,1), Follow(18,1,1), Follow(19,1,1), Follow(20,1,1), Follow(21,1,1), Follow(22,1,1), Follow(23,1,1), Follow(24,1,1), Follow(25,1,1), Follow(26,1,1), Follow(27,1,1), Follow(28,1,1), Follow(29,1,1), Follow(30,1,1), Follow(31,1,1), Follow(32,1,1), Follow(33,1,1), Follow(34,1,1), Follow(35,1,1), Follow(36,1,1), Follow(37,1,1), Follow(38,1,1), Follow(39,1,1), Follow(40,1,1), Follow(41,1,1), Follow(42,1,1), Follow(43,1,1), Follow(44,1,1), Follow(45,1,1), Follow(46,1,1), Follow(47,1,1), Follow(48,1,1), Follow(49,1,1), Follow(50,1,1), Follow(51,1,1), Follow(52,1,1), Follow(53,1,1), Follow(54,1,1), Follow(55,1,1), Follow(56,1,1), Follow(57,1,1), Follow(58,1,1), Follow(59,1,1), Follow(60,1,1), Follow(61,1,1), Follow(62,1,1), Follow(63,1,1), Follow(64,1,1), Follow(1,1,1), Follow(2,1,1), Follow(3,1,1), Follow(4,1,1), Follow(5,1,1), Follow(6,1,1), Follow(7,1,1), Follow(8,1,1), Follow(9,1,1), Follow(10,1,1), Follow(11,1,1), Follow(12,1,1), Follow(13,1,1), Follow(14,1,1), Follow(15,1,1), Follow(16,1,1), Follow(17,1,1), Follow(18,1,1), Follow(19,1,1), Follow(20,1,1), Follow(21,1,1), Follow(22,1,1), Follow(23,1,1), Follow(24,1,1), Follow(25,1,1), Follow(26,1,1), Follow(27,1,1), Follow(28,1,1), Follow(29,1,1), Follow(30,1,1), Follow(31,1,1), Follow(32,1,1), Follow(33,1,1), Follow(34,1,1), Follow(35,1,1), Follow(36,1,1), Follow(37,1,1), Follow(38,1,1), Follow(39,1,1), Follow(40,1,1), Follow(41,1,1), Follow(42,1,1), Follow(43,1,1), Follow(44,1,1), Follow(45,1,1), Follow(46,1,1), Follow(47,1,1), Follow(48,1,1), Follow(49,1,1), Follow(50,1,1), Follow(51,1,1), Follow(52,1,1), Follow(53,1,1), Follow(54,1,1), Follow(55,1,1), Follow(56,1,1), Follow(57,1,1), Follow(58,1,1), Follow(59,1,1), Follow(60,1,1), Follow(61,1,1), Follow(62,1,1), Follow(63,1,1), Follow(64,1,1), Follow(65,1,1), Follow(1,1,1), Follow(2,1,1), Follow(3,1,1), Follow(4,1,1), Follow(5,1,1), Follow(6,1,1), Follow(7,1,1), Follow(8,1,1), Follow(9,1,1), Follow(10,1,1), Follow(11,1,1), Follow(12,1,1), Follow(13,1,1), Follow(14,1,1), Follow(15,1,1), Follow(16,1,1), Follow(17,1,1), Follow(18,1,1), Follow(19,1,1), Follow(20,1,1), Follow(21,1,1), Follow(22,1,1), Follow(23,1,1), Follow(24,1,1), Follow(25,1,1), Follow(26,1,1), Follow(27,1,1), Follow(28,1,1), Follow(29,1,1), Follow(30,1,1), Follow(31,1,1), Follow(32,1,1), Follow(33,1,1), Follow(34,1,1), Follow(35,1,1), Follow(36,1,1), Follow(37,1,1), Follow(38,1,1), Follow(39,1,1), Follow(40,1,1), Follow(41,1,1), Follow(42,1,1), Follow(43,1,1), Follow(44,1,1), Follow(45,1,1), Follow(46,1,1), Follow(47,1,1), Follow(48,1,1), Follow(49,1,1), Follow(50,1,1), Follow(51,1,1), Follow(52,1,1), Follow(53,1,1), Follow(54,1,1), Follow(55,1,1), Follow(56,1,1), Follow(57,1,1), Follow(58,1,1), Follow(59,1,1), Follow(60,1,1), Follow(61,1,1), Follow(62,1,1), Follow(63,1,1), Follow(64,1,1), Follow(65,1,1), Follow(66,1,1), Follow(1,1,1), Follow(2,1,1), Follow(3,1,1), Follow(4,1,1), Follow(5,1,1), Follow(6,1,1), Follow(7,1,1), Follow(8,1,1), Follow(9,1,1), Follow(10,1,1), Follow(11,1,1), Follow(12,1,1), Follow(13,1,1), Follow(14,1,1), Follow(15,1,1), Follow(16,1,1), Follow(17,1,1), Follow(18,1,1), Follow(19,1,1), Follow(20,1,1), Follow(21,1,1), Follow(22,1,1), Follow(23,1,1), Follow(24,1,1), Follow(25,1,1), Follow(26,1,1), Follow(27,1,1), Follow(28,1,1), Follow(29,1,1), Follow(30,1,1), Follow(31,1,1), Follow(32,1,1), Follow(33,1,1), Follow(34,1,1), Follow(35,1,1), Follow(36,1,1), Follow(37,1,1), Follow(38,1,1), Follow(39,1,1), Follow(40,1,1), Follow(41,1,1), Follow(42,1,1), Follow(43,1,1), Follow(44,1,1), Follow(45,1,1), Follow(46,1,1), Follow(47,1,1), Follow(48,1,1), Follow(49,1,1), Follow(50,1,1), Follow(51,1,1), Follow(52,1,1), Follow(53,1,1), Follow(54,1,1), Follow(55,1,1), Follow(56,1,1), Follow(57,1,1), Follow(58,1,1), Follow(59,1,1), Follow(60,1,1), Follow(61,1,1), Follow(62,1,1), Follow(63,1,1), Follow(64,1,1), Follow(65,1,1), Follow(66,1,1), Follow(67,1,1), Follow(1,1,1), Follow(2,1,1), Follow(3,1,1), Follow(4,1,1), Follow(5,1,1), Follow(6,1,1), Follow(7,1,1), Follow(8,1,1), Follow(9,1,1), Follow(10,1,1), Follow(11,1,1), Follow(12,1,1), Follow(13,1,1), Follow(14,1,1), Follow(15,1,1), Follow(16,1,1), Follow(17,1,1), Follow(18,1,1), Follow(19,1,1), Follow(20,1,1), Follow(21,1,1), Follow(22,1,1), Follow(23,1,1), Follow(24,1,1), Follow(25,1,1), Follow(26,1,1), Follow(27,1,1), Follow(28,1,1), Follow(29,1,1), Follow(30,1,1), Follow(31,1,1), Follow(32,1,1), Follow(33,1,1), Follow(34,1,1), Follow(35,1,1), Follow(36,1,1), Follow(37,1,1), Follow(38,1,1), Follow(39,1,1), Follow(40,1,1), Follow(41,1,1), Follow(42,1,1), Follow(43,1,1), Follow(44,1,1), Follow(45,1,1), Follow(46,1,1), Follow(47,1,1), Follow(48,1,1), Follow(49,1,1), Follow(50,1,1), Follow(51,1,1), Follow(52,1,1), Follow(53,1,1), Follow(54,1,1), Follow(55,1,1), Follow(56,1,1), Follow(57,1,1), Follow(58,1,1), Follow(59,1,1), Follow(60,1,1), Follow(61,1,1), Follow(62,1,1), Follow(63,1,1), Follow(64,1,1), Follow(65,1,1), Follow(66,1,1), Follow(67,1,1), Follow(68,1,1), Follow(1,1,1), Follow(2,1,1), Follow(3,1,1), Follow(4,1,1), Follow(5,1,1), Follow(6,1,1), Follow(7,1,1), Follow(8,1,1), Follow(9,1,1), Follow(10,1,1), Follow(11,1,1), Follow(12,1,1), Follow(13,1,1), Follow(14,1,1), Follow(15,1,1), Follow(16,1,1), Follow(17,1,1), Follow(18,1,1), Follow(19,1,1), Follow(20,1,1), Follow(21,1,1), Follow(22,1,1), Follow(23,1,1), Follow(24,1,1), Follow(25,1,1), Follow(26,1,1), Follow(27,1,1), Follow(28,1,1), Follow(29,1,1), Follow(30,1,1), Follow(31,1,1), Follow(32,1,1), Follow(33,1,1), Follow(34,1,1), Follow(35,1,1), Follow(36,1,1), Follow(37,1,1), Follow(38,1,1), Follow(39,1,1), Follow(40,1,1), Follow(41,1,1), Follow(42,1,1), Follow(43,1,1), Follow(44,1,1), Follow(45,1,1), Follow(46,1,1), Follow(47,1,1), Follow(48,1,1), Follow(49,1,1), Follow(50,1,1), Follow(51,1,1), Follow(52,1,1), Follow(53,1,1), Follow(54,1,1), Follow(55,1,1), Follow(56,1,1), Follow(57,1,1), Follow(58,1,1), Follow(59,1,1), Follow(60,1,1), Follow(61,1,1), Follow(62,1,1), Follow(63,1,1), Follow(64,1,1), Follow(65,1,1), Follow(66,1,1), Follow(67,1,1), Follow(68,1,1), Follow(69,1,1), Follow(1,1,1), Follow(2,1,1), Follow(3,1,1), Follow(4,1,1), Follow(5,1,1), Follow(6,1,1), Follow(7,1,1), Follow(8,1,1), Follow(9,1,1), Follow(10,1,1), Follow(11,1,1), Follow(12,1,1), Follow(13,1,1), Follow(14,1,1), Follow(15,1,1), Follow(16,1,1), Follow(17,1,1), Follow(18,1,1), Follow(19,1,1), Follow(20,1,1), Follow(21,1,1), Follow(22,1,1), Follow(23,1,1), Follow(24,1,1), Follow(25,1,1), Follow(26,1,1), Follow(27,1,1), Follow(28,1,1), Follow(29,1,1), Follow(30,1,1), Follow(31,1,1), Follow(32,1,1), Follow(33,1,1), Follow(34,1,1), Follow(35,1,1), Follow(36,1,1), Follow(37,1,1), Follow(38,1,1), Follow(39,1,1), Follow(40,1,1), Follow(41,1,1), Follow(42,1,1), Follow(43,1,1), Follow(44,1,1), Follow(45,1,1), Follow(46,1,1), Follow(47,1,1), Follow(48,1,1), Follow(49,1,1), Follow(50,1,1), Follow(51,1,1), Follow(52,1,1), Follow(53,1,1), Follow(54,1,1), Follow(55,1,1), Follow(56,1,1), Follow(57,1,1), Follow(58,1,1), Follow(59,1,1), Follow(60,1,1), Follow(61,1,1), Follow(62,1,1), Follow(63,1,1), Follow(64,1,1), Follow(65,1,1), Follow(66,1,1), Follow(67,1,1), Follow(68,1,1), Follow(69,1,1), Follow(70,1,1), Follow(1,1,1), Follow(2,1,1), Follow(3,1,1), Follow(4,1,1), Follow(5,1,1), Follow(6,1,1), Follow(7,1,1), Follow(8,1,1), Follow(9,1,1), Follow(10,1,1), Follow(11,1,1), Follow(12,1,1), Follow(13,1,1), Follow(14,1,1), Follow(15,1,1), Follow(16,1,1), Follow(17,1,1), Follow(18,1,1), Follow(19,1,1), Follow(20,1,1), Follow(21,1,1), Follow(22,1,1), Follow(23,1,1), Follow(24,1,1), Follow(25,1,1), Follow(26,1,1), Follow(27,1,1), Follow(28,1,1), Follow(29,1,1), Follow(30,1,1), Follow(31,1,1), Follow(32,1,1), Follow(33,1,1), Follow(34,1,1), Follow(35,1,1), Follow(36,1,1), Follow(37,1,1), Follow(38,1,1), Follow(39,1,1), Follow(40,1,1), Follow(41,1,1), Follow(42,1,1), Follow(43,1,1), Follow(44,1,1), Follow(45,1,1), Follow(46,1,1), Follow(47,1,1), Follow(48,1,1), Follow(49,1,1), Follow(50,1,1), Follow(51,1,1), Follow(52,1,1), Follow(53,1,1), Follow(54,1,1), Follow(55,1,1), Follow(56,1,1), Follow(57,1,1), Follow(58,1,1), Follow(59,1,1), Follow(60,1,1), Follow(61,1,1), Follow(62,1,1), Follow(63,1,1), Follow(64,1,1), Follow(65,1,1), Follow(66,1,1), Follow(67,1,1), Follow(68,1,1), Follow(69,1,1), Follow(70,1,1), Follow(71,1,1), Follow(1,1,1), Follow(2,1,1), Follow(3,1,1), Follow(4,1,1), Follow(5,1,1), Follow(6,1,1), Follow(7,1,1), Follow(8,1,1), Follow(9,1,1), Follow(10,1,1), Follow(11,1,1), Follow(12,1,1), Follow(13,1,1), Follow(14,1,1), Follow(15,1,1), Follow(16,1,1), Follow(17,1,1), Follow(18,1,1), Follow(19,1,1), Follow(20,1,1), Follow(21,1,1), Follow(22,1,1), Follow(23,1,1), Follow(24,1,1), Follow(25,1,1), Follow(26,1,1), Follow(27,1,1), Follow(28,1,1), Follow(29,1,1), Follow(30,1,1), Follow(31,1,1), Follow(32,1,1), Follow(33,1,1), Follow(34,1,1), Follow(35,1,1), Follow(36,1,1), Follow(37,1,1), Follow(38,1,1), Follow(39,1,1), Follow(40,1,1), Follow(41,1,1), Follow(42,1,1), Follow(43,1,1), Follow(44,1,1), Follow(45,1,1), Follow(46,1,1), Follow(47,1,1), Follow(48,1,1), Follow(49,1,1), Follow(50,1,1), Follow(51,1,1), Follow(52,1,1), Follow(53,1,1), Follow(54,1,1), Follow(55,1,1), Follow(56,1,1), Follow(57,1,1), Follow(58,1,1), Follow(59,1,1), Follow(60,1,1), Follow(61,1,1), Follow(62,1,1), Follow(63,1,1), Follow(64,1,1), Follow(65,1,1), Follow(66,1,1), Follow(67,1,1), Follow(68,1,1), Follow(69,1,1), Follow(70,1,1), Follow(71,1,1), Follow(72,1,1), Follow(1,1,1), Follow(2,1,1), Follow(3,1,1), Follow(4,1,1), Follow(5,1,1), Follow(6,1,1), Follow(7,1,1), Follow(8,1,1), Follow(9,1,1), Follow(10,1,1), Follow(11,1,1), Follow(12,1,1), Follow(13,1,1), Follow(14,1,1), Follow(15,1,1), Follow(16,1,1), Follow(17,1,1), Follow(18,1,1), Follow(19,1,1), Follow(20,1,1), Follow(21,1,1), Follow(22,1,1), Follow(23,1,1), Follow(24,1,1), Follow(25,1,1), Follow(26,1,1), Follow(27,1,1), Follow(28,1,1), Follow(29,1,1), Follow(30,1,1), Follow(31,1,1), Follow(32,1,1), Follow(33,1,1), Follow(34,1,1), Follow(35,1,1), Follow(36,1,1), Follow(37,1,1), Follow(38,1,1), Follow(39,1,1), Follow(40,1,1), Follow(41,1,1), Follow(42,1,1), Follow(43,1,1), Follow(44,1,1), Follow(45,1,1), Follow(46,1,1), Follow(47,1,1), Follow(48,1,1), Follow(49,1,1), Follow(50,1,1), Follow(51,1,1), Follow(52,1,1), Follow(53,1,1), Follow(54,1,1), Follow(55,1,1), Follow(56,1,1), Follow(57,1,1), Follow(58,1,1), Follow(59,1,1), Follow(60,1,1), Follow(61,1,1), Follow(62,1,1), Follow(63,1,1), Follow(64,1,1), Follow(65,1,1), Follow(66,1,1), Follow(67,1,1), Follow(68,1,1), Follow(69,1,1), Follow(70,1,1), Follow(71,1,1), Follow(72,1,1), Follow(73,1,1), Follow(1,1,1), Follow(2,1,1), Follow(3,1,1), Follow(4,1,1), Follow(5,1,1), Follow(6,1,1), Follow(7,1,1), Follow(8,1,1), Follow(9,1,1), Follow(10,1,1), Follow(11,1,1), Follow(12,1,1), Follow(13,1,1), Follow(14,1,1), Follow(15,1,1), Follow(16,1,1), Follow(17,1,1), Follow(18,1,1), Follow(19,1,1), Follow(20,1,1), Follow(21,1,1), Follow(22,1,1), Follow(23,1,1), Follow(24,1,1), Follow(25,1,1), Follow(26,1,1), Follow(27,1,1), Follow(28,1,1), Follow(29,1,1), Follow(30,1,1), Follow(31,1,1), Follow(32,1,1), Follow(33,1,1), Follow(34,1,1), Follow(35,1,1), Follow(36,1,1), Follow(37,1,1), Follow(38,1,1), Follow(39,1,1), Follow(40,1,1), Follow(41,1,1), Follow(42,1,1), Follow(43,1,1), Follow(44,1,1), Follow(45,1,1), Follow(46,1,1), Follow(47,1,1), Follow(48,1,1), Follow(49,1,1), Follow(50,1,1), Follow(51,1,1), Follow(52,1,1), Follow(53,1,1), Follow(54,1,1), Follow(55,1,1), Follow(56,1,1), Follow(57,1,1), Follow(58,1,1), Follow(59,1,1), Follow(60,1,1), Follow(61,1,1), Follow(62,1,1), Follow(63,1,1), Follow(64,1,1), Follow(65,1,1), Follow(66,1,1), Follow(67,1,1), Follow(68,1,1), Follow(69,1,1), Follow(70,1,1), Follow(71,1,1), Follow(72,1,1), Follow(73,1,1), Follow(74,1,1), Follow(1,1,1), Follow(2,1,1), Follow(3,1,1), Follow(4,1,1), Follow(5,1,1), Follow(6,1,1), Follow(7,1,1), Follow(8,1,1), Follow(9,1,1), Follow(10,1,1), Follow(11,1,1), Follow(12,1,1), Follow(13,1,1), Follow(14,1,1), Follow(15,1,1), Follow(16,1,1), Follow(17,1,1), Follow(18,1,1), Follow(19,1,1), Follow(20,1,1), Follow(21,1,1), Follow(22,1,1), Follow(23,1,1), Follow(24,1,1), Follow(25,1,1), Follow(26,1,1), Follow(27,1,1), Follow(28,1,1), Follow(29,1,1), Follow(30,1,1), Follow(31,1,1), Follow(32,1,1), Follow(33,1,1), Follow(34,1,1), Follow(35,1,1), Follow(36,1,1), Follow(37,1,1), Follow(38,1,1), Follow(39,1,1), Follow(40,1,1), Follow(41,1,1), Follow(42,1,1), Follow(43,1,1), Follow(44,1,1), Follow(45,1,1), Follow(46,1,1), Follow(47,1,1), Follow(48,1,1), Follow(49,1,1), Follow(50,1,1), Follow(51,1,1), Follow(52,1,1), Follow(53,1,1), Follow(54,1,1), Follow(55,1,1), Follow(56,1,1), Follow(57,1,1), Follow(58,1,1), Follow(59,1,1), Follow(60,1,1), Follow(61,1,1), Follow(62,1,1), Follow(63,1,1), Follow(64,1,1), Follow(65,1,1), Follow(66,1,1), Follow(67,1,1), Follow(68,1,1), Follow(69,1,1), Follow(70,1,1), Follow(71,1,1), Follow(72,1,1), Follow(73,1,1), Follow(74,1,1), Follow(75,1,1), Follow(1,1,1), Follow(2,1,1), Follow(3,1,1), Follow(4,1,1), Follow(5,1,1), Follow(6,1,1), Follow(7,1,1), Follow(8,1,1), Follow(9,1,1), Follow(10,1,1), Follow(11,1,1), Follow(12,1,1), Follow(13,1,1), Follow(14,1,1), Follow(15,1,1), Follow(16,1,1), Follow(17,1,1), Follow(18,1,1), Follow(19,1,1), Follow(20,1,1), Follow(21,1,1), Follow(22,1,1), Follow(23,1,1), Follow(24,1,1), Follow(25,1,1), Follow(26,1,1), Follow(27,1,1), Follow(28,1,1), Follow(29,1,1), Follow(30,1,1), Follow(31,1,1), Follow(32,1,1), Follow(33,1,1), Follow(34,1,1), Follow(35,1,1), Follow(36,1,1), Follow(37,1,1), Follow(38,1,1), Follow(39,1,1), Follow(40,1,1), Follow(41,1,1), Follow(42,1,1), Follow(43,1,1), Follow(44,1,1), Follow(45,1,1), Follow(46,1,1), Follow(47,1,1), Follow(48,1,1), Follow(49,1,1), Follow(50,1,1), Follow(51,1,1), Follow(52,1,1), Follow(53,1,1), Follow(54,1,1), Follow(55,1,1), Follow(56,1,1), Follow(57,1,1), Follow(58,1,1), Follow(59,1,1), Follow(60,1,1), Follow(61,1,1), Follow(62,1,1), Follow(63,1,1), Follow(64,1,1), Follow(65,1,1), Follow(66,1,1), Follow(67,1,1), Follow(68,1,1), Follow(69,1,1), Follow(70,1,1), Follow(71,1,1), Follow(72,1,1), Follow(73,1,1), Follow(74,1,1), Follow(75,1,1), Follow(76,1,1), Follow(1,1,1), Follow(2,1,1), Follow(3,1,1), Follow(4,1,1), Follow(5,1,1), Follow(6,1,1), Follow(7,1,1), Follow(8,1,1), Follow(9,1,1), Follow(10,1,1), Follow(11,1,1), Follow(12,1,1), Follow(13,1,1), Follow(14,1,1), Follow(15,1,1), Follow(16,1,1), Follow(17,1,1), Follow(18,1,1), Follow(19,1,1), Follow(20,1,1), Follow(21,1,1), Follow(22,1,1), Follow(23,1,1), Follow(24,1,1), Follow(25,1,1), Follow(26,1,1), Follow(27,1,1), Follow(28,1,1), Follow(29,1,1), Follow(30,1,1), Follow(31,1,1), Follow(32,1,1), Follow(33,1,1), Follow(34,1,1), Follow(35,1,1), Follow(36,1,1), Follow(37,1,1), Follow(38,1,1), Follow(39,1,1), Follow(40,1,1), Follow(41,1,1), Follow(42,1,1), Follow(43,1,1), Follow(44,1,1), Follow(45,1,1), Follow(46,1,1), Follow(47,1,1), Follow(48,1,1), Follow(49,1,1), Follow(50,1,1), Follow(51,1,1), Follow(52,1,1), Follow(53,1,1), Follow(54,1,1), Follow(55,1,1), Follow(56,1,1), Follow(57,1,1), Follow(58,1,1), Follow(59,1,1), Follow(60,1,1), Follow(61,1,1), Follow(62,1,1), Follow(63,1,1), Follow(64,1,1), Follow(65,1,1), Follow(66,1,1), Follow(67,1,1), Follow(68,1,1), Follow(69,1,1), Follow(70,1,1), Follow(71,1,1), Follow(72,1,1), Follow(73,1,1), Follow(74,1,1), Follow(75,1,1), Follow(76,1,1), Follow(77,1,1), Follow(1,1,1), Follow(2,1,1), Follow(3,1,1), Follow(4,1,1), Follow(5,1,1), Follow(6,1,1), Follow(7,1,1), Follow(8,1,1), Follow(9,1,1), Follow(10,1,1), Follow(11,1,1), Follow(12,1,1), Follow(13,1,1), Follow(14,1,1), Follow(15,1,1), Follow(16,1,1), Follow(17,1,1), Follow(18,1,1), Follow(19,1,1), Follow(20,1,1), Follow(21,1,1), Follow(22,1,1), Follow(23,1,1), Follow(24,1,1), Follow(25,1,1), Follow(26,1,1), Follow(27,1,1), Follow(28,1,1), Follow(29,1,1), Follow(30,1,1), Follow(31,1,1), Follow(32,1,1), Follow(33,1,1), Follow(34,1,1), Follow(35,1,1), Follow(36,1,1), Follow(37,1,1), Follow(38,1,1), Follow(39,1,1), Follow(40,1,1), Follow(41,1,1), Follow(42,1,1), Follow(43,1,1), Follow(44,1,1), Follow(45,1,1), Follow(46,1,1), Follow(47,1,1), Follow(48,1,1), Follow(49,1,1), Follow(50,1,1), Follow(51,1,1), Follow(52,1,1), Follow(53,1,1), Follow(54,1,1), Follow(55,1,1), Follow(56,1,1), Follow(57,1,1), Follow(58,1,1), Follow(59,1,1), Follow(60,1,1), Follow(61,1,1), Follow(62,1,1), Follow(63,1,1), Follow(64,1,1), Follow(65,1,1), Follow(66,1,1), Follow(67,1,1), Follow(68,1,1), Follow(69,1,1), Follow(70,1,1), Follow(71,1,1), Follow(72,1,1), Follow(73,1,1), Follow(74,1,1), Follow(75,1,1), Follow(76,1,1), Follow(77,1,1), Follow(78,1,1), Follow(1,1,1), Follow(2,1,1), Follow(3,1,1), Follow(4,1,1), Follow(5,1,1), Follow(6,1,1), Follow(7,1,1), Follow(8,1,1), Follow(9,1,1), Follow(10,1,1), Follow(11,1,1), Follow(12,1,1), Follow(13,1,1), Follow(14,1,1), Follow(15,1,1), Follow(16,1,1), Follow(17,1,1), Follow(18,1,1), Follow(19,1,1), Follow(20,1,1), Follow(21,1,1), Follow(22,1,1), Follow(23,1,1), Follow(24,1,1), Follow(25,1,1), Follow(26,1,1), Follow(27,1,1), Follow(28,1,1), Follow(29,1,1), Follow(30,1,1), Follow(31,1,1), Follow(32,1,1), Follow(33,1,1), Follow(34,1,1), Follow(35,1,1), Follow(36,1,1), Follow(37,1,1), Follow(38,1,1), Follow(39,1,1), Follow(40,1,1), Follow(41,1,1), Follow(42,1,1), Follow(43,1,1), Follow(44,1,1), Follow(45,1,1), Follow(46,1,1), Follow(47,1,1), Follow(48,1,1), Follow(49,1,1), Follow(50,1,1), Follow(51,1,1), Follow(52,1,1), Follow(53,1,1), Follow(54,1,1), Follow(55,1,1), Follow(56,1,1), Follow(57,1,1), Follow(58,1,1), Follow(59,1,1), Follow(60,1,1), Follow(61,1,1), Follow(62,1,1), Follow(63,1,1), Follow(64,1,1), Follow(65,1,1), Follow(66,1,1), Follow(67,1,1), Follow(68,1,1), Follow(69,1,1), Follow(70,1,1), Follow(71,1,1), Follow(72,1,1), Follow(73,1,1), Follow(74,1,1), Follow(75,1,1), Follow(76,1,1), Follow(77,1,1), Follow(78,1,1), Follow(79,1,1), Follow(1,1,1), Follow(2,1,1), Follow(3,1,1), Follow(4,1,1), Follow(5,1,1), Follow(6,1,1), Follow(7,1,1), Follow(8,1,1), Follow(9,1,1), Follow(10,1,1), Follow(11,1,1), Follow(12,1,1), Follow(13,1,1), Follow(14,1,1), Follow(15,1,1), Follow(16,1,1), Follow(17,1,1), Follow(18,1,1), Follow(19,1,1), Follow(20,1,1), Follow(21,1,1), Follow(22,1,1), Follow(23,1,1), Follow(24,1,1), Follow(25,1,1), Follow(26,1,1), Follow(27,1,1), Follow(28,1,1), Follow(29,1,1), Follow(30,1,1), Follow(31,1,1), Follow(32,1,1), Follow(33,1,1), Follow(34,1,1), Follow(35,1,1), Follow(36,1,1), Follow(37,1,1), Follow(38,1,1), Follow(39,1,1), Follow(40,1,1), Follow(41,1,1), Follow(42,1,1), Follow(43,1,1), Follow(44,1,1), Follow(45,1,1), Follow(46,1,1), Follow(47,1,1), Follow(48,1,1), Follow(49,1,1), Follow(50,1,1), Follow(51,1,1), Follow(52,1,1), Follow(53,1,1), Follow(54,1,1), Follow(55,1,1), Follow(56,1,1), Follow(57,1,1), Follow(58,1,1), Follow(59,1,1), Follow(60,1,1), Follow(61,1,1), Follow(62,1,1), Follow(63,1,1), Follow(64,1,1), Follow(65,1,1), Follow(66,1,1), Follow(67,1,1), Follow(68,1,1), Follow(69,1,1), Follow(70,1,1), Follow(71,1,1), Follow(72,1,1), Follow(73,1,1), Follow(74,1,1), Follow(75,1,1), Follow(76,1,1), Follow(77,1,1), Follow(78,1,1), Follow(79,1,1), Follow(80,1,1), Follow(1,1,1), Follow(2,1,1), Follow(3,1,1), Follow(4,1,1), Follow(5,1,1), Follow(6,1,1), Follow(7,1,1), Follow(8,1,1), Follow(9,1,1), Follow(10,1,1), Follow(11,1,1), Follow(12,1,1), Follow(13,1,1), Follow(14,1,1), Follow(15,1,1), Follow(16,1,1), Follow(17,1,1), Follow(18,1,1), Follow(19,1,1), Follow(20,1,1), Follow(21,1,1), Follow(22,1,1), Follow(23,1,1), Follow(24,1,1), Follow(25,1,1), Follow(26,1,1), Follow(27,1,1), Follow(28,1,1), Follow(29,1,1), Follow(30,1,1), Follow(31,1,1), Follow(32,1,1), Follow(33,1,1), Follow(34,1,1), Follow(35,1,1), Follow(36,1,1), Follow(37,1,1), Follow(38,1,1), Follow(39,1,1), Follow(40,1,1), Follow(41,1,1), Follow(42,1,1), Follow(43,1,1), Follow(44,1,1), Follow(45,1,1), Follow(46,1,1), Follow(47,1,1), Follow(48,1,1), Follow(49,1,1), Follow(50,1,1), Follow(51,1,1), Follow(52,1,1), Follow(53,1,1), Follow(54,1,1), Follow(55,1,1), Follow(56,1,1), Follow(57,1,1), Follow(58,1,1), Follow(59,1,1), Follow(60,1,1), Follow(61,1,1), Follow(62,1,1), Follow(63,1,1), Follow(64,1,1), Follow(65,1,1), Follow(66,1,1), Follow(67,1,1), Follow(68,1,1), Follow(69,1,1), Follow(70,1,1), Follow(71,1,1), Follow(72,1,1), Follow(73,1,1), Follow(74,1,1), Follow(75,1,1), Follow(76,1,1), Follow(77,1,1), Follow(78,1,1), Follow(79,1,1), Follow(80,1,1), Follow(81,1,1), Follow(1,1,1), Follow(2,1,1), Follow(3,1,1), Follow(4,1,1), Follow(5,1,1), Follow(6,1,1), Follow(7,1,1), Follow(8,1,1), Follow(9,1,1), Follow(10,1,1), Follow(11,1,1), Follow(12,1,1), Follow(13,1,1), Follow(14,1,1), Follow(15,1,1), Follow(16,1,1), Follow(17,1,1), Follow(18,1,1), Follow(19,1,1), Follow(20,1,1), Follow(21,1,1), Follow(22,1,1), Follow(23,1,1), Follow(24,1,1), Follow(25,1,1), Follow(26,1,1), Follow(27,1,1), Follow(28,1,1), Follow(29,1,1), Follow(30,1,1), Follow(31,1,1), Follow(32,1,1), Follow(33,1,1), Follow(34,1,1), Follow(35,1,1), Follow(36,1,1), Follow(37,1,1), Follow(38,1,1), Follow(39,1,1), Follow(40,1,1), Follow(41,1,1), Follow(42,1,1), Follow(43,1,1), Follow(44,1,1), Follow(45,1,1), Follow(46,1,1), Follow(47,1,1), Follow(48,1,1), Follow(49,1,1), Follow(50,1,1), Follow(51,1,1), Follow(52,1,1), Follow(53,1,1), Follow(54,1,1), Follow(55,1,1), Follow(56,1,1), Follow(57,1,1), Follow(58,1,1), Follow(59,1,1), Follow(60,1,1), Follow(61,1,1), Follow(62,1,1), Follow(63,1,1), Follow(64,1,1), Follow(65,1,1), Follow(66,1,1), Follow(67,1,1), Follow(68,1,1), Follow(69,1,1), Follow(70,1,1), Follow(71,1,1), Follow(72,1,1), Follow(73,1,1), Follow(74,1,1), Follow(75,1,1), Follow(76,1,1), Follow(77,1,1), Follow(78,1,1), Follow(79,1,1), Follow(80,1,1), Follow(81,1,1), Follow(82,1,1), Follow(1,1,1), Follow(2,1,1), Follow(3,1,1), Follow(4,1,1), Follow(5,1,1), Follow(6,1,1), Follow(7,1,1), Follow(8,1,1), Follow(9,1,1), Follow(10,1,1), Follow(11,1,1), Follow(12,1,1), Follow(13,1,1), Follow(14,1,1), Follow(15,1,1), Follow(16,1,1), Follow(17,1,1), Follow(18,1,1), Follow(19,1,1), Follow(20,1,1), Follow(21,1,1), Follow(22,1,1), Follow(23,1,1), Follow(24,1,1), Follow(25,1,1), Follow(26,1,1), Follow(27,1,1), Follow(28,1,1), Follow(29,1,1), Follow(30,1,1), Follow(31,1,1), Follow(32,1,1), Follow(33,1,1), Follow(34,1,1), Follow(35,1,1), Follow(36,1,1), Follow(37,1,1), Follow(38,1,1), Follow(39,1,1), Follow(40,1,1), Follow(41,1,1), Follow(42,1,1), Follow(43,1,1), Follow(44,1,1), Follow(45,1,1), Follow(46,1,1), Follow(47,1,1), Follow(48,1,1), Follow(49,1,1), Follow(50,1,1), Follow(51,1,1), Follow(52,1,1), Follow(53,1,1), Follow(54,1,1), Follow(55,1,1), Follow(56,1,1), Follow(57,1,1), Follow(58,1,1), Follow(59,1,1), Follow(60,1,1), Follow(61,1,1), Follow(62,1,1), Follow(63,1,1), Follow(64,1,1), Follow(65,1,1), Follow(66,1,1), Follow(67,1,1), Follow(68,1,1), Follow(69,1,1), Follow(70,1,1), Follow(71,1,1), Follow(72,1,1), Follow(73,1,1), Follow(74,1,1), Follow(75,1,1), Follow(76,1,1), Follow(77,1,1), Follow(78,1,1), Follow(79,1,1), Follow(80,1,1), Follow(81,1,1), Follow(82,1,1), Follow(83,1,1), Follow(1,1,1), Follow(2,1,1), Follow(3,1,1), Follow(4,1,1), Follow(5,1,1), Follow(6,1,1), Follow(7,1,1), Follow(8,1,1), Follow(9,1,1), Follow(10,1,1), Follow(11,1,1), Follow(12,1,1), Follow(13,1,1), Follow(14,1,1), Follow(15,1,1), Follow(16,1,1), Follow(17,1,1), Follow(18,1,1), Follow(19,1,1), Follow(20,1,1), Follow(21,1,1), Follow(22,1,1), Follow(23,1,1), Follow(24,1,1), Follow(25,1,1), Follow(26,1,1), Follow(27,1,1), Follow(28,1,1), Follow(29,1,1), Follow(30,1,1), Follow(31,1,1), Follow(32,1,1), Follow(33,1,1), Follow(34,1,1), Follow(35,1,1), Follow(36,1,1), Follow(37,1,1), Follow(38,1,1), Follow(39,1,1), Follow(40,1,1), Follow(41,1,1), Follow(42,1,1), Follow(43,1,1), Follow(44,1,1), Follow(45,1,1), Follow(46,1,1), Follow(47,1,1), Follow(48,1,1), Follow(49,1,1), Follow(50,1,1), Follow(51,1,1), Follow(52,1,1), Follow(53,1,1), Follow(54,1,1), Follow(55,1,1), Follow(56,1,1), Follow(57,1,1), Follow(58,1,1), Follow(59,1,1), Follow(60,1,1), Follow(61,1,1), Follow(62,1,1), Follow(63,1,1), Follow(64,1,1), Follow(65,1,1), Follow(66,1,1), Follow(67,1,1), Follow(68,1,1), Follow(69,1,1), Follow(70,1,1), Follow(71,1,1), Follow(72,1,1), Follow(73,1,1), Follow(74,1,1), Follow(75,1,1), Follow(76,1,1), Follow(77,1,1), Follow(78,1,1), Follow(79,1,1), Follow(80,1,1), Follow(81,1,1), Follow(82,1,1), Follow(83,1,1), Follow(84,1,1), Follow(1,1,1), Follow(2,1,1), Follow(3,1,1), Follow(4,1,1), Follow(5,1,1), Follow(6,1,1), Follow(7,1,1), Follow(8,1,1), Follow(9,1,1), Follow(10,1,1), Follow(11,1,1), Follow(12,1,1), Follow(13,1,1), Follow(14,1,1), Follow(15,1,1), Follow(16,1,1), Follow(17,1,1), Follow(18,1,1), Follow(19,1,1), Follow(20,1,1), Follow(21,1,1), Follow(22,1,1), Follow(23,1,1), Follow(24,1,1), Follow(25,1,1), Follow(26,1,1), Follow(27,1,1), Follow(28,1,1), Follow(29,1,1), Follow(30,1,1), Follow(31,1,1), Follow(32,1,1), Follow(33,1,1), Follow(34,1,1), Follow(35,1,1), Follow(36,1,1), Follow(37,1,1), Follow(38,1,1), Follow(39,1,1), Follow(40,1,1), Follow(41,1,1), Follow(42,1,1), Follow(43,1,1), Follow(44,1,1), Follow(45,1,1), Follow(46,1,1), Follow(47,1,1), Follow(48,1,1), Follow(49,1,1), Follow(50,1,1), Follow(51,1,1), Follow(52,1,1), Follow(53,1,1), Follow(54,1,1), Follow(55,1,1), Follow(56,1,1), Follow(57,1,1), Follow(58,1,1), Follow(59,1,1), Follow(60,1,1), Follow(61,1,1), Follow(62,1,1), Follow(63,1,1), Follow(64,1,1), Follow(65,1,1), Follow(66,1,1), Follow(67,1,1), Follow(68,1,1), Follow(69,1,1), Follow(70,1,1), Follow(71,1,1), Follow(72,1,1), Follow(73,1,1), Follow(74,1,1), Follow(75,1,1), Follow(76,1,1), Follow(77,1,1), Follow(78,1,1), Follow(79,1,1), Follow(80,1,1), Follow(81,1,1), Follow(82,1,1), Follow(83,1,1), Follow(84,1,1), Follow(85,1,1), Follow(1,1,1), Follow(2,1,1), Follow(3,1,1), Follow(4,1,1), Follow(5,1,1), Follow(6,1,1), Follow(7,1,1), Follow(8,1,1), Follow(9,1,1), Follow(10,1,1), Follow(11,1,1), Follow(12,1,1), Follow(13,1,1), Follow(14,1,1), Follow(15,1,1), Follow(16,1,1), Follow(17,1,1), Follow(18,1,1), Follow(19,1,1), Follow(20,1,1), Follow(21,1,1), Follow(22,1,1), Follow(23,1,1), Follow(24,1,1), Follow(25,1,1), Follow(26,1,1), Follow(27,1,1), Follow(28,1,1), Follow(29,1,1), Follow(30,1,1), Follow(31,1,1), Follow(32,1,1), Follow(33,1,1), Follow(34,1,1), Follow(35,1,1), Follow(36,1,1), Follow(37,1,1), Follow(38,1,1), Follow(39,1,1), Follow(40,1,1), Follow(41,1,1), Follow(42,1,1), Follow(43,1,1), Follow(44,1,1), Follow(45,1,1), Follow(46,1,1), Follow(47,1,1), Follow(48,1,1), Follow(49,1,1), Follow(50,1,1), Follow(51,1,1), Follow(52,1,1), Follow(53,1,1), Follow(54,1,1), Follow(55,1,1), Follow(56,1,1), Follow(57,1,1), Follow(58,1,1), Follow(59,1,1), Follow(60,1,1), Follow(61,1,1), Follow(62,1,1), Follow(63,1,1), Follow(64,1,1), Follow(65,1,1), Follow(66,1,1), Follow(67,1,1), Follow(68,1,1), Follow(69,1,1), Follow(70,1,1), Follow(71,1,1), Follow(72,1,1), Follow(73,1,1), Follow(74,1,1), Follow(75,1,1), Follow(76,1,1), Follow(77,1,1), Follow(78,1,1), Follow(79,1,1), Follow(80,1,1), Follow(81,1,1), Follow(82,1,1), Follow(83,1,1), Follow(84,1,1), Follow(85,1,1), Follow(86,1,1), Follow(1,1,1), Follow(2,1,1), Follow(3,1,1), Follow(4,1,1), Follow(5,1,1), Follow(6,1,1), Follow(7,1,1), Follow(8,1,1), Follow(9,1,1), Follow(10,1,1), Follow(11,1,1), Follow(12,1,1), Follow(13,1,1), Follow(14,1,1), Follow(15,1,1), Follow(16,1,1), Follow(17,1,1), Follow(18,1,1), Follow(19,1,1), Follow(20,1,1), Follow(21,1,1), Follow(22,1,1), Follow(23,1,1), Follow(24,1,1), Follow(25,1,1), Follow(26,1,1), Follow(27,1,1), Follow(28,1,1), Follow(29,1,1), Follow(30,1,1), Follow(31,1,1), Follow(32,1,1), Follow(33,1,1), Follow(34,1,1), Follow(35,1,1), Follow(36,1,1), Follow(37,1,1), Follow(38,1,1), Follow(39,1,1), Follow(40,1,1), Follow(41,1,1), Follow(42,1,1), Follow(43,1,1), Follow(44,1,1), Follow(45,1,1), Follow(46,1,1), Follow(47,1,1), Follow(48,1,1), Follow(49,1,1), Follow(50,1,1), Follow(51,1,1), Follow(52,1,1), Follow(53,1,1), Follow(54,1,1), Follow(55,1,1), Follow(56,1,1), Follow(57,1,1), Follow(58,1,1), Follow(59,1,1), Follow(60,1,1), Follow(61,1,1), Follow(62,1,1), Follow(63,1,1), Follow(64,1,1), Follow(65,1,1), Follow(66,1,1), Follow(67,1,1), Follow(68,1,1), Follow(69,1,1), Follow(70,1,1), Follow(71,1,1), Follow(72,1,1), Follow(73,1,1), Follow(74,1,1), Follow(75,1,1), Follow(76,1,1), Follow(77,1,1), Follow(78,1,1), Follow(79,1,1), Follow(80,1,1), Follow(81,1,1), Follow(82,1,1), Follow(83,1,1), Follow(84,1,1), Follow(85,1,1), Follow(86,1,1), Follow(87,1,1), Follow(1,1,1), Follow(2,1,1), Follow(3,1,1), Follow(4,1,1), Follow(5,1,1), Follow(6,1,1), Follow(7,1,1), Follow(8,1,1), Follow(9,1,1), Follow(10,1,1), Follow(11,1,1), Follow(12,1,1), Follow(13,1,1), Follow(14,1,1), Follow(15,1,1), Follow(16,1,1), Follow(17,1,1), Follow(18,1,1), Follow(19,1,1), Follow(20,1,1), Follow(21,1,1), Follow(22,1,1), Follow(23,1,1), Follow(24,1,1), Follow(25,1,1), Follow(26,1,1), Follow(27,1,1), Follow(28,1,1), Follow(29,1,1), Follow(30,1,1), Follow(31,1,1), Follow(32,1,1), Follow(33,1,1), Follow(34,1,1), Follow(35,1,1), Follow(36,1,1), Follow(37,1,1), Follow(38,1,1), Follow(39,1,1), Follow(40,1,1), Follow(41,1,1), Follow(42,1,1), Follow(43,1,1), Follow(44,1,1), Follow(45,1,1), Follow(46,1,1), Follow(47,1,1), Follow(48,1,1), Follow(49,1,1), Follow(50,1,1), Follow(51,1,1), Follow(52,1,1), Follow(53,1,1), Follow(54,1,1), Follow(55,1,1), Follow(56,1,1), Follow(57,1,1), Follow(58,1,1), Follow(59,1,1), Follow(60,1,1), Follow(61,1,1), Follow(62,1,1), Follow(63,1,1), Follow(64,1,1), Follow(65,1,1), Follow(66,1,1), Follow(67,1,1), Follow(68,1,1), Follow(69,1,1), Follow(70,1,1), Follow(71,1,1), Follow(72,1,1), Follow(73,1,1), Follow(74,1,1), Follow(75,1,1), Follow(76,1,1), Follow(77,1,1), Follow(78,1,1), Follow(79,1,1), Follow(80,1,1), Follow(81,1,1), Follow(82,1,1), Follow(83,1,1), Follow(84,1,1), Follow(85,1,1), Follow(86,1,1), Follow(87,1,1), Follow(88,1,1), Follow(1,1,1), Follow(2,1,1), Follow(3,1,1), Follow(4,1,1), Follow(5,1,1), Follow(6,1,1), Follow(7,1,1), Follow(8,1,1), Follow(9,1,1), Follow(10,1,1), Follow(11,1,1), Follow(12,1,1), Follow(13,1,1), Follow(14,1,1), Follow(15,1,1), Follow(16,1,1), Follow(17,1,1), Follow(18,1,1), Follow(19,1,1), Follow(20,1,1), Follow(21,1,1), Follow(22,1,1), Follow(23,1,1), Follow(24,1,1), Follow(25,1,1), Follow(26,1,1), Follow(27,1,1), Follow(28,1,1), Follow(29,1,1), Follow(30,1,1), Follow(31,1,1), Follow(32,1,1), Follow(33,1,1), Follow(34,1,1), Follow(35,1,1), Follow(36,1,1), Follow(37,1,1), Follow(38,1,1), Follow(39,1,1), Follow(40,1,1), Follow(41,1,1), Follow(42,1,1), Follow(43,1,1), Follow(44,1,1), Follow(45,1,1), Follow(46,1,1), Follow(47,1,1), Follow(48,1,1), Follow(49,1,1), Follow(50,1,1), Follow(51,1,1), Follow(52,1,1), Follow(53,1,1), Follow(54,1,1), Follow(55,1,1), Follow(56,1,1), Follow(57,1,1), Follow(58,1,1), Follow(59,1,1), Follow(60,1,1), Follow(61,1,1), Follow(62,1,1), Follow(63,1,1), Follow(64,1,1), Follow(65,1,1), Follow(66,1,1), Follow(67,1,1), Follow(68,1,1), Follow(69,1,1), Follow(70,1,1), Follow(71,1,1), Follow(72,1,1), Follow(73,1,1), Follow(74,1,1), Follow(75,1,1), Follow(76,1,1), Follow(77,1,1), Follow(78,1,1), Follow(79,1,1), Follow(80,1,1), Follow(81,1,1), Follow(82,1,1), Follow(83,1,1), Follow(84,1,1), Follow(85,1,1), Follow(86,1,1), Follow(87,1,1), Follow(88,1,1), Follow(89,1,1), Follow(1,1,1), Follow(2,1,1), Follow(3,1,1), Follow(4,1,1), Follow(5,1,1), Follow(6,1,1), Follow(7,1,1), Follow(8,1,1), Follow(9,1,1), Follow(10,1,1), Follow(11,1,1), Follow(12,1,1), Follow(13,1,1), Follow(14,1,1), Follow(15,1,1), Follow(16,1,1), Follow(17,1,1), Follow(18,1,1), Follow(19,1,1), Follow(20,1,1), Follow(21,1,1), Follow(22,1,1), Follow(23,1,1), Follow(24,1,1), Follow(25,1,1), Follow(26,1,1), Follow(27,1,1), Follow(28,1,1), Follow(29,1,1), Follow(30,1,1), Follow(31,1,1), Follow(32,1,1), Follow(33,1,1), Follow(34,1,1), Follow(35,1,1), Follow(36,1,1), Follow(37,1,1), Follow(38,1,1), Follow(39,1,1), Follow(40,1,1), Follow(41,1,1), Follow(42,1,1), Follow(43,1,1), Follow(44,1,1), Follow(45,1,1), Follow(46,1,1), Follow(47,1,1), Follow(48,1,1), Follow(49,1,1), Follow(50,1,1), Follow(51,1,1), Follow(52,1,1), Follow(53,1,1), Follow(54,1,1), Follow(55,1,1), Follow(56,1,1), Follow(57,1,1), Follow(58,1,1), Follow(59,1,1), Follow(60,1,1), Follow(61,1,1), Follow(62,1,1), Follow(63,1,1), Follow(64,1,1), Follow(65,1,1), Follow(66,1,1), Follow(67,1,1), Follow(68,1,1), Follow(69,1,1), Follow(70,1,1), Follow(71,1,1), Follow(72,1,1), Follow(73,1,1), Follow(74,1,1), Follow(75,1,1), Follow(76,1,1), Follow(77,1,1), Follow(78,1,1), Follow(79,1,1), Follow(80,1,1), Follow(81,1,1), Follow(82,1,1), Follow(83,1,1), Follow(84,1,1), Follow(85,1,1), Follow(86,1,1), Follow(87,1,1), Follow(88,1,1), Follow(89,1,1), Follow(90,1,1), Follow(1,1,1), Follow(2,1,1), Follow(3,1,1), Follow(4,1,1), Follow(5,1,1), Follow(6,1,1), Follow(7,1,1), Follow(8,1,1), Follow(9,1,1), Follow(10,1,1), Follow(11,1,1), Follow(12,1,1), Follow(13,1,1), Follow(14,1,1), Follow(15,1,1), Follow(16,1,1), Follow(17,1,1), Follow(18,1,1), Follow(19,1,1), Follow(20,1,1), Follow(21,1,1), Follow(22,1,1), Follow(23,1,1), Follow(24,1,1), Follow(25,1,1), Follow(26,1,1), Follow(27,1,1), Follow(28,1,1), Follow(29,1,1), Follow(30,1,1), Follow(31,1,1), Follow(32,1,1), Follow(33,1,1), Follow(34,1,1), Follow(35,1,1), Follow(36,1,1), Follow(37,1,1), Follow(38,1,1), Follow(39,1,1), Follow(40,1,1), Follow(41,1,1), Follow(42,1,1), Follow(43,1,1), Follow(44,1,1), Follow(45,1,1), Follow(46,1,1), Follow(47,1,1), Follow(48,1,1), Follow(49,1,1), Follow(50,1,1), Follow(51,1,1), Follow(52,1,1), Follow(53,1,1), Follow(54,1,1), Follow(55,1,1), Follow(56,1,1), Follow(57,1,1), Follow(58,1,1), Follow(59,1,1), Follow(60,1,1), Follow(61,1,1), Follow(62,1,1), Follow(63,1,1), Follow(64,1,1), Follow(65,1,1), Follow(66,1,1), Follow(67,1,1), Follow(68,1,1), Follow(69,1,1), Follow(70,1,1), Follow(71,1,1), Follow(72,1,1), Follow(73,1,1), Follow(74,1,1), Follow(75,1,1), Follow(76,1,1), Follow(77,1,1), Follow(78,1,1), Follow(79,1,1), Follow(80,1,1), Follow(81,1,1), Follow(82,1,1), Follow(83,1,1), Follow(84,1,1), Follow(85,1,1), Follow(86,1,1), Follow(87,1,1), Follow(88,1,1), Follow(89,1,1), Follow(90,1,1), Follow(91,1,1), Follow(1,1,1), Follow(2,1,1), Follow(3,1,1), Follow(4,1,1), Follow(5,1,1), Follow(6,1,1), Follow(7,1,1), Follow(8,1,1), Follow(9,1,1), Follow(10,1,1), Follow(11,1,1), Follow(12,1,1), Follow(13,1,1), Follow(14,1,1), Follow(15,1,1), Follow(16,1,1), Follow(17,1,1), Follow(18,1,1), Follow(19,1,1), Follow(20,1,1), Follow(21,1,1), Follow(22,1,1), Follow(23,1,1), Follow(24,1,1), Follow(25,1,1), Follow(26,1,1), Follow(27,1,1), Follow(28,1,1), Follow(29,1,1), Follow(30,1,1), Follow(31,1,1), Follow(32,1,1), Follow(33,1,1), Follow(34,1,1), Follow(35,1,1), Follow(36,1,1), Follow(37,1,1), Follow(38,1,1), Follow(39,1,1), Follow(40,1,1), Follow(41,1,1), Follow(42,1,1), Follow(43,1,1), Follow(44,1,1), Follow(45,1,1), Follow(46,1,1), Follow(47,1,1), Follow(48,1,1), Follow(49,1,1), Follow(50,1,1), Follow(51,1,1), Follow(52,1,1), Follow(53,1,1), Follow(54,1,1), Follow(55,1,1), Follow(56,1,1), Follow(57,1,1), Follow(58,1,1), Follow(59,1,1), Follow(60,1,1), Follow(61,1,1), Follow(62,1,1), Follow(63,1,1), Follow(64,1,1), Follow(65,1,1), Follow(66,1,1), Follow(67,1,1), Follow(68,1,1), Follow(69,1,1), Follow(70,1,1), Follow(71,1,1), Follow(72,1,1), Follow(73,1,1), Follow(74,1,1), Follow(75,1,1), Follow(76,1,1), Follow(77,1,1), Follow(78,1,1), Follow(79,1,1), Follow(80,1,1), Follow(81,1,1), Follow(82,1,1), Follow(83,1,1), Follow(84,1,1), Follow(85,1,1), Follow(86,1,1), Follow(87,1,1), Follow(88,1,1), Follow(89,1,1), Follow(90,1,1), Follow(91,1,1), Follow(92,1,1), Follow(1,1,1), Follow(2,1,1), Follow(3,1,1), Follow(4,1,1), Follow(5,1,1), Follow(6,1,1), Follow(7,1,1), Follow(8,1,1), Follow(9,1,1), Follow(10,1,1), Follow(11,1,1), Follow(12,1,1), Follow(13,1,1), Follow(14,1,1), Follow(15,1,1), Follow(16,1,1), Follow(17,1,1), Follow(18,1,1), Follow(19,1,1), Follow(20,1,1), Follow(21,1,1), Follow(22,1,1), Follow(23,1,1), Follow(24,1,1), Follow(25,1,1), Follow(26,1,1), Follow(27,1,1), Follow(28,1,1), Follow(29,1,1), Follow(30,1,1), Follow(31,1,1), Follow(32,1,1), Follow(33,1,1), Follow(34,1,1), Follow(35,1,1), Follow(36,1,1), Follow(37,1,1), Follow(38,1,1), Follow(39,1,1), Follow(40,1,1), Follow(41,1,1), Follow(42,1,1), Follow(43,1,1), Follow(44,1,1), Follow(45,1,1), Follow(46,1,1), Follow(47,1,1), Follow(48,1,1), Follow(49,1,1), Follow(50,1,1), Follow(51,1,1), Follow(52,1,1), Follow(53,1,1), Follow(54,1,1), Follow(55,1,1), Follow(56,1,1), Follow(57,1,1), Follow(58,1,1), Follow(59,1,1), Follow(60,1,1), Follow(61,1,1), Follow(62,1,1), Follow(63,1,1), Follow(64,1,1), Follow(65,1,1), Follow(66,1,1), Follow(67,1,1), Follow(68,1,1), Follow(69,1,1), Follow(70,1,1), Follow(71,1,1), Follow(72,1,1), Follow(73,1,1), Follow(74,1,1), Follow(75,1,1), Follow(76,1,1), Follow(77,1,1), Follow(78,1,1), Follow(79,1,1), Follow(80,1,1), Follow(81,1,1), Follow(82,1,1), Follow(83,1,1), Follow(84,1,1), Follow(85,1,1), Follow(86,1,1), Follow(87,1,1), Follow(88,1,1), Follow(89,1,1), Follow(90,1,1), Follow(91,1,1), Follow(92,1,1), Follow(93,1,1), Follow(1,1,1), Follow(2,1,1), Follow(3,1,1), Follow(4,1,1), Follow(5,1,1), Follow(6,1,1), Follow(7,1,1), Follow(8,1,1), Follow(9,1,1), Follow(10,1,1), Follow(11,1,1), Follow(12,1,1), Follow(13,1,1), Follow(14,1,1), Follow(15,1,1), Follow(16,1,1), Follow(17,1,1), Follow(18,1,1), Follow(19,1,1), Follow(20,1,1), Follow(21,1,1), Follow(22,1,1), Follow(23,1,1), Follow(24,1,1), Follow(25,1,1), Follow(26,1,1), Follow(27,1,1), Follow(28,1,1), Follow(29,1,1), Follow(30,1,1), Follow(31,1,1), Follow(32,1,1), Follow(33,1,1), Follow(34,1,1), Follow(35,1,1), Follow(36,1,1), Follow(37,1,1), Follow(38,1,1), Follow(39,1,1), Follow(40,1,1), Follow(41,1,1), Follow(42,1,1), Follow(43,1,1), Follow(44,1,1), Follow(45,1,1), Follow(46,1,1), Follow(47,1,1), Follow(48,1,1), Follow(49,1,1), Follow(50,1,1), Follow(51,1,1), Follow(52,1,1), Follow(53,1,1), Follow(54,1,1), Follow(55,1,1), Follow(56,1,1), Follow(57,1,1), Follow(58,1,1), Follow(59,1,1), Follow(60,1,1), Follow(61,1,1), Follow(62,1,1), Follow(63,1,1), Follow(64,1,1), Follow(65,1,1), Follow(66,1,1), Follow(67,1,1), Follow(68,1,1), Follow(69,1,1), Follow(70,1,1), Follow(71,1,1), Follow(72,1,1), Follow(73,1,1), Follow(74,1,1), Follow(75,1,1), Follow(76,1,1), Follow(77,1,1), Follow(78,1,1), Follow(79,1,1), Follow(80,1,1), Follow(81,1,1), Follow(82,1,1), Follow(83,1,1), Follow(84,1,1), Follow(85,1,1), Follow(86,1,1), Follow(87,1,1), Follow(88,1,1), Follow(89,1,1), Follow(90,1,1), Follow(91,1,1), Follow(92,1,1), Follow(93,1,1), Follow(94,1,1), Follow(1,1,1), Follow(2,1,1), Follow(3,1,1), Follow(4,1,1), Follow(5,1,1), Follow(6,1,1), Follow(7,1,1), Follow(8,1,1), Follow(9,1,1), Follow(10,1,1), Follow(11,1,1), Follow(12,1,1), Follow(13,1,1), Follow(14,1,1), Follow(15,1,1), Follow(16,1,1), Follow(17,1,1), Follow(18,1,1), Follow(19,1,1), Follow(20,1,1), Follow(21,1,1), Follow(22,1,1), Follow(23,1,1), Follow(24,1,1), Follow(25,1,1), Follow(26,1,1), Follow(27,1,1), Follow(28,1,1), Follow(29,1,1), Follow(30,1,1), Follow(31,1,1), Follow(32,1,1), Follow(33,1,1), Follow(34,1,1), Follow(35,1,1), Follow(36,1,1), Follow(37,1,1), Follow(38,1,1), Follow(39,1,1), Follow(40,1,1), Follow(41,1,1), Follow(42,1,1), Follow(43,1,1), Follow(44,1,1), Follow(45,1,1), Follow(46,1,1), Follow(47,1,1), Follow(48,1,1), Follow(49,1,1), Follow(50,1,1), Follow(51,1,1), Follow(52,1,1), Follow(53,1,1), Follow(54,1,1), Follow(55,1,1), Follow(56,1,1), Follow(57,1,1), Follow(58,1,1), Follow(59,1,1), Follow(60,1,1), Follow(61,1,1), Follow(62,1,1), Follow(63,1,1), Follow(64,1,1), Follow(65,1,1), Follow(66,1,1), Follow(67,1,1), Follow(68,1,1), Follow(69,1,1), Follow(70,1,1), Follow(71,1,1), Follow(72,1,1), Follow(73,1,1), Follow(74,1,1), Follow(75,1,1), Follow(76,1,1), Follow(77,1,1), Follow(78,1,1), Follow(79,1,1), Follow(80,1,1), Follow(81,1,1), Follow(82,1,1), Follow(83,1,1), Follow(84,1,1), Follow(85,1,1), Follow(86,1,1), Follow(87,1,1), Follow(88,1,1), Follow(89,1,1), Follow(90,1,1), Follow(91,1,1), Follow(92,1,1), Follow(93,1,1), Follow(94,1,1), Follow(95,1,1), Follow(1,1,1), Follow(2,1,1), Follow(3,1,1), Follow(4,1,1), Follow(5,1,1), Follow(6,1,1), Follow(7,1,1), Follow(8,1,1), Follow(9,1,1), Follow(10,1,1), Follow(11,1,1), Follow(12,1,1), Follow(13,1,1), Follow(14,1,1), Follow(15,1,1), Follow(16,1,1), Follow(17,1,1), Follow(18,1,1), Follow(19,1,1), Follow(20,1,1), Follow(21,1,1), Follow(22,1,1), Follow(23,1,1), Follow(24,1,1), Follow(25,1,1), Follow(26,1,1), Follow(27,1,1), Follow(28,1,1), Follow(29,1,1), Follow(30,1,1), Follow(31,1,1), Follow(32,1,1), Follow(33,1,1), Follow(34,1,1), Follow(35,1,1), Follow(36,1,1), Follow(37,1,1), Follow(38,1,1), Follow(39,1,1), Follow(40,1,1), Follow(41,1,1), Follow(42,1,1), Follow(43,1,1), Follow(44,1,1), Follow(45,1,1), Follow(46,1,1), Follow(47,1,1), Follow(48,1,1), Follow(49,1,1), Follow(50,1,1), Follow(51,1,1), Follow(52,1,1), Follow(53,1,1), Follow(54,1,1), Follow(55,1,1), Follow(56,1,1), Follow(57,1,1), Follow(58,1,1), Follow(59,1,1), Follow(60,1,1), Follow(61,1,1), Follow(62,1,1), Follow(63,1,1), Follow(64,1,1), Follow(65,1,1), Follow(66,1,1), Follow(67,1,1), Follow(68,1,1), Follow(69,1,1), Follow(70,1,1), Follow(71,1,1), Follow(72,1,1), Follow(73,1,1), Follow(74,1,1), Follow(75,1,1), Follow(76,1,1), Follow(77,1,1), Follow(78,1,1), Follow(79,1,1), Follow(80,1,1), Follow(81,1,1), Follow(82,1,1), Follow(83,1,1), Follow(84,1,1), Follow(85,1,1), Follow(86,1,1), Follow(87,1,1), Follow(88,1,1), Follow(89,1,1), Follow(90,1,1), Follow(91,1,1), Follow(92,1,1), Follow(93,1,1), Follow(94,1,1), Follow(95,1,1), Follow(96,1,1), Follow(1,1,1), Follow(2,1,1), Follow(3,1,1), Follow(4,1,1), Follow(5,1,1), Follow(6,1,1), Follow(7,1,1), Follow(8,1,1), Follow(9,1,1), Follow(10,1,1), Follow(11,1,1), Follow(12,1,1), Follow(13,1,1), Follow(14,1,1), Follow(15,1,1), Follow(16,1,1), Follow(17,1,1), Follow(18,1,1), Follow(19,1,1), Follow(20,1,1), Follow(21,1,1), Follow(22,1,1), Follow(23,1,1), Follow(24,1,1), Follow(25,1,1), Follow(26,1,1), Follow(27,1,1), Follow(28,1,1), Follow(29,1,1), Follow(30,1,1), Follow(31,1,1), Follow(32,1,1), Follow(33,1,1), Follow(34,1,1), Follow(35,1,1), Follow(36,1,1), Follow(37,1,1), Follow(38,1,1), Follow(39,1,1), Follow(40,1,1), Follow(41,1,1), Follow(42,1,1), Follow(43,1,1), Follow(44,1,1), Follow(45,1,1), Follow(46,1,1), Follow(47,1,1), Follow(48,1,1), Follow(49,1,1), Follow(50,1,1), Follow(51,1,1), Follow(52,1,1), Follow(53,1,1), Follow(54,1,1), Follow(55,1,1), Follow(56,1,1), Follow(57,1,1), Follow(58,1,1), Follow(59,1,1), Follow(60,1,1), Follow(61,1,1), Follow(62,1,1), Follow(63,1,1), Follow(64,1,1), Follow(65,1,1), Follow(66,1,1), Follow(67,1,1), Follow(68,1,1), Follow(69,1,1), Follow(70,1,1), Follow(71,1,1), Follow(72,1,1), Follow(73,1,1), Follow(74,1,1), Follow(75,1,1), Follow(76,1,1), Follow(77,1,1), Follow(78,1,1), Follow(79,1,1), Follow(80,1,1), Follow(81,1,1), Follow(82,1,1), Follow(83,1,1), Follow(84,1,1), Follow(85,1,1), Follow(86,1,1), Follow(87,1,1), Follow(88,1,1), Follow(89,1,1), Follow(90,1,1), Follow(91,1,1), Follow(92,1,1), Follow(93,1,1), Follow(94,1,1), Follow(95,1,1), Follow(96,1,1), Follow(97,1,1), Follow(1,1,1), Follow(2,1,1), Follow(3,1,1), Follow(4,1,1), Follow(5,1,1), Follow(6,1,1), Follow(7,1,1), Follow(8,1,1), Follow(9,1,1), Follow(10,1,1), Follow(11,1,1), Follow(12,1,1), Follow(13,1,1), Follow(14,1,1), Follow(15,1,1), Follow(16,1,1), Follow(17,1,1), Follow(18,1,1), Follow(19,1,1), Follow(20,1,1), Follow(21,1,1), Follow(22,1,1), Follow(23,1,1), Follow(24,1,1), Follow(25,1,1), Follow(26,1,1), Follow(27,1,1), Follow(28,1,1), Follow(29,1,1), Follow(30,1,1), Follow(31,1,1), Follow(32,1,1), Follow(33,1,1), Follow(34,1,1), Follow(35,1,1), Follow(36,1,1), Follow(37,1,1), Follow(38,1,1), Follow(39,1,1), Follow(40,1,1), Follow(41,1,1), Follow(42,1,1), Follow(43,1,1), Follow(44,1,1), Follow(45,1,1), Follow(46,1,1), Follow(47,1,1), Follow(48,1,1), Follow(49,1,1), Follow(50,1,1), Follow(51,1,1), Follow(52,1,1), Follow(53,1,1), Follow(54,1,1), Follow(55,1,1), Follow(56,1,1), Follow(57,1,1), Follow(58,1,1), Follow(59,1,1), Follow(60,1,1), Follow(61,1,1), Follow(62,1,1), Follow(63,1,1), Follow(64,1,1), Follow(65,1,1), Follow(66,1,1), Follow(67,1,1), Follow(68,1,1), Follow(69,1,1), Follow(70,1,1), Follow(71,1,1), Follow(72,1,1), Follow(73,1,1), Follow(74,1,1), Follow(75,1,1), Follow(76,1,1), Follow(77,1,1), Follow(78,1,1), Follow(79,1,1), Follow(80,1,1), Follow(81,1,1), Follow(82,1,1), Follow(83,1,1), Follow(84,1,1), Follow(85,1,1), Follow(86,1,1), Follow(87,1,1), Follow(88,1,1), Follow(89,1,1), Follow(90,1,1), Follow(91,1,1), Follow(92,1,1), Follow(93,1,1), Follow(94,1,1), Follow(95,1,1), Follow(96,1,1), Follow(97,1,1), Follow(98,1,1), Follow(1,1,1), Follow(2,1,1), Follow(3,1,1), Follow(4,1,1), Follow(5,1,1), Follow(6,1,1), Follow(7,1,1), Follow(8,1,1), Follow(9,1,1), Follow(10,1,1), Follow(11,1,1), Follow(12,1,1), Follow(13,1,1), Follow(14,1,1), Follow(15,1,1), Follow(16,1,1), Follow(17,1,1), Follow(18,1,1), Follow(19,1,1), Follow(20,1,1), Follow(21,1,1), Follow(22,1,1), Follow(23,1,1), Follow(24,1,1), Follow(25,1,1), Follow(26,1,1), Follow(27,1,1), Follow(28,1,1), Follow(29,1,1), Follow(30,1,1), Follow(31,1,1), Follow(32,1,1), Follow(33,1,1), Follow(34,1,1), Follow(35,1,1), Follow(36,1,1), Follow(37,1,1), Follow(38,1,1), Follow(39,1,1), Follow(40,1,1), Follow(41,1,1), Follow(42,1,1), Follow(43,1,1), Follow(44,1,1), Follow(45,1,1), Follow(46,1,1), Follow(47,1,1), Follow(48,1,1), Follow(49,1,1), Follow(50,1,1), Follow(51,1,1), Follow(52,1,1), Follow(53,1,1), Follow(54,1,1), Follow(55,1,1), Follow(56,1,1), Follow(57,1,1), Follow(58,1,1), Follow(59,1,1), Follow(60,1,1), Follow(61,1,1), Follow(62,1,1), Follow(63,1,1), Follow(64,1,1), Follow(65,1,1), Follow(66,1,1), Follow(67,1,1), Follow(68,1,1), Follow(69,1,1), Follow(70,1,1), Follow(71,1,1), Follow(72,1,1), Follow(73,1,1), Follow(74,1,1), Follow(75,1,1), Follow(76,1,1), Follow(77,1,1), Follow(78,1,1), Follow(79,1,1), Follow(80,1,1), Follow(81,1,1), Follow(82,1,1), Follow(83,1,1), Follow(84,1,1), Follow(85,1,1), Follow(86,1,1), Follow(87,1,1), Follow(88,1,1), Follow(89,1,1), Follow(90,1,1), Follow(91,1,1), Follow(92,1,1), Follow(93,1,1), Follow(94,1,1), Follow(95,1,1), Follow(96,1,1), Follow(97,1,1), Follow(98,1,1), Follow(99,1,1), Follow(1,1,1), Follow(2,1,1), Follow(3,1,1), Follow(4,1,1), Follow(5,1,1), Follow(6,1,1), Follow(7,1,1), Follow(8,1,1), Follow(9,1,1), Follow(10,1,1), Follow(11,1,1), Follow(12,1,1), Follow(13,1,1), Follow(14,1,1), Follow(15,1,1), Follow(16,1,1), Follow(17,1,1), Follow(18,1,1), Follow(19,1,1), Follow(20,1,1), Follow(21,1,1), Follow(22,1,1), Follow(23,1,1), Follow(24,1,1), Follow(25,1,1), Follow(26,1,1), Follow(27,1,1), Follow(28,1,1), Follow(29,1,1), Follow(30,1,1), Follow(31,1,1), Follow(32,1,1), Follow(33,1,1), Follow(34,1,1), Follow(35,1,1), Follow(36,1,1), Follow(37,1,1), Follow(38,1,1), Follow(39,1,1), Follow(40,1,1), Follow(41,1,1), Follow(42,1,1), Follow(43,1,1), Follow(44,1,1), Follow(45,1,1), Follow(46,1,1), Follow(47,1,1), Follow(48,1,1), Follow(49,1,1), Follow(50,1,1), Follow(51,1,1), Follow(52,1,1), Follow(53,1,1), Follow(54,1,1), Follow(55,1,1), Follow(56,1,1), Follow(57,1,1), Follow(58,1,1), Follow(59,1,1), Follow(60,1,1), Follow(61,1,1), Follow(62,1,1), Follow(63,1,1), Follow(64,1,1), Follow(65,1,1), Follow(66,1,1), Follow(67,1,1), Follow(68,1,1), Follow(69,1,1), Follow(70,1,1), Follow(71,1,1), Follow(72,1,1), Follow(73,1,1), Follow(74,1,1), Follow(75,1,1), Follow(76,1,1), Follow(77,1,1), Follow(78,1,1), Follow(79,1,1), Follow(80,1,1), Follow(81,1,1), Follow(82,1,1), Follow(83,1,1), Follow(84,1,1), Follow(85,1,1), Follow(86,1,1), Follow(87,1,1), Follow(88,1,1), Follow(89,1,1), Follow(90,1,1), Follow(91,1,1), Follow(92,1,1), Follow(93,1,1), Follow(94,1,1), Follow(95,1,1), Follow(96,1,1), Follow(97,1,1), Follow(98,1,1), Follow(99,1,1), Follow(100,1,1)) did not equal List(Follow(1,1,1), Follow(2,1,1), Follow(3,1,1), Follow(4,1,1), Follow(5,1,1), Follow(6,1,1), Follow(7,1,1), Follow(8,1,1), Follow(9,1,1), Follow(10,1,1), Follow(11,1,1), Follow(12,1,1), Follow(13,1,1), Follow(14,1,1), Follow(15,1,1), Follow(16,1,1), Follow(17,1,1), Follow(18,1,1), Follow(19,1,1), Follow(20,1,1), Follow(21,1,1), Follow(22,1,1), Follow(23,1,1), Follow(24,1,1), Follow(25,1,1), Follow(26,1,1), Follow(27,1,1), Follow(28,1,1), Follow(29,1,1), Follow(30,1,1), Follow(31,1,1), Follow(32,1,1), Follow(33,1,1), Follow(34,1,1), Follow(35,1,1), Follow(36,1,1), Follow(37,1,1), Follow(38,1,1), Follow(39,1,1), Follow(40,1,1), Follow(41,1,1), Follow(42,1,1), Follow(43,1,1), Follow(44,1,1), Follow(45,1,1), Follow(46,1,1), Follow(47,1,1), Follow(48,1,1), Follow(49,1,1), Follow(50,1,1), Follow(51,1,1), Follow(52,1,1), Follow(53,1,1), Follow(54,1,1), Follow(55,1,1), Follow(56,1,1), Follow(57,1,1), Follow(58,1,1), Follow(59,1,1), Follow(60,1,1), Follow(61,1,1), Follow(62,1,1), Follow(63,1,1), Follow(64,1,1), Follow(65,1,1), Follow(66,1,1), Follow(67,1,1), Follow(68,1,1), Follow(69,1,1), Follow(70,1,1), Follow(71,1,1), Follow(72,1,1), Follow(73,1,1), Follow(74,1,1), Follow(75,1,1), Follow(76,1,1), Follow(77,1,1), Follow(78,1,1), Follow(79,1,1), Follow(80,1,1), Follow(81,1,1), Follow(82,1,1), Follow(83,1,1), Follow(84,1,1), Follow(85,1,1), Follow(86,1,1), Follow(87,1,1), Follow(88,1,1), Follow(89,1,1), Follow(90,1,1), Follow(91,1,1), Follow(92,1,1), Follow(93,1,1), Follow(94,1,1), Follow(95,1,1), Follow(96,1,1), Follow(97,1,1), Follow(98,1,1), Follow(99,1,1), Follow(100,1,1))" type="org.scalatest.exceptions.TestFailedException">org.scalatest.exceptions.TestFailedException: Vector(Follow(1,1,1), Follow(1,1,1), Follow(2,1,1), Follow(1,1,1), Follow(2,1,1), Follow(3,1,1), Follow(1,1,1), Follow(2,1,1), Follow(3,1,1), Follow(4,1,1), Follow(1,1,1), Follow(2,1,1), Follow(3,1,1), Follow(4,1,1), Follow(5,1,1), Follow(1,1,1), Follow(2,1,1), Follow(3,1,1), Follow(4,1,1), Follow(5,1,1), Follow(6,1,1), Follow(1,1,1), Follow(2,1,1), Follow(3,1,1), Follow(4,1,1), Follow(5,1,1), Follow(6,1,1), Follow(7,1,1), Follow(1,1,1), Follow(2,1,1), Follow(3,1,1), Follow(4,1,1), Follow(5,1,1), Follow(6,1,1), Follow(7,1,1), Follow(8,1,1), Follow(1,1,1), Follow(2,1,1), Follow(3,1,1), Follow(4,1,1), Follow(5,1,1), Follow(6,1,1), Follow(7,1,1), Follow(8,1,1), Follow(9,1,1), Follow(1,1,1), Follow(2,1,1), Follow(3,1,1), Follow(4,1,1), Follow(5,1,1), Follow(6,1,1), Follow(7,1,1), Follow(8,1,1), Follow(9,1,1), Follow(10,1,1), Follow(1,1,1), Follow(2,1,1), Follow(3,1,1), Follow(4,1,1), Follow(5,1,1), Follow(6,1,1), Follow(7,1,1), Follow(8,1,1), Follow(9,1,1), Follow(10,1,1), Follow(11,1,1), Follow(1,1,1), Follow(2,1,1), Follow(3,1,1), Follow(4,1,1), Follow(5,1,1), Follow(6,1,1), Follow(7,1,1), Follow(8,1,1), Follow(9,1,1), Follow(10,1,1), Follow(11,1,1), Follow(12,1,1), Follow(1,1,1), Follow(2,1,1), Follow(3,1,1), Follow(4,1,1), Follow(5,1,1), Follow(6,1,1), Follow(7,1,1), Follow(8,1,1), Follow(9,1,1), Follow(10,1,1), Follow(11,1,1), Follow(12,1,1), Follow(13,1,1), Follow(1,1,1), Follow(2,1,1), Follow(3,1,1), Follow(4,1,1), Follow(5,1,1), Follow(6,1,1), Follow(7,1,1), Follow(8,1,1), Follow(9,1,1), Follow(10,1,1), Follow(11,1,1), Follow(12,1,1), Follow(13,1,1), Follow(14,1,1), Follow(1,1,1), Follow(2,1,1), Follow(3,1,1), Follow(4,1,1), Follow(5,1,1), Follow(6,1,1), Follow(7,1,1), Follow(8,1,1), Follow(9,1,1), Follow(10,1,1), Follow(11,1,1), Follow(12,1,1), Follow(13,1,1), Follow(14,1,1), Follow(15,1,1), Follow(1,1,1), Follow(2,1,1), Follow(3,1,1), Follow(4,1,1), Follow(5,1,1), Follow(6,1,1), Follow(7,1,1), Follow(8,1,1), Follow(9,1,1), Follow(10,1,1), Follow(11,1,1), Follow(12,1,1), Follow(13,1,1), Follow(14,1,1), Follow(15,1,1), Follow(16,1,1), Follow(1,1,1), Follow(2,1,1), Follow(3,1,1), Follow(4,1,1), Follow(5,1,1), Follow(6,1,1), Follow(7,1,1), Follow(8,1,1), Follow(9,1,1), Follow(10,1,1), Follow(11,1,1), Follow(12,1,1), Follow(13,1,1), Follow(14,1,1), Follow(15,1,1), Follow(16,1,1), Follow(17,1,1), Follow(1,1,1), Follow(2,1,1), Follow(3,1,1), Follow(4,1,1), Follow(5,1,1), Follow(6,1,1), Follow(7,1,1), Follow(8,1,1), Follow(9,1,1), Follow(10,1,1), Follow(11,1,1), Follow(12,1,1), Follow(13,1,1), Follow(14,1,1), Follow(15,1,1), Follow(16,1,1), Follow(17,1,1), Follow(18,1,1), Follow(1,1,1), Follow(2,1,1), Follow(3,1,1), Follow(4,1,1), Follow(5,1,1), Follow(6,1,1), Follow(7,1,1), Follow(8,1,1), Follow(9,1,1), Follow(10,1,1), Follow(11,1,1), Follow(12,1,1), Follow(13,1,1), Follow(14,1,1), Follow(15,1,1), Follow(16,1,1), Follow(17,1,1), Follow(18,1,1), Follow(19,1,1), Follow(1,1,1), Follow(2,1,1), Follow(3,1,1), Follow(4,1,1), Follow(5,1,1), Follow(6,1,1), Follow(7,1,1), Follow(8,1,1), Follow(9,1,1), Follow(10,1,1), Follow(11,1,1), Follow(12,1,1), Follow(13,1,1), Follow(14,1,1), Follow(15,1,1), Follow(16,1,1), Follow(17,1,1), Follow(18,1,1), Follow(19,1,1), Follow(20,1,1), Follow(1,1,1), Follow(2,1,1), Follow(3,1,1), Follow(4,1,1), Follow(5,1,1), Follow(6,1,1), Follow(7,1,1), Follow(8,1,1), Follow(9,1,1), Follow(10,1,1), Follow(11,1,1), Follow(12,1,1), Follow(13,1,1), Follow(14,1,1), Follow(15,1,1), Follow(16,1,1), Follow(17,1,1), Follow(18,1,1), Follow(19,1,1), Follow(20,1,1), Follow(21,1,1), Follow(1,1,1), Follow(2,1,1), Follow(3,1,1), Follow(4,1,1), Follow(5,1,1), Follow(6,1,1), Follow(7,1,1), Follow(8,1,1), Follow(9,1,1), Follow(10,1,1), Follow(11,1,1), Follow(12,1,1), Follow(13,1,1), Follow(14,1,1), Follow(15,1,1), Follow(16,1,1), Follow(17,1,1), Follow(18,1,1), Follow(19,1,1), Follow(20,1,1), Follow(21,1,1), Follow(22,1,1), Follow(1,1,1), Follow(2,1,1), Follow(3,1,1), Follow(4,1,1), Follow(5,1,1), Follow(6,1,1), Follow(7,1,1), Follow(8,1,1), Follow(9,1,1), Follow(10,1,1), Follow(11,1,1), Follow(12,1,1), Follow(13,1,1), Follow(14,1,1), Follow(15,1,1), Follow(16,1,1), Follow(17,1,1), Follow(18,1,1), Follow(19,1,1), Follow(20,1,1), Follow(21,1,1), Follow(22,1,1), Follow(23,1,1), Follow(1,1,1), Follow(2,1,1), Follow(3,1,1), Follow(4,1,1), Follow(5,1,1), Follow(6,1,1), Follow(7,1,1), Follow(8,1,1), Follow(9,1,1), Follow(10,1,1), Follow(11,1,1), Follow(12,1,1), Follow(13,1,1), Follow(14,1,1), Follow(15,1,1), Follow(16,1,1), Follow(17,1,1), Follow(18,1,1), Follow(19,1,1), Follow(20,1,1), Follow(21,1,1), Follow(22,1,1), Follow(23,1,1), Follow(24,1,1), Follow(1,1,1), Follow(2,1,1), Follow(3,1,1), Follow(4,1,1), Follow(5,1,1), Follow(6,1,1), Follow(7,1,1), Follow(8,1,1), Follow(9,1,1), Follow(10,1,1), Follow(11,1,1), Follow(12,1,1), Follow(13,1,1), Follow(14,1,1), Follow(15,1,1), Follow(16,1,1), Follow(17,1,1), Follow(18,1,1), Follow(19,1,1), Follow(20,1,1), Follow(21,1,1), Follow(22,1,1), Follow(23,1,1), Follow(24,1,1), Follow(25,1,1), Follow(1,1,1), Follow(2,1,1), Follow(3,1,1), Follow(4,1,1), Follow(5,1,1), Follow(6,1,1), Follow(7,1,1), Follow(8,1,1), Follow(9,1,1), Follow(10,1,1), Follow(11,1,1), Follow(12,1,1), Follow(13,1,1), Follow(14,1,1), Follow(15,1,1), Follow(16,1,1), Follow(17,1,1), Follow(18,1,1), Follow(19,1,1), Follow(20,1,1), Follow(21,1,1), Follow(22,1,1), Follow(23,1,1), Follow(24,1,1), Follow(25,1,1), Follow(26,1,1), Follow(1,1,1), Follow(2,1,1), Follow(3,1,1), Follow(4,1,1), Follow(5,1,1), Follow(6,1,1), Follow(7,1,1), Follow(8,1,1), Follow(9,1,1), Follow(10,1,1), Follow(11,1,1), Follow(12,1,1), Follow(13,1,1), Follow(14,1,1), Follow(15,1,1), Follow(16,1,1), Follow(17,1,1), Follow(18,1,1), Follow(19,1,1), Follow(20,1,1), Follow(21,1,1), Follow(22,1,1), Follow(23,1,1), Follow(24,1,1), Follow(25,1,1), Follow(26,1,1), Follow(27,1,1), Follow(1,1,1), Follow(2,1,1), Follow(3,1,1), Follow(4,1,1), Follow(5,1,1), Follow(6,1,1), Follow(7,1,1), Follow(8,1,1), Follow(9,1,1), Follow(10,1,1), Follow(11,1,1), Follow(12,1,1), Follow(13,1,1), Follow(14,1,1), Follow(15,1,1), Follow(16,1,1), Follow(17,1,1), Follow(18,1,1), Follow(19,1,1), Follow(20,1,1), Follow(21,1,1), Follow(22,1,1), Follow(23,1,1), Follow(24,1,1), Follow(25,1,1), Follow(26,1,1), Follow(27,1,1), Follow(28,1,1), Follow(1,1,1), Follow(2,1,1), Follow(3,1,1), Follow(4,1,1), Follow(5,1,1), Follow(6,1,1), Follow(7,1,1), Follow(8,1,1), Follow(9,1,1), Follow(10,1,1), Follow(11,1,1), Follow(12,1,1), Follow(13,1,1), Follow(14,1,1), Follow(15,1,1), Follow(16,1,1), Follow(17,1,1), Follow(18,1,1), Follow(19,1,1), Follow(20,1,1), Follow(21,1,1), Follow(22,1,1), Follow(23,1,1), Follow(24,1,1), Follow(25,1,1), Follow(26,1,1), Follow(27,1,1), Follow(28,1,1), Follow(29,1,1), Follow(1,1,1), Follow(2,1,1), Follow(3,1,1), Follow(4,1,1), Follow(5,1,1), Follow(6,1,1), Follow(7,1,1), Follow(8,1,1), Follow(9,1,1), Follow(10,1,1), Follow(11,1,1), Follow(12,1,1), Follow(13,1,1), Follow(14,1,1), Follow(15,1,1), Follow(16,1,1), Follow(17,1,1), Follow(18,1,1), Follow(19,1,1), Follow(20,1,1), Follow(21,1,1), Follow(22,1,1), Follow(23,1,1), Follow(24,1,1), Follow(25,1,1), Follow(26,1,1), Follow(27,1,1), Follow(28,1,1), Follow(29,1,1), Follow(30,1,1), Follow(1,1,1), Follow(2,1,1), Follow(3,1,1), Follow(4,1,1), Follow(5,1,1), Follow(6,1,1), Follow(7,1,1), Follow(8,1,1), Follow(9,1,1), Follow(10,1,1), Follow(11,1,1), Follow(12,1,1), Follow(13,1,1), Follow(14,1,1), Follow(15,1,1), Follow(16,1,1), Follow(17,1,1), Follow(18,1,1), Follow(19,1,1), Follow(20,1,1), Follow(21,1,1), Follow(22,1,1), Follow(23,1,1), Follow(24,1,1), Follow(25,1,1), Follow(26,1,1), Follow(27,1,1), Follow(28,1,1), Follow(29,1,1), Follow(30,1,1), Follow(31,1,1), Follow(1,1,1), Follow(2,1,1), Follow(3,1,1), Follow(4,1,1), Follow(5,1,1), Follow(6,1,1), Follow(7,1,1), Follow(8,1,1), Follow(9,1,1), Follow(10,1,1), Follow(11,1,1), Follow(12,1,1), Follow(13,1,1), Follow(14,1,1), Follow(15,1,1), Follow(16,1,1), Follow(17,1,1), Follow(18,1,1), Follow(19,1,1), Follow(20,1,1), Follow(21,1,1), Follow(22,1,1), Follow(23,1,1), Follow(24,1,1), Follow(25,1,1), Follow(26,1,1), Follow(27,1,1), Follow(28,1,1), Follow(29,1,1), Follow(30,1,1), Follow(31,1,1), Follow(32,1,1), Follow(1,1,1), Follow(2,1,1), Follow(3,1,1), Follow(4,1,1), Follow(5,1,1), Follow(6,1,1), Follow(7,1,1), Follow(8,1,1), Follow(9,1,1), Follow(10,1,1), Follow(11,1,1), Follow(12,1,1), Follow(13,1,1), Follow(14,1,1), Follow(15,1,1), Follow(16,1,1), Follow(17,1,1), Follow(18,1,1), Follow(19,1,1), Follow(20,1,1), Follow(21,1,1), Follow(22,1,1), Follow(23,1,1), Follow(24,1,1), Follow(25,1,1), Follow(26,1,1), Follow(27,1,1), Follow(28,1,1), Follow(29,1,1), Follow(30,1,1), Follow(31,1,1), Follow(32,1,1), Follow(33,1,1), Follow(1,1,1), Follow(2,1,1), Follow(3,1,1), Follow(4,1,1), Follow(5,1,1), Follow(6,1,1), Follow(7,1,1), Follow(8,1,1), Follow(9,1,1), Follow(10,1,1), Follow(11,1,1), Follow(12,1,1), Follow(13,1,1), Follow(14,1,1), Follow(15,1,1), Follow(16,1,1), Follow(17,1,1), Follow(18,1,1), Follow(19,1,1), Follow(20,1,1), Follow(21,1,1), Follow(22,1,1), Follow(23,1,1), Follow(24,1,1), Follow(25,1,1), Follow(26,1,1), Follow(27,1,1), Follow(28,1,1), Follow(29,1,1), Follow(30,1,1), Follow(31,1,1), Follow(32,1,1), Follow(33,1,1), Follow(34,1,1), Follow(1,1,1), Follow(2,1,1), Follow(3,1,1), Follow(4,1,1), Follow(5,1,1), Follow(6,1,1), Follow(7,1,1), Follow(8,1,1), Follow(9,1,1), Follow(10,1,1), Follow(11,1,1), Follow(12,1,1), Follow(13,1,1), Follow(14,1,1), Follow(15,1,1), Follow(16,1,1), Follow(17,1,1), Follow(18,1,1), Follow(19,1,1), Follow(20,1,1), Follow(21,1,1), Follow(22,1,1), Follow(23,1,1), Follow(24,1,1), Follow(25,1,1), Follow(26,1,1), Follow(27,1,1), Follow(28,1,1), Follow(29,1,1), Follow(30,1,1), Follow(31,1,1), Follow(32,1,1), Follow(33,1,1), Follow(34,1,1), Follow(35,1,1), Follow(1,1,1), Follow(2,1,1), Follow(3,1,1), Follow(4,1,1), Follow(5,1,1), Follow(6,1,1), Follow(7,1,1), Follow(8,1,1), Follow(9,1,1), Follow(10,1,1), Follow(11,1,1), Follow(12,1,1), Follow(13,1,1), Follow(14,1,1), Follow(15,1,1), Follow(16,1,1), Follow(17,1,1), Follow(18,1,1), Follow(19,1,1), Follow(20,1,1), Follow(21,1,1), Follow(22,1,1), Follow(23,1,1), Follow(24,1,1), Follow(25,1,1), Follow(26,1,1), Follow(27,1,1), Follow(28,1,1), Follow(29,1,1), Follow(30,1,1), Follow(31,1,1), Follow(32,1,1), Follow(33,1,1), Follow(34,1,1), Follow(35,1,1), Follow(36,1,1), Follow(1,1,1), Follow(2,1,1), Follow(3,1,1), Follow(4,1,1), Follow(5,1,1), Follow(6,1,1), Follow(7,1,1), Follow(8,1,1), Follow(9,1,1), Follow(10,1,1), Follow(11,1,1), Follow(12,1,1), Follow(13,1,1), Follow(14,1,1), Follow(15,1,1), Follow(16,1,1), Follow(17,1,1), Follow(18,1,1), Follow(19,1,1), Follow(20,1,1), Follow(21,1,1), Follow(22,1,1), Follow(23,1,1), Follow(24,1,1), Follow(25,1,1), Follow(26,1,1), Follow(27,1,1), Follow(28,1,1), Follow(29,1,1), Follow(30,1,1), Follow(31,1,1), Follow(32,1,1), Follow(33,1,1), Follow(34,1,1), Follow(35,1,1), Follow(36,1,1), Follow(37,1,1), Follow(1,1,1), Follow(2,1,1), Follow(3,1,1), Follow(4,1,1), Follow(5,1,1), Follow(6,1,1), Follow(7,1,1), Follow(8,1,1), Follow(9,1,1), Follow(10,1,1), Follow(11,1,1), Follow(12,1,1), Follow(13,1,1), Follow(14,1,1), Follow(15,1,1), Follow(16,1,1), Follow(17,1,1), Follow(18,1,1), Follow(19,1,1), Follow(20,1,1), Follow(21,1,1), Follow(22,1,1), Follow(23,1,1), Follow(24,1,1), Follow(25,1,1), Follow(26,1,1), Follow(27,1,1), Follow(28,1,1), Follow(29,1,1), Follow(30,1,1), Follow(31,1,1), Follow(32,1,1), Follow(33,1,1), Follow(34,1,1), Follow(35,1,1), Follow(36,1,1), Follow(37,1,1), Follow(38,1,1), Follow(1,1,1), Follow(2,1,1), Follow(3,1,1), Follow(4,1,1), Follow(5,1,1), Follow(6,1,1), Follow(7,1,1), Follow(8,1,1), Follow(9,1,1), Follow(10,1,1), Follow(11,1,1), Follow(12,1,1), Follow(13,1,1), Follow(14,1,1), Follow(15,1,1), Follow(16,1,1), Follow(17,1,1), Follow(18,1,1), Follow(19,1,1), Follow(20,1,1), Follow(21,1,1), Follow(22,1,1), Follow(23,1,1), Follow(24,1,1), Follow(25,1,1), Follow(26,1,1), Follow(27,1,1), Follow(28,1,1), Follow(29,1,1), Follow(30,1,1), Follow(31,1,1), Follow(32,1,1), Follow(33,1,1), Follow(34,1,1), Follow(35,1,1), Follow(36,1,1), Follow(37,1,1), Follow(38,1,1), Follow(39,1,1), Follow(1,1,1), Follow(2,1,1), Follow(3,1,1), Follow(4,1,1), Follow(5,1,1), Follow(6,1,1), Follow(7,1,1), Follow(8,1,1), Follow(9,1,1), Follow(10,1,1), Follow(11,1,1), Follow(12,1,1), Follow(13,1,1), Follow(14,1,1), Follow(15,1,1), Follow(16,1,1), Follow(17,1,1), Follow(18,1,1), Follow(19,1,1), Follow(20,1,1), Follow(21,1,1), Follow(22,1,1), Follow(23,1,1), Follow(24,1,1), Follow(25,1,1), Follow(26,1,1), Follow(27,1,1), Follow(28,1,1), Follow(29,1,1), Follow(30,1,1), Follow(31,1,1), Follow(32,1,1), Follow(33,1,1), Follow(34,1,1), Follow(35,1,1), Follow(36,1,1), Follow(37,1,1), Follow(38,1,1), Follow(39,1,1), Follow(40,1,1), Follow(1,1,1), Follow(2,1,1), Follow(3,1,1), Follow(4,1,1), Follow(5,1,1), Follow(6,1,1), Follow(7,1,1), Follow(8,1,1), Follow(9,1,1), Follow(10,1,1), Follow(11,1,1), Follow(12,1,1), Follow(13,1,1), Follow(14,1,1), Follow(15,1,1), Follow(16,1,1), Follow(17,1,1), Follow(18,1,1), Follow(19,1,1), Follow(20,1,1), Follow(21,1,1), Follow(22,1,1), Follow(23,1,1), Follow(24,1,1), Follow(25,1,1), Follow(26,1,1), Follow(27,1,1), Follow(28,1,1), Follow(29,1,1), Follow(30,1,1), Follow(31,1,1), Follow(32,1,1), Follow(33,1,1), Follow(34,1,1), Follow(35,1,1), Follow(36,1,1), Follow(37,1,1), Follow(38,1,1), Follow(39,1,1), Follow(40,1,1), Follow(41,1,1), Follow(1,1,1), Follow(2,1,1), Follow(3,1,1), Follow(4,1,1), Follow(5,1,1), Follow(6,1,1), Follow(7,1,1), Follow(8,1,1), Follow(9,1,1), Follow(10,1,1), Follow(11,1,1), Follow(12,1,1), Follow(13,1,1), Follow(14,1,1), Follow(15,1,1), Follow(16,1,1), Follow(17,1,1), Follow(18,1,1), Follow(19,1,1), Follow(20,1,1), Follow(21,1,1), Follow(22,1,1), Follow(23,1,1), Follow(24,1,1), Follow(25,1,1), Follow(26,1,1), Follow(27,1,1), Follow(28,1,1), Follow(29,1,1), Follow(30,1,1), Follow(31,1,1), Follow(32,1,1), Follow(33,1,1), Follow(34,1,1), Follow(35,1,1), Follow(36,1,1), Follow(37,1,1), Follow(38,1,1), Follow(39,1,1), Follow(40,1,1), Follow(41,1,1), Follow(42,1,1), Follow(1,1,1), Follow(2,1,1), Follow(3,1,1), Follow(4,1,1), Follow(5,1,1), Follow(6,1,1), Follow(7,1,1), Follow(8,1,1), Follow(9,1,1), Follow(10,1,1), Follow(11,1,1), Follow(12,1,1), Follow(13,1,1), Follow(14,1,1), Follow(15,1,1), Follow(16,1,1), Follow(17,1,1), Follow(18,1,1), Follow(19,1,1), Follow(20,1,1), Follow(21,1,1), Follow(22,1,1), Follow(23,1,1), Follow(24,1,1), Follow(25,1,1), Follow(26,1,1), Follow(27,1,1), Follow(28,1,1), Follow(29,1,1), Follow(30,1,1), Follow(31,1,1), Follow(32,1,1), Follow(33,1,1), Follow(34,1,1), Follow(35,1,1), Follow(36,1,1), Follow(37,1,1), Follow(38,1,1), Follow(39,1,1), Follow(40,1,1), Follow(41,1,1), Follow(42,1,1), Follow(43,1,1), Follow(1,1,1), Follow(2,1,1), Follow(3,1,1), Follow(4,1,1), Follow(5,1,1), Follow(6,1,1), Follow(7,1,1), Follow(8,1,1), Follow(9,1,1), Follow(10,1,1), Follow(11,1,1), Follow(12,1,1), Follow(13,1,1), Follow(14,1,1), Follow(15,1,1), Follow(16,1,1), Follow(17,1,1), Follow(18,1,1), Follow(19,1,1), Follow(20,1,1), Follow(21,1,1), Follow(22,1,1), Follow(23,1,1), Follow(24,1,1), Follow(25,1,1), Follow(26,1,1), Follow(27,1,1), Follow(28,1,1), Follow(29,1,1), Follow(30,1,1), Follow(31,1,1), Follow(32,1,1), Follow(33,1,1), Follow(34,1,1), Follow(35,1,1), Follow(36,1,1), Follow(37,1,1), Follow(38,1,1), Follow(39,1,1), Follow(40,1,1), Follow(41,1,1), Follow(42,1,1), Follow(43,1,1), Follow(44,1,1), Follow(1,1,1), Follow(2,1,1), Follow(3,1,1), Follow(4,1,1), Follow(5,1,1), Follow(6,1,1), Follow(7,1,1), Follow(8,1,1), Follow(9,1,1), Follow(10,1,1), Follow(11,1,1), Follow(12,1,1), Follow(13,1,1), Follow(14,1,1), Follow(15,1,1), Follow(16,1,1), Follow(17,1,1), Follow(18,1,1), Follow(19,1,1), Follow(20,1,1), Follow(21,1,1), Follow(22,1,1), Follow(23,1,1), Follow(24,1,1), Follow(25,1,1), Follow(26,1,1), Follow(27,1,1), Follow(28,1,1), Follow(29,1,1), Follow(30,1,1), Follow(31,1,1), Follow(32,1,1), Follow(33,1,1), Follow(34,1,1), Follow(35,1,1), Follow(36,1,1), Follow(37,1,1), Follow(38,1,1), Follow(39,1,1), Follow(40,1,1), Follow(41,1,1), Follow(42,1,1), Follow(43,1,1), Follow(44,1,1), Follow(45,1,1), Follow(1,1,1), Follow(2,1,1), Follow(3,1,1), Follow(4,1,1), Follow(5,1,1), Follow(6,1,1), Follow(7,1,1), Follow(8,1,1), Follow(9,1,1), Follow(10,1,1), Follow(11,1,1), Follow(12,1,1), Follow(13,1,1), Follow(14,1,1), Follow(15,1,1), Follow(16,1,1), Follow(17,1,1), Follow(18,1,1), Follow(19,1,1), Follow(20,1,1), Follow(21,1,1), Follow(22,1,1), Follow(23,1,1), Follow(24,1,1), Follow(25,1,1), Follow(26,1,1), Follow(27,1,1), Follow(28,1,1), Follow(29,1,1), Follow(30,1,1), Follow(31,1,1), Follow(32,1,1), Follow(33,1,1), Follow(34,1,1), Follow(35,1,1), Follow(36,1,1), Follow(37,1,1), Follow(38,1,1), Follow(39,1,1), Follow(40,1,1), Follow(41,1,1), Follow(42,1,1), Follow(43,1,1), Follow(44,1,1), Follow(45,1,1), Follow(46,1,1), Follow(1,1,1), Follow(2,1,1), Follow(3,1,1), Follow(4,1,1), Follow(5,1,1), Follow(6,1,1), Follow(7,1,1), Follow(8,1,1), Follow(9,1,1), Follow(10,1,1), Follow(11,1,1), Follow(12,1,1), Follow(13,1,1), Follow(14,1,1), Follow(15,1,1), Follow(16,1,1), Follow(17,1,1), Follow(18,1,1), Follow(19,1,1), Follow(20,1,1), Follow(21,1,1), Follow(22,1,1), Follow(23,1,1), Follow(24,1,1), Follow(25,1,1), Follow(26,1,1), Follow(27,1,1), Follow(28,1,1), Follow(29,1,1), Follow(30,1,1), Follow(31,1,1), Follow(32,1,1), Follow(33,1,1), Follow(34,1,1), Follow(35,1,1), Follow(36,1,1), Follow(37,1,1), Follow(38,1,1), Follow(39,1,1), Follow(40,1,1), Follow(41,1,1), Follow(42,1,1), Follow(43,1,1), Follow(44,1,1), Follow(45,1,1), Follow(46,1,1), Follow(47,1,1), Follow(1,1,1), Follow(2,1,1), Follow(3,1,1), Follow(4,1,1), Follow(5,1,1), Follow(6,1,1), Follow(7,1,1), Follow(8,1,1), Follow(9,1,1), Follow(10,1,1), Follow(11,1,1), Follow(12,1,1), Follow(13,1,1), Follow(14,1,1), Follow(15,1,1), Follow(16,1,1), Follow(17,1,1), Follow(18,1,1), Follow(19,1,1), Follow(20,1,1), Follow(21,1,1), Follow(22,1,1), Follow(23,1,1), Follow(24,1,1), Follow(25,1,1), Follow(26,1,1), Follow(27,1,1), Follow(28,1,1), Follow(29,1,1), Follow(30,1,1), Follow(31,1,1), Follow(32,1,1), Follow(33,1,1), Follow(34,1,1), Follow(35,1,1), Follow(36,1,1), Follow(37,1,1), Follow(38,1,1), Follow(39,1,1), Follow(40,1,1), Follow(41,1,1), Follow(42,1,1), Follow(43,1,1), Follow(44,1,1), Follow(45,1,1), Follow(46,1,1), Follow(47,1,1), Follow(48,1,1), Follow(1,1,1), Follow(2,1,1), Follow(3,1,1), Follow(4,1,1), Follow(5,1,1), Follow(6,1,1), Follow(7,1,1), Follow(8,1,1), Follow(9,1,1), Follow(10,1,1), Follow(11,1,1), Follow(12,1,1), Follow(13,1,1), Follow(14,1,1), Follow(15,1,1), Follow(16,1,1), Follow(17,1,1), Follow(18,1,1), Follow(19,1,1), Follow(20,1,1), Follow(21,1,1), Follow(22,1,1), Follow(23,1,1), Follow(24,1,1), Follow(25,1,1), Follow(26,1,1), Follow(27,1,1), Follow(28,1,1), Follow(29,1,1), Follow(30,1,1), Follow(31,1,1), Follow(32,1,1), Follow(33,1,1), Follow(34,1,1), Follow(35,1,1), Follow(36,1,1), Follow(37,1,1), Follow(38,1,1), Follow(39,1,1), Follow(40,1,1), Follow(41,1,1), Follow(42,1,1), Follow(43,1,1), Follow(44,1,1), Follow(45,1,1), Follow(46,1,1), Follow(47,1,1), Follow(48,1,1), Follow(49,1,1), Follow(1,1,1), Follow(2,1,1), Follow(3,1,1), Follow(4,1,1), Follow(5,1,1), Follow(6,1,1), Follow(7,1,1), Follow(8,1,1), Follow(9,1,1), Follow(10,1,1), Follow(11,1,1), Follow(12,1,1), Follow(13,1,1), Follow(14,1,1), Follow(15,1,1), Follow(16,1,1), Follow(17,1,1), Follow(18,1,1), Follow(19,1,1), Follow(20,1,1), Follow(21,1,1), Follow(22,1,1), Follow(23,1,1), Follow(24,1,1), Follow(25,1,1), Follow(26,1,1), Follow(27,1,1), Follow(28,1,1), Follow(29,1,1), Follow(30,1,1), Follow(31,1,1), Follow(32,1,1), Follow(33,1,1), Follow(34,1,1), Follow(35,1,1), Follow(36,1,1), Follow(37,1,1), Follow(38,1,1), Follow(39,1,1), Follow(40,1,1), Follow(41,1,1), Follow(42,1,1), Follow(43,1,1), Follow(44,1,1), Follow(45,1,1), Follow(46,1,1), Follow(47,1,1), Follow(48,1,1), Follow(49,1,1), Follow(50,1,1), Follow(1,1,1), Follow(2,1,1), Follow(3,1,1), Follow(4,1,1), Follow(5,1,1), Follow(6,1,1), Follow(7,1,1), Follow(8,1,1), Follow(9,1,1), Follow(10,1,1), Follow(11,1,1), Follow(12,1,1), Follow(13,1,1), Follow(14,1,1), Follow(15,1,1), Follow(16,1,1), Follow(17,1,1), Follow(18,1,1), Follow(19,1,1), Follow(20,1,1), Follow(21,1,1), Follow(22,1,1), Follow(23,1,1), Follow(24,1,1), Follow(25,1,1), Follow(26,1,1), Follow(27,1,1), Follow(28,1,1), Follow(29,1,1), Follow(30,1,1), Follow(31,1,1), Follow(32,1,1), Follow(33,1,1), Follow(34,1,1), Follow(35,1,1), Follow(36,1,1), Follow(37,1,1), Follow(38,1,1), Follow(39,1,1), Follow(40,1,1), Follow(41,1,1), Follow(42,1,1), Follow(43,1,1), Follow(44,1,1), Follow(45,1,1), Follow(46,1,1), Follow(47,1,1), Follow(48,1,1), Follow(49,1,1), Follow(50,1,1), Follow(51,1,1), Follow(1,1,1), Follow(2,1,1), Follow(3,1,1), Follow(4,1,1), Follow(5,1,1), Follow(6,1,1), Follow(7,1,1), Follow(8,1,1), Follow(9,1,1), Follow(10,1,1), Follow(11,1,1), Follow(12,1,1), Follow(13,1,1), Follow(14,1,1), Follow(15,1,1), Follow(16,1,1), Follow(17,1,1), Follow(18,1,1), Follow(19,1,1), Follow(20,1,1), Follow(21,1,1), Follow(22,1,1), Follow(23,1,1), Follow(24,1,1), Follow(25,1,1), Follow(26,1,1), Follow(27,1,1), Follow(28,1,1), Follow(29,1,1), Follow(30,1,1), Follow(31,1,1), Follow(32,1,1), Follow(33,1,1), Follow(34,1,1), Follow(35,1,1), Follow(36,1,1), Follow(37,1,1), Follow(38,1,1), Follow(39,1,1), Follow(40,1,1), Follow(41,1,1), Follow(42,1,1), Follow(43,1,1), Follow(44,1,1), Follow(45,1,1), Follow(46,1,1), Follow(47,1,1), Follow(48,1,1), Follow(49,1,1), Follow(50,1,1), Follow(51,1,1), Follow(52,1,1), Follow(1,1,1), Follow(2,1,1), Follow(3,1,1), Follow(4,1,1), Follow(5,1,1), Follow(6,1,1), Follow(7,1,1), Follow(8,1,1), Follow(9,1,1), Follow(10,1,1), Follow(11,1,1), Follow(12,1,1), Follow(13,1,1), Follow(14,1,1), Follow(15,1,1), Follow(16,1,1), Follow(17,1,1), Follow(18,1,1), Follow(19,1,1), Follow(20,1,1), Follow(21,1,1), Follow(22,1,1), Follow(23,1,1), Follow(24,1,1), Follow(25,1,1), Follow(26,1,1), Follow(27,1,1), Follow(28,1,1), Follow(29,1,1), Follow(30,1,1), Follow(31,1,1), Follow(32,1,1), Follow(33,1,1), Follow(34,1,1), Follow(35,1,1), Follow(36,1,1), Follow(37,1,1), Follow(38,1,1), Follow(39,1,1), Follow(40,1,1), Follow(41,1,1), Follow(42,1,1), Follow(43,1,1), Follow(44,1,1), Follow(45,1,1), Follow(46,1,1), Follow(47,1,1), Follow(48,1,1), Follow(49,1,1), Follow(50,1,1), Follow(51,1,1), Follow(52,1,1), Follow(53,1,1), Follow(1,1,1), Follow(2,1,1), Follow(3,1,1), Follow(4,1,1), Follow(5,1,1), Follow(6,1,1), Follow(7,1,1), Follow(8,1,1), Follow(9,1,1), Follow(10,1,1), Follow(11,1,1), Follow(12,1,1), Follow(13,1,1), Follow(14,1,1), Follow(15,1,1), Follow(16,1,1), Follow(17,1,1), Follow(18,1,1), Follow(19,1,1), Follow(20,1,1), Follow(21,1,1), Follow(22,1,1), Follow(23,1,1), Follow(24,1,1), Follow(25,1,1), Follow(26,1,1), Follow(27,1,1), Follow(28,1,1), Follow(29,1,1), Follow(30,1,1), Follow(31,1,1), Follow(32,1,1), Follow(33,1,1), Follow(34,1,1), Follow(35,1,1), Follow(36,1,1), Follow(37,1,1), Follow(38,1,1), Follow(39,1,1), Follow(40,1,1), Follow(41,1,1), Follow(42,1,1), Follow(43,1,1), Follow(44,1,1), Follow(45,1,1), Follow(46,1,1), Follow(47,1,1), Follow(48,1,1), Follow(49,1,1), Follow(50,1,1), Follow(51,1,1), Follow(52,1,1), Follow(53,1,1), Follow(54,1,1), Follow(1,1,1), Follow(2,1,1), Follow(3,1,1), Follow(4,1,1), Follow(5,1,1), Follow(6,1,1), Follow(7,1,1), Follow(8,1,1), Follow(9,1,1), Follow(10,1,1), Follow(11,1,1), Follow(12,1,1), Follow(13,1,1), Follow(14,1,1), Follow(15,1,1), Follow(16,1,1), Follow(17,1,1), Follow(18,1,1), Follow(19,1,1), Follow(20,1,1), Follow(21,1,1), Follow(22,1,1), Follow(23,1,1), Follow(24,1,1), Follow(25,1,1), Follow(26,1,1), Follow(27,1,1), Follow(28,1,1), Follow(29,1,1), Follow(30,1,1), Follow(31,1,1), Follow(32,1,1), Follow(33,1,1), Follow(34,1,1), Follow(35,1,1), Follow(36,1,1), Follow(37,1,1), Follow(38,1,1), Follow(39,1,1), Follow(40,1,1), Follow(41,1,1), Follow(42,1,1), Follow(43,1,1), Follow(44,1,1), Follow(45,1,1), Follow(46,1,1), Follow(47,1,1), Follow(48,1,1), Follow(49,1,1), Follow(50,1,1), Follow(51,1,1), Follow(52,1,1), Follow(53,1,1), Follow(54,1,1), Follow(55,1,1), Follow(1,1,1), Follow(2,1,1), Follow(3,1,1), Follow(4,1,1), Follow(5,1,1), Follow(6,1,1), Follow(7,1,1), Follow(8,1,1), Follow(9,1,1), Follow(10,1,1), Follow(11,1,1), Follow(12,1,1), Follow(13,1,1), Follow(14,1,1), Follow(15,1,1), Follow(16,1,1), Follow(17,1,1), Follow(18,1,1), Follow(19,1,1), Follow(20,1,1), Follow(21,1,1), Follow(22,1,1), Follow(23,1,1), Follow(24,1,1), Follow(25,1,1), Follow(26,1,1), Follow(27,1,1), Follow(28,1,1), Follow(29,1,1), Follow(30,1,1), Follow(31,1,1), Follow(32,1,1), Follow(33,1,1), Follow(34,1,1), Follow(35,1,1), Follow(36,1,1), Follow(37,1,1), Follow(38,1,1), Follow(39,1,1), Follow(40,1,1), Follow(41,1,1), Follow(42,1,1), Follow(43,1,1), Follow(44,1,1), Follow(45,1,1), Follow(46,1,1), Follow(47,1,1), Follow(48,1,1), Follow(49,1,1), Follow(50,1,1), Follow(51,1,1), Follow(52,1,1), Follow(53,1,1), Follow(54,1,1), Follow(55,1,1), Follow(56,1,1), Follow(1,1,1), Follow(2,1,1), Follow(3,1,1), Follow(4,1,1), Follow(5,1,1), Follow(6,1,1), Follow(7,1,1), Follow(8,1,1), Follow(9,1,1), Follow(10,1,1), Follow(11,1,1), Follow(12,1,1), Follow(13,1,1), Follow(14,1,1), Follow(15,1,1), Follow(16,1,1), Follow(17,1,1), Follow(18,1,1), Follow(19,1,1), Follow(20,1,1), Follow(21,1,1), Follow(22,1,1), Follow(23,1,1), Follow(24,1,1), Follow(25,1,1), Follow(26,1,1), Follow(27,1,1), Follow(28,1,1), Follow(29,1,1), Follow(30,1,1), Follow(31,1,1), Follow(32,1,1), Follow(33,1,1), Follow(34,1,1), Follow(35,1,1), Follow(36,1,1), Follow(37,1,1), Follow(38,1,1), Follow(39,1,1), Follow(40,1,1), Follow(41,1,1), Follow(42,1,1), Follow(43,1,1), Follow(44,1,1), Follow(45,1,1), Follow(46,1,1), Follow(47,1,1), Follow(48,1,1), Follow(49,1,1), Follow(50,1,1), Follow(51,1,1), Follow(52,1,1), Follow(53,1,1), Follow(54,1,1), Follow(55,1,1), Follow(56,1,1), Follow(57,1,1), Follow(1,1,1), Follow(2,1,1), Follow(3,1,1), Follow(4,1,1), Follow(5,1,1), Follow(6,1,1), Follow(7,1,1), Follow(8,1,1), Follow(9,1,1), Follow(10,1,1), Follow(11,1,1), Follow(12,1,1), Follow(13,1,1), Follow(14,1,1), Follow(15,1,1), Follow(16,1,1), Follow(17,1,1), Follow(18,1,1), Follow(19,1,1), Follow(20,1,1), Follow(21,1,1), Follow(22,1,1), Follow(23,1,1), Follow(24,1,1), Follow(25,1,1), Follow(26,1,1), Follow(27,1,1), Follow(28,1,1), Follow(29,1,1), Follow(30,1,1), Follow(31,1,1), Follow(32,1,1), Follow(33,1,1), Follow(34,1,1), Follow(35,1,1), Follow(36,1,1), Follow(37,1,1), Follow(38,1,1), Follow(39,1,1), Follow(40,1,1), Follow(41,1,1), Follow(42,1,1), Follow(43,1,1), Follow(44,1,1), Follow(45,1,1), Follow(46,1,1), Follow(47,1,1), Follow(48,1,1), Follow(49,1,1), Follow(50,1,1), Follow(51,1,1), Follow(52,1,1), Follow(53,1,1), Follow(54,1,1), Follow(55,1,1), Follow(56,1,1), Follow(57,1,1), Follow(58,1,1), Follow(1,1,1), Follow(2,1,1), Follow(3,1,1), Follow(4,1,1), Follow(5,1,1), Follow(6,1,1), Follow(7,1,1), Follow(8,1,1), Follow(9,1,1), Follow(10,1,1), Follow(11,1,1), Follow(12,1,1), Follow(13,1,1), Follow(14,1,1), Follow(15,1,1), Follow(16,1,1), Follow(17,1,1), Follow(18,1,1), Follow(19,1,1), Follow(20,1,1), Follow(21,1,1), Follow(22,1,1), Follow(23,1,1), Follow(24,1,1), Follow(25,1,1), Follow(26,1,1), Follow(27,1,1), Follow(28,1,1), Follow(29,1,1), Follow(30,1,1), Follow(31,1,1), Follow(32,1,1), Follow(33,1,1), Follow(34,1,1), Follow(35,1,1), Follow(36,1,1), Follow(37,1,1), Follow(38,1,1), Follow(39,1,1), Follow(40,1,1), Follow(41,1,1), Follow(42,1,1), Follow(43,1,1), Follow(44,1,1), Follow(45,1,1), Follow(46,1,1), Follow(47,1,1), Follow(48,1,1), Follow(49,1,1), Follow(50,1,1), Follow(51,1,1), Follow(52,1,1), Follow(53,1,1), Follow(54,1,1), Follow(55,1,1), Follow(56,1,1), Follow(57,1,1), Follow(58,1,1), Follow(59,1,1), Follow(1,1,1), Follow(2,1,1), Follow(3,1,1), Follow(4,1,1), Follow(5,1,1), Follow(6,1,1), Follow(7,1,1), Follow(8,1,1), Follow(9,1,1), Follow(10,1,1), Follow(11,1,1), Follow(12,1,1), Follow(13,1,1), Follow(14,1,1), Follow(15,1,1), Follow(16,1,1), Follow(17,1,1), Follow(18,1,1), Follow(19,1,1), Follow(20,1,1), Follow(21,1,1), Follow(22,1,1), Follow(23,1,1), Follow(24,1,1), Follow(25,1,1), Follow(26,1,1), Follow(27,1,1), Follow(28,1,1), Follow(29,1,1), Follow(30,1,1), Follow(31,1,1), Follow(32,1,1), Follow(33,1,1), Follow(34,1,1), Follow(35,1,1), Follow(36,1,1), Follow(37,1,1), Follow(38,1,1), Follow(39,1,1), Follow(40,1,1), Follow(41,1,1), Follow(42,1,1), Follow(43,1,1), Follow(44,1,1), Follow(45,1,1), Follow(46,1,1), Follow(47,1,1), Follow(48,1,1), Follow(49,1,1), Follow(50,1,1), Follow(51,1,1), Follow(52,1,1), Follow(53,1,1), Follow(54,1,1), Follow(55,1,1), Follow(56,1,1), Follow(57,1,1), Follow(58,1,1), Follow(59,1,1), Follow(60,1,1), Follow(1,1,1), Follow(2,1,1), Follow(3,1,1), Follow(4,1,1), Follow(5,1,1), Follow(6,1,1), Follow(7,1,1), Follow(8,1,1), Follow(9,1,1), Follow(10,1,1), Follow(11,1,1), Follow(12,1,1), Follow(13,1,1), Follow(14,1,1), Follow(15,1,1), Follow(16,1,1), Follow(17,1,1), Follow(18,1,1), Follow(19,1,1), Follow(20,1,1), Follow(21,1,1), Follow(22,1,1), Follow(23,1,1), Follow(24,1,1), Follow(25,1,1), Follow(26,1,1), Follow(27,1,1), Follow(28,1,1), Follow(29,1,1), Follow(30,1,1), Follow(31,1,1), Follow(32,1,1), Follow(33,1,1), Follow(34,1,1), Follow(35,1,1), Follow(36,1,1), Follow(37,1,1), Follow(38,1,1), Follow(39,1,1), Follow(40,1,1), Follow(41,1,1), Follow(42,1,1), Follow(43,1,1), Follow(44,1,1), Follow(45,1,1), Follow(46,1,1), Follow(47,1,1), Follow(48,1,1), Follow(49,1,1), Follow(50,1,1), Follow(51,1,1), Follow(52,1,1), Follow(53,1,1), Follow(54,1,1), Follow(55,1,1), Follow(56,1,1), Follow(57,1,1), Follow(58,1,1), Follow(59,1,1), Follow(60,1,1), Follow(61,1,1), Follow(1,1,1), Follow(2,1,1), Follow(3,1,1), Follow(4,1,1), Follow(5,1,1), Follow(6,1,1), Follow(7,1,1), Follow(8,1,1), Follow(9,1,1), Follow(10,1,1), Follow(11,1,1), Follow(12,1,1), Follow(13,1,1), Follow(14,1,1), Follow(15,1,1), Follow(16,1,1), Follow(17,1,1), Follow(18,1,1), Follow(19,1,1), Follow(20,1,1), Follow(21,1,1), Follow(22,1,1), Follow(23,1,1), Follow(24,1,1), Follow(25,1,1), Follow(26,1,1), Follow(27,1,1), Follow(28,1,1), Follow(29,1,1), Follow(30,1,1), Follow(31,1,1), Follow(32,1,1), Follow(33,1,1), Follow(34,1,1), Follow(35,1,1), Follow(36,1,1), Follow(37,1,1), Follow(38,1,1), Follow(39,1,1), Follow(40,1,1), Follow(41,1,1), Follow(42,1,1), Follow(43,1,1), Follow(44,1,1), Follow(45,1,1), Follow(46,1,1), Follow(47,1,1), Follow(48,1,1), Follow(49,1,1), Follow(50,1,1), Follow(51,1,1), Follow(52,1,1), Follow(53,1,1), Follow(54,1,1), Follow(55,1,1), Follow(56,1,1), Follow(57,1,1), Follow(58,1,1), Follow(59,1,1), Follow(60,1,1), Follow(61,1,1), Follow(62,1,1), Follow(1,1,1), Follow(2,1,1), Follow(3,1,1), Follow(4,1,1), Follow(5,1,1), Follow(6,1,1), Follow(7,1,1), Follow(8,1,1), Follow(9,1,1), Follow(10,1,1), Follow(11,1,1), Follow(12,1,1), Follow(13,1,1), Follow(14,1,1), Follow(15,1,1), Follow(16,1,1), Follow(17,1,1), Follow(18,1,1), Follow(19,1,1), Follow(20,1,1), Follow(21,1,1), Follow(22,1,1), Follow(23,1,1), Follow(24,1,1), Follow(25,1,1), Follow(26,1,1), Follow(27,1,1), Follow(28,1,1), Follow(29,1,1), Follow(30,1,1), Follow(31,1,1), Follow(32,1,1), Follow(33,1,1), Follow(34,1,1), Follow(35,1,1), Follow(36,1,1), Follow(37,1,1), Follow(38,1,1), Follow(39,1,1), Follow(40,1,1), Follow(41,1,1), Follow(42,1,1), Follow(43,1,1), Follow(44,1,1), Follow(45,1,1), Follow(46,1,1), Follow(47,1,1), Follow(48,1,1), Follow(49,1,1), Follow(50,1,1), Follow(51,1,1), Follow(52,1,1), Follow(53,1,1), Follow(54,1,1), Follow(55,1,1), Follow(56,1,1), Follow(57,1,1), Follow(58,1,1), Follow(59,1,1), Follow(60,1,1), Follow(61,1,1), Follow(62,1,1), Follow(63,1,1), Follow(1,1,1), Follow(2,1,1), Follow(3,1,1), Follow(4,1,1), Follow(5,1,1), Follow(6,1,1), Follow(7,1,1), Follow(8,1,1), Follow(9,1,1), Follow(10,1,1), Follow(11,1,1), Follow(12,1,1), Follow(13,1,1), Follow(14,1,1), Follow(15,1,1), Follow(16,1,1), Follow(17,1,1), Follow(18,1,1), Follow(19,1,1), Follow(20,1,1), Follow(21,1,1), Follow(22,1,1), Follow(23,1,1), Follow(24,1,1), Follow(25,1,1), Follow(26,1,1), Follow(27,1,1), Follow(28,1,1), Follow(29,1,1), Follow(30,1,1), Follow(31,1,1), Follow(32,1,1), Follow(33,1,1), Follow(34,1,1), Follow(35,1,1), Follow(36,1,1), Follow(37,1,1), Follow(38,1,1), Follow(39,1,1), Follow(40,1,1), Follow(41,1,1), Follow(42,1,1), Follow(43,1,1), Follow(44,1,1), Follow(45,1,1), Follow(46,1,1), Follow(47,1,1), Follow(48,1,1), Follow(49,1,1), Follow(50,1,1), Follow(51,1,1), Follow(52,1,1), Follow(53,1,1), Follow(54,1,1), Follow(55,1,1), Follow(56,1,1), Follow(57,1,1), Follow(58,1,1), Follow(59,1,1), Follow(60,1,1), Follow(61,1,1), Follow(62,1,1), Follow(63,1,1), Follow(64,1,1), Follow(1,1,1), Follow(2,1,1), Follow(3,1,1), Follow(4,1,1), Follow(5,1,1), Follow(6,1,1), Follow(7,1,1), Follow(8,1,1), Follow(9,1,1), Follow(10,1,1), Follow(11,1,1), Follow(12,1,1), Follow(13,1,1), Follow(14,1,1), Follow(15,1,1), Follow(16,1,1), Follow(17,1,1), Follow(18,1,1), Follow(19,1,1), Follow(20,1,1), Follow(21,1,1), Follow(22,1,1), Follow(23,1,1), Follow(24,1,1), Follow(25,1,1), Follow(26,1,1), Follow(27,1,1), Follow(28,1,1), Follow(29,1,1), Follow(30,1,1), Follow(31,1,1), Follow(32,1,1), Follow(33,1,1), Follow(34,1,1), Follow(35,1,1), Follow(36,1,1), Follow(37,1,1), Follow(38,1,1), Follow(39,1,1), Follow(40,1,1), Follow(41,1,1), Follow(42,1,1), Follow(43,1,1), Follow(44,1,1), Follow(45,1,1), Follow(46,1,1), Follow(47,1,1), Follow(48,1,1), Follow(49,1,1), Follow(50,1,1), Follow(51,1,1), Follow(52,1,1), Follow(53,1,1), Follow(54,1,1), Follow(55,1,1), Follow(56,1,1), Follow(57,1,1), Follow(58,1,1), Follow(59,1,1), Follow(60,1,1), Follow(61,1,1), Follow(62,1,1), Follow(63,1,1), Follow(64,1,1), Follow(65,1,1), Follow(1,1,1), Follow(2,1,1), Follow(3,1,1), Follow(4,1,1), Follow(5,1,1), Follow(6,1,1), Follow(7,1,1), Follow(8,1,1), Follow(9,1,1), Follow(10,1,1), Follow(11,1,1), Follow(12,1,1), Follow(13,1,1), Follow(14,1,1), Follow(15,1,1), Follow(16,1,1), Follow(17,1,1), Follow(18,1,1), Follow(19,1,1), Follow(20,1,1), Follow(21,1,1), Follow(22,1,1), Follow(23,1,1), Follow(24,1,1), Follow(25,1,1), Follow(26,1,1), Follow(27,1,1), Follow(28,1,1), Follow(29,1,1), Follow(30,1,1), Follow(31,1,1), Follow(32,1,1), Follow(33,1,1), Follow(34,1,1), Follow(35,1,1), Follow(36,1,1), Follow(37,1,1), Follow(38,1,1), Follow(39,1,1), Follow(40,1,1), Follow(41,1,1), Follow(42,1,1), Follow(43,1,1), Follow(44,1,1), Follow(45,1,1), Follow(46,1,1), Follow(47,1,1), Follow(48,1,1), Follow(49,1,1), Follow(50,1,1), Follow(51,1,1), Follow(52,1,1), Follow(53,1,1), Follow(54,1,1), Follow(55,1,1), Follow(56,1,1), Follow(57,1,1), Follow(58,1,1), Follow(59,1,1), Follow(60,1,1), Follow(61,1,1), Follow(62,1,1), Follow(63,1,1), Follow(64,1,1), Follow(65,1,1), Follow(66,1,1), Follow(1,1,1), Follow(2,1,1), Follow(3,1,1), Follow(4,1,1), Follow(5,1,1), Follow(6,1,1), Follow(7,1,1), Follow(8,1,1), Follow(9,1,1), Follow(10,1,1), Follow(11,1,1), Follow(12,1,1), Follow(13,1,1), Follow(14,1,1), Follow(15,1,1), Follow(16,1,1), Follow(17,1,1), Follow(18,1,1), Follow(19,1,1), Follow(20,1,1), Follow(21,1,1), Follow(22,1,1), Follow(23,1,1), Follow(24,1,1), Follow(25,1,1), Follow(26,1,1), Follow(27,1,1), Follow(28,1,1), Follow(29,1,1), Follow(30,1,1), Follow(31,1,1), Follow(32,1,1), Follow(33,1,1), Follow(34,1,1), Follow(35,1,1), Follow(36,1,1), Follow(37,1,1), Follow(38,1,1), Follow(39,1,1), Follow(40,1,1), Follow(41,1,1), Follow(42,1,1), Follow(43,1,1), Follow(44,1,1), Follow(45,1,1), Follow(46,1,1), Follow(47,1,1), Follow(48,1,1), Follow(49,1,1), Follow(50,1,1), Follow(51,1,1), Follow(52,1,1), Follow(53,1,1), Follow(54,1,1), Follow(55,1,1), Follow(56,1,1), Follow(57,1,1), Follow(58,1,1), Follow(59,1,1), Follow(60,1,1), Follow(61,1,1), Follow(62,1,1), Follow(63,1,1), Follow(64,1,1), Follow(65,1,1), Follow(66,1,1), Follow(67,1,1), Follow(1,1,1), Follow(2,1,1), Follow(3,1,1), Follow(4,1,1), Follow(5,1,1), Follow(6,1,1), Follow(7,1,1), Follow(8,1,1), Follow(9,1,1), Follow(10,1,1), Follow(11,1,1), Follow(12,1,1), Follow(13,1,1), Follow(14,1,1), Follow(15,1,1), Follow(16,1,1), Follow(17,1,1), Follow(18,1,1), Follow(19,1,1), Follow(20,1,1), Follow(21,1,1), Follow(22,1,1), Follow(23,1,1), Follow(24,1,1), Follow(25,1,1), Follow(26,1,1), Follow(27,1,1), Follow(28,1,1), Follow(29,1,1), Follow(30,1,1), Follow(31,1,1), Follow(32,1,1), Follow(33,1,1), Follow(34,1,1), Follow(35,1,1), Follow(36,1,1), Follow(37,1,1), Follow(38,1,1), Follow(39,1,1), Follow(40,1,1), Follow(41,1,1), Follow(42,1,1), Follow(43,1,1), Follow(44,1,1), Follow(45,1,1), Follow(46,1,1), Follow(47,1,1), Follow(48,1,1), Follow(49,1,1), Follow(50,1,1), Follow(51,1,1), Follow(52,1,1), Follow(53,1,1), Follow(54,1,1), Follow(55,1,1), Follow(56,1,1), Follow(57,1,1), Follow(58,1,1), Follow(59,1,1), Follow(60,1,1), Follow(61,1,1), Follow(62,1,1), Follow(63,1,1), Follow(64,1,1), Follow(65,1,1), Follow(66,1,1), Follow(67,1,1), Follow(68,1,1), Follow(1,1,1), Follow(2,1,1), Follow(3,1,1), Follow(4,1,1), Follow(5,1,1), Follow(6,1,1), Follow(7,1,1), Follow(8,1,1), Follow(9,1,1), Follow(10,1,1), Follow(11,1,1), Follow(12,1,1), Follow(13,1,1), Follow(14,1,1), Follow(15,1,1), Follow(16,1,1), Follow(17,1,1), Follow(18,1,1), Follow(19,1,1), Follow(20,1,1), Follow(21,1,1), Follow(22,1,1), Follow(23,1,1), Follow(24,1,1), Follow(25,1,1), Follow(26,1,1), Follow(27,1,1), Follow(28,1,1), Follow(29,1,1), Follow(30,1,1), Follow(31,1,1), Follow(32,1,1), Follow(33,1,1), Follow(34,1,1), Follow(35,1,1), Follow(36,1,1), Follow(37,1,1), Follow(38,1,1), Follow(39,1,1), Follow(40,1,1), Follow(41,1,1), Follow(42,1,1), Follow(43,1,1), Follow(44,1,1), Follow(45,1,1), Follow(46,1,1), Follow(47,1,1), Follow(48,1,1), Follow(49,1,1), Follow(50,1,1), Follow(51,1,1), Follow(52,1,1), Follow(53,1,1), Follow(54,1,1), Follow(55,1,1), Follow(56,1,1), Follow(57,1,1), Follow(58,1,1), Follow(59,1,1), Follow(60,1,1), Follow(61,1,1), Follow(62,1,1), Follow(63,1,1), Follow(64,1,1), Follow(65,1,1), Follow(66,1,1), Follow(67,1,1), Follow(68,1,1), Follow(69,1,1), Follow(1,1,1), Follow(2,1,1), Follow(3,1,1), Follow(4,1,1), Follow(5,1,1), Follow(6,1,1), Follow(7,1,1), Follow(8,1,1), Follow(9,1,1), Follow(10,1,1), Follow(11,1,1), Follow(12,1,1), Follow(13,1,1), Follow(14,1,1), Follow(15,1,1), Follow(16,1,1), Follow(17,1,1), Follow(18,1,1), Follow(19,1,1), Follow(20,1,1), Follow(21,1,1), Follow(22,1,1), Follow(23,1,1), Follow(24,1,1), Follow(25,1,1), Follow(26,1,1), Follow(27,1,1), Follow(28,1,1), Follow(29,1,1), Follow(30,1,1), Follow(31,1,1), Follow(32,1,1), Follow(33,1,1), Follow(34,1,1), Follow(35,1,1), Follow(36,1,1), Follow(37,1,1), Follow(38,1,1), Follow(39,1,1), Follow(40,1,1), Follow(41,1,1), Follow(42,1,1), Follow(43,1,1), Follow(44,1,1), Follow(45,1,1), Follow(46,1,1), Follow(47,1,1), Follow(48,1,1), Follow(49,1,1), Follow(50,1,1), Follow(51,1,1), Follow(52,1,1), Follow(53,1,1), Follow(54,1,1), Follow(55,1,1), Follow(56,1,1), Follow(57,1,1), Follow(58,1,1), Follow(59,1,1), Follow(60,1,1), Follow(61,1,1), Follow(62,1,1), Follow(63,1,1), Follow(64,1,1), Follow(65,1,1), Follow(66,1,1), Follow(67,1,1), Follow(68,1,1), Follow(69,1,1), Follow(70,1,1), Follow(1,1,1), Follow(2,1,1), Follow(3,1,1), Follow(4,1,1), Follow(5,1,1), Follow(6,1,1), Follow(7,1,1), Follow(8,1,1), Follow(9,1,1), Follow(10,1,1), Follow(11,1,1), Follow(12,1,1), Follow(13,1,1), Follow(14,1,1), Follow(15,1,1), Follow(16,1,1), Follow(17,1,1), Follow(18,1,1), Follow(19,1,1), Follow(20,1,1), Follow(21,1,1), Follow(22,1,1), Follow(23,1,1), Follow(24,1,1), Follow(25,1,1), Follow(26,1,1), Follow(27,1,1), Follow(28,1,1), Follow(29,1,1), Follow(30,1,1), Follow(31,1,1), Follow(32,1,1), Follow(33,1,1), Follow(34,1,1), Follow(35,1,1), Follow(36,1,1), Follow(37,1,1), Follow(38,1,1), Follow(39,1,1), Follow(40,1,1), Follow(41,1,1), Follow(42,1,1), Follow(43,1,1), Follow(44,1,1), Follow(45,1,1), Follow(46,1,1), Follow(47,1,1), Follow(48,1,1), Follow(49,1,1), Follow(50,1,1), Follow(51,1,1), Follow(52,1,1), Follow(53,1,1), Follow(54,1,1), Follow(55,1,1), Follow(56,1,1), Follow(57,1,1), Follow(58,1,1), Follow(59,1,1), Follow(60,1,1), Follow(61,1,1), Follow(62,1,1), Follow(63,1,1), Follow(64,1,1), Follow(65,1,1), Follow(66,1,1), Follow(67,1,1), Follow(68,1,1), Follow(69,1,1), Follow(70,1,1), Follow(71,1,1), Follow(1,1,1), Follow(2,1,1), Follow(3,1,1), Follow(4,1,1), Follow(5,1,1), Follow(6,1,1), Follow(7,1,1), Follow(8,1,1), Follow(9,1,1), Follow(10,1,1), Follow(11,1,1), Follow(12,1,1), Follow(13,1,1), Follow(14,1,1), Follow(15,1,1), Follow(16,1,1), Follow(17,1,1), Follow(18,1,1), Follow(19,1,1), Follow(20,1,1), Follow(21,1,1), Follow(22,1,1), Follow(23,1,1), Follow(24,1,1), Follow(25,1,1), Follow(26,1,1), Follow(27,1,1), Follow(28,1,1), Follow(29,1,1), Follow(30,1,1), Follow(31,1,1), Follow(32,1,1), Follow(33,1,1), Follow(34,1,1), Follow(35,1,1), Follow(36,1,1), Follow(37,1,1), Follow(38,1,1), Follow(39,1,1), Follow(40,1,1), Follow(41,1,1), Follow(42,1,1), Follow(43,1,1), Follow(44,1,1), Follow(45,1,1), Follow(46,1,1), Follow(47,1,1), Follow(48,1,1), Follow(49,1,1), Follow(50,1,1), Follow(51,1,1), Follow(52,1,1), Follow(53,1,1), Follow(54,1,1), Follow(55,1,1), Follow(56,1,1), Follow(57,1,1), Follow(58,1,1), Follow(59,1,1), Follow(60,1,1), Follow(61,1,1), Follow(62,1,1), Follow(63,1,1), Follow(64,1,1), Follow(65,1,1), Follow(66,1,1), Follow(67,1,1), Follow(68,1,1), Follow(69,1,1), Follow(70,1,1), Follow(71,1,1), Follow(72,1,1), Follow(1,1,1), Follow(2,1,1), Follow(3,1,1), Follow(4,1,1), Follow(5,1,1), Follow(6,1,1), Follow(7,1,1), Follow(8,1,1), Follow(9,1,1), Follow(10,1,1), Follow(11,1,1), Follow(12,1,1), Follow(13,1,1), Follow(14,1,1), Follow(15,1,1), Follow(16,1,1), Follow(17,1,1), Follow(18,1,1), Follow(19,1,1), Follow(20,1,1), Follow(21,1,1), Follow(22,1,1), Follow(23,1,1), Follow(24,1,1), Follow(25,1,1), Follow(26,1,1), Follow(27,1,1), Follow(28,1,1), Follow(29,1,1), Follow(30,1,1), Follow(31,1,1), Follow(32,1,1), Follow(33,1,1), Follow(34,1,1), Follow(35,1,1), Follow(36,1,1), Follow(37,1,1), Follow(38,1,1), Follow(39,1,1), Follow(40,1,1), Follow(41,1,1), Follow(42,1,1), Follow(43,1,1), Follow(44,1,1), Follow(45,1,1), Follow(46,1,1), Follow(47,1,1), Follow(48,1,1), Follow(49,1,1), Follow(50,1,1), Follow(51,1,1), Follow(52,1,1), Follow(53,1,1), Follow(54,1,1), Follow(55,1,1), Follow(56,1,1), Follow(57,1,1), Follow(58,1,1), Follow(59,1,1), Follow(60,1,1), Follow(61,1,1), Follow(62,1,1), Follow(63,1,1), Follow(64,1,1), Follow(65,1,1), Follow(66,1,1), Follow(67,1,1), Follow(68,1,1), Follow(69,1,1), Follow(70,1,1), Follow(71,1,1), Follow(72,1,1), Follow(73,1,1), Follow(1,1,1), Follow(2,1,1), Follow(3,1,1), Follow(4,1,1), Follow(5,1,1), Follow(6,1,1), Follow(7,1,1), Follow(8,1,1), Follow(9,1,1), Follow(10,1,1), Follow(11,1,1), Follow(12,1,1), Follow(13,1,1), Follow(14,1,1), Follow(15,1,1), Follow(16,1,1), Follow(17,1,1), Follow(18,1,1), Follow(19,1,1), Follow(20,1,1), Follow(21,1,1), Follow(22,1,1), Follow(23,1,1), Follow(24,1,1), Follow(25,1,1), Follow(26,1,1), Follow(27,1,1), Follow(28,1,1), Follow(29,1,1), Follow(30,1,1), Follow(31,1,1), Follow(32,1,1), Follow(33,1,1), Follow(34,1,1), Follow(35,1,1), Follow(36,1,1), Follow(37,1,1), Follow(38,1,1), Follow(39,1,1), Follow(40,1,1), Follow(41,1,1), Follow(42,1,1), Follow(43,1,1), Follow(44,1,1), Follow(45,1,1), Follow(46,1,1), Follow(47,1,1), Follow(48,1,1), Follow(49,1,1), Follow(50,1,1), Follow(51,1,1), Follow(52,1,1), Follow(53,1,1), Follow(54,1,1), Follow(55,1,1), Follow(56,1,1), Follow(57,1,1), Follow(58,1,1), Follow(59,1,1), Follow(60,1,1), Follow(61,1,1), Follow(62,1,1), Follow(63,1,1), Follow(64,1,1), Follow(65,1,1), Follow(66,1,1), Follow(67,1,1), Follow(68,1,1), Follow(69,1,1), Follow(70,1,1), Follow(71,1,1), Follow(72,1,1), Follow(73,1,1), Follow(74,1,1), Follow(1,1,1), Follow(2,1,1), Follow(3,1,1), Follow(4,1,1), Follow(5,1,1), Follow(6,1,1), Follow(7,1,1), Follow(8,1,1), Follow(9,1,1), Follow(10,1,1), Follow(11,1,1), Follow(12,1,1), Follow(13,1,1), Follow(14,1,1), Follow(15,1,1), Follow(16,1,1), Follow(17,1,1), Follow(18,1,1), Follow(19,1,1), Follow(20,1,1), Follow(21,1,1), Follow(22,1,1), Follow(23,1,1), Follow(24,1,1), Follow(25,1,1), Follow(26,1,1), Follow(27,1,1), Follow(28,1,1), Follow(29,1,1), Follow(30,1,1), Follow(31,1,1), Follow(32,1,1), Follow(33,1,1), Follow(34,1,1), Follow(35,1,1), Follow(36,1,1), Follow(37,1,1), Follow(38,1,1), Follow(39,1,1), Follow(40,1,1), Follow(41,1,1), Follow(42,1,1), Follow(43,1,1), Follow(44,1,1), Follow(45,1,1), Follow(46,1,1), Follow(47,1,1), Follow(48,1,1), Follow(49,1,1), Follow(50,1,1), Follow(51,1,1), Follow(52,1,1), Follow(53,1,1), Follow(54,1,1), Follow(55,1,1), Follow(56,1,1), Follow(57,1,1), Follow(58,1,1), Follow(59,1,1), Follow(60,1,1), Follow(61,1,1), Follow(62,1,1), Follow(63,1,1), Follow(64,1,1), Follow(65,1,1), Follow(66,1,1), Follow(67,1,1), Follow(68,1,1), Follow(69,1,1), Follow(70,1,1), Follow(71,1,1), Follow(72,1,1), Follow(73,1,1), Follow(74,1,1), Follow(75,1,1), Follow(1,1,1), Follow(2,1,1), Follow(3,1,1), Follow(4,1,1), Follow(5,1,1), Follow(6,1,1), Follow(7,1,1), Follow(8,1,1), Follow(9,1,1), Follow(10,1,1), Follow(11,1,1), Follow(12,1,1), Follow(13,1,1), Follow(14,1,1), Follow(15,1,1), Follow(16,1,1), Follow(17,1,1), Follow(18,1,1), Follow(19,1,1), Follow(20,1,1), Follow(21,1,1), Follow(22,1,1), Follow(23,1,1), Follow(24,1,1), Follow(25,1,1), Follow(26,1,1), Follow(27,1,1), Follow(28,1,1), Follow(29,1,1), Follow(30,1,1), Follow(31,1,1), Follow(32,1,1), Follow(33,1,1), Follow(34,1,1), Follow(35,1,1), Follow(36,1,1), Follow(37,1,1), Follow(38,1,1), Follow(39,1,1), Follow(40,1,1), Follow(41,1,1), Follow(42,1,1), Follow(43,1,1), Follow(44,1,1), Follow(45,1,1), Follow(46,1,1), Follow(47,1,1), Follow(48,1,1), Follow(49,1,1), Follow(50,1,1), Follow(51,1,1), Follow(52,1,1), Follow(53,1,1), Follow(54,1,1), Follow(55,1,1), Follow(56,1,1), Follow(57,1,1), Follow(58,1,1), Follow(59,1,1), Follow(60,1,1), Follow(61,1,1), Follow(62,1,1), Follow(63,1,1), Follow(64,1,1), Follow(65,1,1), Follow(66,1,1), Follow(67,1,1), Follow(68,1,1), Follow(69,1,1), Follow(70,1,1), Follow(71,1,1), Follow(72,1,1), Follow(73,1,1), Follow(74,1,1), Follow(75,1,1), Follow(76,1,1), Follow(1,1,1), Follow(2,1,1), Follow(3,1,1), Follow(4,1,1), Follow(5,1,1), Follow(6,1,1), Follow(7,1,1), Follow(8,1,1), Follow(9,1,1), Follow(10,1,1), Follow(11,1,1), Follow(12,1,1), Follow(13,1,1), Follow(14,1,1), Follow(15,1,1), Follow(16,1,1), Follow(17,1,1), Follow(18,1,1), Follow(19,1,1), Follow(20,1,1), Follow(21,1,1), Follow(22,1,1), Follow(23,1,1), Follow(24,1,1), Follow(25,1,1), Follow(26,1,1), Follow(27,1,1), Follow(28,1,1), Follow(29,1,1), Follow(30,1,1), Follow(31,1,1), Follow(32,1,1), Follow(33,1,1), Follow(34,1,1), Follow(35,1,1), Follow(36,1,1), Follow(37,1,1), Follow(38,1,1), Follow(39,1,1), Follow(40,1,1), Follow(41,1,1), Follow(42,1,1), Follow(43,1,1), Follow(44,1,1), Follow(45,1,1), Follow(46,1,1), Follow(47,1,1), Follow(48,1,1), Follow(49,1,1), Follow(50,1,1), Follow(51,1,1), Follow(52,1,1), Follow(53,1,1), Follow(54,1,1), Follow(55,1,1), Follow(56,1,1), Follow(57,1,1), Follow(58,1,1), Follow(59,1,1), Follow(60,1,1), Follow(61,1,1), Follow(62,1,1), Follow(63,1,1), Follow(64,1,1), Follow(65,1,1), Follow(66,1,1), Follow(67,1,1), Follow(68,1,1), Follow(69,1,1), Follow(70,1,1), Follow(71,1,1), Follow(72,1,1), Follow(73,1,1), Follow(74,1,1), Follow(75,1,1), Follow(76,1,1), Follow(77,1,1), Follow(1,1,1), Follow(2,1,1), Follow(3,1,1), Follow(4,1,1), Follow(5,1,1), Follow(6,1,1), Follow(7,1,1), Follow(8,1,1), Follow(9,1,1), Follow(10,1,1), Follow(11,1,1), Follow(12,1,1), Follow(13,1,1), Follow(14,1,1), Follow(15,1,1), Follow(16,1,1), Follow(17,1,1), Follow(18,1,1), Follow(19,1,1), Follow(20,1,1), Follow(21,1,1), Follow(22,1,1), Follow(23,1,1), Follow(24,1,1), Follow(25,1,1), Follow(26,1,1), Follow(27,1,1), Follow(28,1,1), Follow(29,1,1), Follow(30,1,1), Follow(31,1,1), Follow(32,1,1), Follow(33,1,1), Follow(34,1,1), Follow(35,1,1), Follow(36,1,1), Follow(37,1,1), Follow(38,1,1), Follow(39,1,1), Follow(40,1,1), Follow(41,1,1), Follow(42,1,1), Follow(43,1,1), Follow(44,1,1), Follow(45,1,1), Follow(46,1,1), Follow(47,1,1), Follow(48,1,1), Follow(49,1,1), Follow(50,1,1), Follow(51,1,1), Follow(52,1,1), Follow(53,1,1), Follow(54,1,1), Follow(55,1,1), Follow(56,1,1), Follow(57,1,1), Follow(58,1,1), Follow(59,1,1), Follow(60,1,1), Follow(61,1,1), Follow(62,1,1), Follow(63,1,1), Follow(64,1,1), Follow(65,1,1), Follow(66,1,1), Follow(67,1,1), Follow(68,1,1), Follow(69,1,1), Follow(70,1,1), Follow(71,1,1), Follow(72,1,1), Follow(73,1,1), Follow(74,1,1), Follow(75,1,1), Follow(76,1,1), Follow(77,1,1), Follow(78,1,1), Follow(1,1,1), Follow(2,1,1), Follow(3,1,1), Follow(4,1,1), Follow(5,1,1), Follow(6,1,1), Follow(7,1,1), Follow(8,1,1), Follow(9,1,1), Follow(10,1,1), Follow(11,1,1), Follow(12,1,1), Follow(13,1,1), Follow(14,1,1), Follow(15,1,1), Follow(16,1,1), Follow(17,1,1), Follow(18,1,1), Follow(19,1,1), Follow(20,1,1), Follow(21,1,1), Follow(22,1,1), Follow(23,1,1), Follow(24,1,1), Follow(25,1,1), Follow(26,1,1), Follow(27,1,1), Follow(28,1,1), Follow(29,1,1), Follow(30,1,1), Follow(31,1,1), Follow(32,1,1), Follow(33,1,1), Follow(34,1,1), Follow(35,1,1), Follow(36,1,1), Follow(37,1,1), Follow(38,1,1), Follow(39,1,1), Follow(40,1,1), Follow(41,1,1), Follow(42,1,1), Follow(43,1,1), Follow(44,1,1), Follow(45,1,1), Follow(46,1,1), Follow(47,1,1), Follow(48,1,1), Follow(49,1,1), Follow(50,1,1), Follow(51,1,1), Follow(52,1,1), Follow(53,1,1), Follow(54,1,1), Follow(55,1,1), Follow(56,1,1), Follow(57,1,1), Follow(58,1,1), Follow(59,1,1), Follow(60,1,1), Follow(61,1,1), Follow(62,1,1), Follow(63,1,1), Follow(64,1,1), Follow(65,1,1), Follow(66,1,1), Follow(67,1,1), Follow(68,1,1), Follow(69,1,1), Follow(70,1,1), Follow(71,1,1), Follow(72,1,1), Follow(73,1,1), Follow(74,1,1), Follow(75,1,1), Follow(76,1,1), Follow(77,1,1), Follow(78,1,1), Follow(79,1,1), Follow(1,1,1), Follow(2,1,1), Follow(3,1,1), Follow(4,1,1), Follow(5,1,1), Follow(6,1,1), Follow(7,1,1), Follow(8,1,1), Follow(9,1,1), Follow(10,1,1), Follow(11,1,1), Follow(12,1,1), Follow(13,1,1), Follow(14,1,1), Follow(15,1,1), Follow(16,1,1), Follow(17,1,1), Follow(18,1,1), Follow(19,1,1), Follow(20,1,1), Follow(21,1,1), Follow(22,1,1), Follow(23,1,1), Follow(24,1,1), Follow(25,1,1), Follow(26,1,1), Follow(27,1,1), Follow(28,1,1), Follow(29,1,1), Follow(30,1,1), Follow(31,1,1), Follow(32,1,1), Follow(33,1,1), Follow(34,1,1), Follow(35,1,1), Follow(36,1,1), Follow(37,1,1), Follow(38,1,1), Follow(39,1,1), Follow(40,1,1), Follow(41,1,1), Follow(42,1,1), Follow(43,1,1), Follow(44,1,1), Follow(45,1,1), Follow(46,1,1), Follow(47,1,1), Follow(48,1,1), Follow(49,1,1), Follow(50,1,1), Follow(51,1,1), Follow(52,1,1), Follow(53,1,1), Follow(54,1,1), Follow(55,1,1), Follow(56,1,1), Follow(57,1,1), Follow(58,1,1), Follow(59,1,1), Follow(60,1,1), Follow(61,1,1), Follow(62,1,1), Follow(63,1,1), Follow(64,1,1), Follow(65,1,1), Follow(66,1,1), Follow(67,1,1), Follow(68,1,1), Follow(69,1,1), Follow(70,1,1), Follow(71,1,1), Follow(72,1,1), Follow(73,1,1), Follow(74,1,1), Follow(75,1,1), Follow(76,1,1), Follow(77,1,1), Follow(78,1,1), Follow(79,1,1), Follow(80,1,1), Follow(1,1,1), Follow(2,1,1), Follow(3,1,1), Follow(4,1,1), Follow(5,1,1), Follow(6,1,1), Follow(7,1,1), Follow(8,1,1), Follow(9,1,1), Follow(10,1,1), Follow(11,1,1), Follow(12,1,1), Follow(13,1,1), Follow(14,1,1), Follow(15,1,1), Follow(16,1,1), Follow(17,1,1), Follow(18,1,1), Follow(19,1,1), Follow(20,1,1), Follow(21,1,1), Follow(22,1,1), Follow(23,1,1), Follow(24,1,1), Follow(25,1,1), Follow(26,1,1), Follow(27,1,1), Follow(28,1,1), Follow(29,1,1), Follow(30,1,1), Follow(31,1,1), Follow(32,1,1), Follow(33,1,1), Follow(34,1,1), Follow(35,1,1), Follow(36,1,1), Follow(37,1,1), Follow(38,1,1), Follow(39,1,1), Follow(40,1,1), Follow(41,1,1), Follow(42,1,1), Follow(43,1,1), Follow(44,1,1), Follow(45,1,1), Follow(46,1,1), Follow(47,1,1), Follow(48,1,1), Follow(49,1,1), Follow(50,1,1), Follow(51,1,1), Follow(52,1,1), Follow(53,1,1), Follow(54,1,1), Follow(55,1,1), Follow(56,1,1), Follow(57,1,1), Follow(58,1,1), Follow(59,1,1), Follow(60,1,1), Follow(61,1,1), Follow(62,1,1), Follow(63,1,1), Follow(64,1,1), Follow(65,1,1), Follow(66,1,1), Follow(67,1,1), Follow(68,1,1), Follow(69,1,1), Follow(70,1,1), Follow(71,1,1), Follow(72,1,1), Follow(73,1,1), Follow(74,1,1), Follow(75,1,1), Follow(76,1,1), Follow(77,1,1), Follow(78,1,1), Follow(79,1,1), Follow(80,1,1), Follow(81,1,1), Follow(1,1,1), Follow(2,1,1), Follow(3,1,1), Follow(4,1,1), Follow(5,1,1), Follow(6,1,1), Follow(7,1,1), Follow(8,1,1), Follow(9,1,1), Follow(10,1,1), Follow(11,1,1), Follow(12,1,1), Follow(13,1,1), Follow(14,1,1), Follow(15,1,1), Follow(16,1,1), Follow(17,1,1), Follow(18,1,1), Follow(19,1,1), Follow(20,1,1), Follow(21,1,1), Follow(22,1,1), Follow(23,1,1), Follow(24,1,1), Follow(25,1,1), Follow(26,1,1), Follow(27,1,1), Follow(28,1,1), Follow(29,1,1), Follow(30,1,1), Follow(31,1,1), Follow(32,1,1), Follow(33,1,1), Follow(34,1,1), Follow(35,1,1), Follow(36,1,1), Follow(37,1,1), Follow(38,1,1), Follow(39,1,1), Follow(40,1,1), Follow(41,1,1), Follow(42,1,1), Follow(43,1,1), Follow(44,1,1), Follow(45,1,1), Follow(46,1,1), Follow(47,1,1), Follow(48,1,1), Follow(49,1,1), Follow(50,1,1), Follow(51,1,1), Follow(52,1,1), Follow(53,1,1), Follow(54,1,1), Follow(55,1,1), Follow(56,1,1), Follow(57,1,1), Follow(58,1,1), Follow(59,1,1), Follow(60,1,1), Follow(61,1,1), Follow(62,1,1), Follow(63,1,1), Follow(64,1,1), Follow(65,1,1), Follow(66,1,1), Follow(67,1,1), Follow(68,1,1), Follow(69,1,1), Follow(70,1,1), Follow(71,1,1), Follow(72,1,1), Follow(73,1,1), Follow(74,1,1), Follow(75,1,1), Follow(76,1,1), Follow(77,1,1), Follow(78,1,1), Follow(79,1,1), Follow(80,1,1), Follow(81,1,1), Follow(82,1,1), Follow(1,1,1), Follow(2,1,1), Follow(3,1,1), Follow(4,1,1), Follow(5,1,1), Follow(6,1,1), Follow(7,1,1), Follow(8,1,1), Follow(9,1,1), Follow(10,1,1), Follow(11,1,1), Follow(12,1,1), Follow(13,1,1), Follow(14,1,1), Follow(15,1,1), Follow(16,1,1), Follow(17,1,1), Follow(18,1,1), Follow(19,1,1), Follow(20,1,1), Follow(21,1,1), Follow(22,1,1), Follow(23,1,1), Follow(24,1,1), Follow(25,1,1), Follow(26,1,1), Follow(27,1,1), Follow(28,1,1), Follow(29,1,1), Follow(30,1,1), Follow(31,1,1), Follow(32,1,1), Follow(33,1,1), Follow(34,1,1), Follow(35,1,1), Follow(36,1,1), Follow(37,1,1), Follow(38,1,1), Follow(39,1,1), Follow(40,1,1), Follow(41,1,1), Follow(42,1,1), Follow(43,1,1), Follow(44,1,1), Follow(45,1,1), Follow(46,1,1), Follow(47,1,1), Follow(48,1,1), Follow(49,1,1), Follow(50,1,1), Follow(51,1,1), Follow(52,1,1), Follow(53,1,1), Follow(54,1,1), Follow(55,1,1), Follow(56,1,1), Follow(57,1,1), Follow(58,1,1), Follow(59,1,1), Follow(60,1,1), Follow(61,1,1), Follow(62,1,1), Follow(63,1,1), Follow(64,1,1), Follow(65,1,1), Follow(66,1,1), Follow(67,1,1), Follow(68,1,1), Follow(69,1,1), Follow(70,1,1), Follow(71,1,1), Follow(72,1,1), Follow(73,1,1), Follow(74,1,1), Follow(75,1,1), Follow(76,1,1), Follow(77,1,1), Follow(78,1,1), Follow(79,1,1), Follow(80,1,1), Follow(81,1,1), Follow(82,1,1), Follow(83,1,1), Follow(1,1,1), Follow(2,1,1), Follow(3,1,1), Follow(4,1,1), Follow(5,1,1), Follow(6,1,1), Follow(7,1,1), Follow(8,1,1), Follow(9,1,1), Follow(10,1,1), Follow(11,1,1), Follow(12,1,1), Follow(13,1,1), Follow(14,1,1), Follow(15,1,1), Follow(16,1,1), Follow(17,1,1), Follow(18,1,1), Follow(19,1,1), Follow(20,1,1), Follow(21,1,1), Follow(22,1,1), Follow(23,1,1), Follow(24,1,1), Follow(25,1,1), Follow(26,1,1), Follow(27,1,1), Follow(28,1,1), Follow(29,1,1), Follow(30,1,1), Follow(31,1,1), Follow(32,1,1), Follow(33,1,1), Follow(34,1,1), Follow(35,1,1), Follow(36,1,1), Follow(37,1,1), Follow(38,1,1), Follow(39,1,1), Follow(40,1,1), Follow(41,1,1), Follow(42,1,1), Follow(43,1,1), Follow(44,1,1), Follow(45,1,1), Follow(46,1,1), Follow(47,1,1), Follow(48,1,1), Follow(49,1,1), Follow(50,1,1), Follow(51,1,1), Follow(52,1,1), Follow(53,1,1), Follow(54,1,1), Follow(55,1,1), Follow(56,1,1), Follow(57,1,1), Follow(58,1,1), Follow(59,1,1), Follow(60,1,1), Follow(61,1,1), Follow(62,1,1), Follow(63,1,1), Follow(64,1,1), Follow(65,1,1), Follow(66,1,1), Follow(67,1,1), Follow(68,1,1), Follow(69,1,1), Follow(70,1,1), Follow(71,1,1), Follow(72,1,1), Follow(73,1,1), Follow(74,1,1), Follow(75,1,1), Follow(76,1,1), Follow(77,1,1), Follow(78,1,1), Follow(79,1,1), Follow(80,1,1), Follow(81,1,1), Follow(82,1,1), Follow(83,1,1), Follow(84,1,1), Follow(1,1,1), Follow(2,1,1), Follow(3,1,1), Follow(4,1,1), Follow(5,1,1), Follow(6,1,1), Follow(7,1,1), Follow(8,1,1), Follow(9,1,1), Follow(10,1,1), Follow(11,1,1), Follow(12,1,1), Follow(13,1,1), Follow(14,1,1), Follow(15,1,1), Follow(16,1,1), Follow(17,1,1), Follow(18,1,1), Follow(19,1,1), Follow(20,1,1), Follow(21,1,1), Follow(22,1,1), Follow(23,1,1), Follow(24,1,1), Follow(25,1,1), Follow(26,1,1), Follow(27,1,1), Follow(28,1,1), Follow(29,1,1), Follow(30,1,1), Follow(31,1,1), Follow(32,1,1), Follow(33,1,1), Follow(34,1,1), Follow(35,1,1), Follow(36,1,1), Follow(37,1,1), Follow(38,1,1), Follow(39,1,1), Follow(40,1,1), Follow(41,1,1), Follow(42,1,1), Follow(43,1,1), Follow(44,1,1), Follow(45,1,1), Follow(46,1,1), Follow(47,1,1), Follow(48,1,1), Follow(49,1,1), Follow(50,1,1), Follow(51,1,1), Follow(52,1,1), Follow(53,1,1), Follow(54,1,1), Follow(55,1,1), Follow(56,1,1), Follow(57,1,1), Follow(58,1,1), Follow(59,1,1), Follow(60,1,1), Follow(61,1,1), Follow(62,1,1), Follow(63,1,1), Follow(64,1,1), Follow(65,1,1), Follow(66,1,1), Follow(67,1,1), Follow(68,1,1), Follow(69,1,1), Follow(70,1,1), Follow(71,1,1), Follow(72,1,1), Follow(73,1,1), Follow(74,1,1), Follow(75,1,1), Follow(76,1,1), Follow(77,1,1), Follow(78,1,1), Follow(79,1,1), Follow(80,1,1), Follow(81,1,1), Follow(82,1,1), Follow(83,1,1), Follow(84,1,1), Follow(85,1,1), Follow(1,1,1), Follow(2,1,1), Follow(3,1,1), Follow(4,1,1), Follow(5,1,1), Follow(6,1,1), Follow(7,1,1), Follow(8,1,1), Follow(9,1,1), Follow(10,1,1), Follow(11,1,1), Follow(12,1,1), Follow(13,1,1), Follow(14,1,1), Follow(15,1,1), Follow(16,1,1), Follow(17,1,1), Follow(18,1,1), Follow(19,1,1), Follow(20,1,1), Follow(21,1,1), Follow(22,1,1), Follow(23,1,1), Follow(24,1,1), Follow(25,1,1), Follow(26,1,1), Follow(27,1,1), Follow(28,1,1), Follow(29,1,1), Follow(30,1,1), Follow(31,1,1), Follow(32,1,1), Follow(33,1,1), Follow(34,1,1), Follow(35,1,1), Follow(36,1,1), Follow(37,1,1), Follow(38,1,1), Follow(39,1,1), Follow(40,1,1), Follow(41,1,1), Follow(42,1,1), Follow(43,1,1), Follow(44,1,1), Follow(45,1,1), Follow(46,1,1), Follow(47,1,1), Follow(48,1,1), Follow(49,1,1), Follow(50,1,1), Follow(51,1,1), Follow(52,1,1), Follow(53,1,1), Follow(54,1,1), Follow(55,1,1), Follow(56,1,1), Follow(57,1,1), Follow(58,1,1), Follow(59,1,1), Follow(60,1,1), Follow(61,1,1), Follow(62,1,1), Follow(63,1,1), Follow(64,1,1), Follow(65,1,1), Follow(66,1,1), Follow(67,1,1), Follow(68,1,1), Follow(69,1,1), Follow(70,1,1), Follow(71,1,1), Follow(72,1,1), Follow(73,1,1), Follow(74,1,1), Follow(75,1,1), Follow(76,1,1), Follow(77,1,1), Follow(78,1,1), Follow(79,1,1), Follow(80,1,1), Follow(81,1,1), Follow(82,1,1), Follow(83,1,1), Follow(84,1,1), Follow(85,1,1), Follow(86,1,1), Follow(1,1,1), Follow(2,1,1), Follow(3,1,1), Follow(4,1,1), Follow(5,1,1), Follow(6,1,1), Follow(7,1,1), Follow(8,1,1), Follow(9,1,1), Follow(10,1,1), Follow(11,1,1), Follow(12,1,1), Follow(13,1,1), Follow(14,1,1), Follow(15,1,1), Follow(16,1,1), Follow(17,1,1), Follow(18,1,1), Follow(19,1,1), Follow(20,1,1), Follow(21,1,1), Follow(22,1,1), Follow(23,1,1), Follow(24,1,1), Follow(25,1,1), Follow(26,1,1), Follow(27,1,1), Follow(28,1,1), Follow(29,1,1), Follow(30,1,1), Follow(31,1,1), Follow(32,1,1), Follow(33,1,1), Follow(34,1,1), Follow(35,1,1), Follow(36,1,1), Follow(37,1,1), Follow(38,1,1), Follow(39,1,1), Follow(40,1,1), Follow(41,1,1), Follow(42,1,1), Follow(43,1,1), Follow(44,1,1), Follow(45,1,1), Follow(46,1,1), Follow(47,1,1), Follow(48,1,1), Follow(49,1,1), Follow(50,1,1), Follow(51,1,1), Follow(52,1,1), Follow(53,1,1), Follow(54,1,1), Follow(55,1,1), Follow(56,1,1), Follow(57,1,1), Follow(58,1,1), Follow(59,1,1), Follow(60,1,1), Follow(61,1,1), Follow(62,1,1), Follow(63,1,1), Follow(64,1,1), Follow(65,1,1), Follow(66,1,1), Follow(67,1,1), Follow(68,1,1), Follow(69,1,1), Follow(70,1,1), Follow(71,1,1), Follow(72,1,1), Follow(73,1,1), Follow(74,1,1), Follow(75,1,1), Follow(76,1,1), Follow(77,1,1), Follow(78,1,1), Follow(79,1,1), Follow(80,1,1), Follow(81,1,1), Follow(82,1,1), Follow(83,1,1), Follow(84,1,1), Follow(85,1,1), Follow(86,1,1), Follow(87,1,1), Follow(1,1,1), Follow(2,1,1), Follow(3,1,1), Follow(4,1,1), Follow(5,1,1), Follow(6,1,1), Follow(7,1,1), Follow(8,1,1), Follow(9,1,1), Follow(10,1,1), Follow(11,1,1), Follow(12,1,1), Follow(13,1,1), Follow(14,1,1), Follow(15,1,1), Follow(16,1,1), Follow(17,1,1), Follow(18,1,1), Follow(19,1,1), Follow(20,1,1), Follow(21,1,1), Follow(22,1,1), Follow(23,1,1), Follow(24,1,1), Follow(25,1,1), Follow(26,1,1), Follow(27,1,1), Follow(28,1,1), Follow(29,1,1), Follow(30,1,1), Follow(31,1,1), Follow(32,1,1), Follow(33,1,1), Follow(34,1,1), Follow(35,1,1), Follow(36,1,1), Follow(37,1,1), Follow(38,1,1), Follow(39,1,1), Follow(40,1,1), Follow(41,1,1), Follow(42,1,1), Follow(43,1,1), Follow(44,1,1), Follow(45,1,1), Follow(46,1,1), Follow(47,1,1), Follow(48,1,1), Follow(49,1,1), Follow(50,1,1), Follow(51,1,1), Follow(52,1,1), Follow(53,1,1), Follow(54,1,1), Follow(55,1,1), Follow(56,1,1), Follow(57,1,1), Follow(58,1,1), Follow(59,1,1), Follow(60,1,1), Follow(61,1,1), Follow(62,1,1), Follow(63,1,1), Follow(64,1,1), Follow(65,1,1), Follow(66,1,1), Follow(67,1,1), Follow(68,1,1), Follow(69,1,1), Follow(70,1,1), Follow(71,1,1), Follow(72,1,1), Follow(73,1,1), Follow(74,1,1), Follow(75,1,1), Follow(76,1,1), Follow(77,1,1), Follow(78,1,1), Follow(79,1,1), Follow(80,1,1), Follow(81,1,1), Follow(82,1,1), Follow(83,1,1), Follow(84,1,1), Follow(85,1,1), Follow(86,1,1), Follow(87,1,1), Follow(88,1,1), Follow(1,1,1), Follow(2,1,1), Follow(3,1,1), Follow(4,1,1), Follow(5,1,1), Follow(6,1,1), Follow(7,1,1), Follow(8,1,1), Follow(9,1,1), Follow(10,1,1), Follow(11,1,1), Follow(12,1,1), Follow(13,1,1), Follow(14,1,1), Follow(15,1,1), Follow(16,1,1), Follow(17,1,1), Follow(18,1,1), Follow(19,1,1), Follow(20,1,1), Follow(21,1,1), Follow(22,1,1), Follow(23,1,1), Follow(24,1,1), Follow(25,1,1), Follow(26,1,1), Follow(27,1,1), Follow(28,1,1), Follow(29,1,1), Follow(30,1,1), Follow(31,1,1), Follow(32,1,1), Follow(33,1,1), Follow(34,1,1), Follow(35,1,1), Follow(36,1,1), Follow(37,1,1), Follow(38,1,1), Follow(39,1,1), Follow(40,1,1), Follow(41,1,1), Follow(42,1,1), Follow(43,1,1), Follow(44,1,1), Follow(45,1,1), Follow(46,1,1), Follow(47,1,1), Follow(48,1,1), Follow(49,1,1), Follow(50,1,1), Follow(51,1,1), Follow(52,1,1), Follow(53,1,1), Follow(54,1,1), Follow(55,1,1), Follow(56,1,1), Follow(57,1,1), Follow(58,1,1), Follow(59,1,1), Follow(60,1,1), Follow(61,1,1), Follow(62,1,1), Follow(63,1,1), Follow(64,1,1), Follow(65,1,1), Follow(66,1,1), Follow(67,1,1), Follow(68,1,1), Follow(69,1,1), Follow(70,1,1), Follow(71,1,1), Follow(72,1,1), Follow(73,1,1), Follow(74,1,1), Follow(75,1,1), Follow(76,1,1), Follow(77,1,1), Follow(78,1,1), Follow(79,1,1), Follow(80,1,1), Follow(81,1,1), Follow(82,1,1), Follow(83,1,1), Follow(84,1,1), Follow(85,1,1), Follow(86,1,1), Follow(87,1,1), Follow(88,1,1), Follow(89,1,1), Follow(1,1,1), Follow(2,1,1), Follow(3,1,1), Follow(4,1,1), Follow(5,1,1), Follow(6,1,1), Follow(7,1,1), Follow(8,1,1), Follow(9,1,1), Follow(10,1,1), Follow(11,1,1), Follow(12,1,1), Follow(13,1,1), Follow(14,1,1), Follow(15,1,1), Follow(16,1,1), Follow(17,1,1), Follow(18,1,1), Follow(19,1,1), Follow(20,1,1), Follow(21,1,1), Follow(22,1,1), Follow(23,1,1), Follow(24,1,1), Follow(25,1,1), Follow(26,1,1), Follow(27,1,1), Follow(28,1,1), Follow(29,1,1), Follow(30,1,1), Follow(31,1,1), Follow(32,1,1), Follow(33,1,1), Follow(34,1,1), Follow(35,1,1), Follow(36,1,1), Follow(37,1,1), Follow(38,1,1), Follow(39,1,1), Follow(40,1,1), Follow(41,1,1), Follow(42,1,1), Follow(43,1,1), Follow(44,1,1), Follow(45,1,1), Follow(46,1,1), Follow(47,1,1), Follow(48,1,1), Follow(49,1,1), Follow(50,1,1), Follow(51,1,1), Follow(52,1,1), Follow(53,1,1), Follow(54,1,1), Follow(55,1,1), Follow(56,1,1), Follow(57,1,1), Follow(58,1,1), Follow(59,1,1), Follow(60,1,1), Follow(61,1,1), Follow(62,1,1), Follow(63,1,1), Follow(64,1,1), Follow(65,1,1), Follow(66,1,1), Follow(67,1,1), Follow(68,1,1), Follow(69,1,1), Follow(70,1,1), Follow(71,1,1), Follow(72,1,1), Follow(73,1,1), Follow(74,1,1), Follow(75,1,1), Follow(76,1,1), Follow(77,1,1), Follow(78,1,1), Follow(79,1,1), Follow(80,1,1), Follow(81,1,1), Follow(82,1,1), Follow(83,1,1), Follow(84,1,1), Follow(85,1,1), Follow(86,1,1), Follow(87,1,1), Follow(88,1,1), Follow(89,1,1), Follow(90,1,1), Follow(1,1,1), Follow(2,1,1), Follow(3,1,1), Follow(4,1,1), Follow(5,1,1), Follow(6,1,1), Follow(7,1,1), Follow(8,1,1), Follow(9,1,1), Follow(10,1,1), Follow(11,1,1), Follow(12,1,1), Follow(13,1,1), Follow(14,1,1), Follow(15,1,1), Follow(16,1,1), Follow(17,1,1), Follow(18,1,1), Follow(19,1,1), Follow(20,1,1), Follow(21,1,1), Follow(22,1,1), Follow(23,1,1), Follow(24,1,1), Follow(25,1,1), Follow(26,1,1), Follow(27,1,1), Follow(28,1,1), Follow(29,1,1), Follow(30,1,1), Follow(31,1,1), Follow(32,1,1), Follow(33,1,1), Follow(34,1,1), Follow(35,1,1), Follow(36,1,1), Follow(37,1,1), Follow(38,1,1), Follow(39,1,1), Follow(40,1,1), Follow(41,1,1), Follow(42,1,1), Follow(43,1,1), Follow(44,1,1), Follow(45,1,1), Follow(46,1,1), Follow(47,1,1), Follow(48,1,1), Follow(49,1,1), Follow(50,1,1), Follow(51,1,1), Follow(52,1,1), Follow(53,1,1), Follow(54,1,1), Follow(55,1,1), Follow(56,1,1), Follow(57,1,1), Follow(58,1,1), Follow(59,1,1), Follow(60,1,1), Follow(61,1,1), Follow(62,1,1), Follow(63,1,1), Follow(64,1,1), Follow(65,1,1), Follow(66,1,1), Follow(67,1,1), Follow(68,1,1), Follow(69,1,1), Follow(70,1,1), Follow(71,1,1), Follow(72,1,1), Follow(73,1,1), Follow(74,1,1), Follow(75,1,1), Follow(76,1,1), Follow(77,1,1), Follow(78,1,1), Follow(79,1,1), Follow(80,1,1), Follow(81,1,1), Follow(82,1,1), Follow(83,1,1), Follow(84,1,1), Follow(85,1,1), Follow(86,1,1), Follow(87,1,1), Follow(88,1,1), Follow(89,1,1), Follow(90,1,1), Follow(91,1,1), Follow(1,1,1), Follow(2,1,1), Follow(3,1,1), Follow(4,1,1), Follow(5,1,1), Follow(6,1,1), Follow(7,1,1), Follow(8,1,1), Follow(9,1,1), Follow(10,1,1), Follow(11,1,1), Follow(12,1,1), Follow(13,1,1), Follow(14,1,1), Follow(15,1,1), Follow(16,1,1), Follow(17,1,1), Follow(18,1,1), Follow(19,1,1), Follow(20,1,1), Follow(21,1,1), Follow(22,1,1), Follow(23,1,1), Follow(24,1,1), Follow(25,1,1), Follow(26,1,1), Follow(27,1,1), Follow(28,1,1), Follow(29,1,1), Follow(30,1,1), Follow(31,1,1), Follow(32,1,1), Follow(33,1,1), Follow(34,1,1), Follow(35,1,1), Follow(36,1,1), Follow(37,1,1), Follow(38,1,1), Follow(39,1,1), Follow(40,1,1), Follow(41,1,1), Follow(42,1,1), Follow(43,1,1), Follow(44,1,1), Follow(45,1,1), Follow(46,1,1), Follow(47,1,1), Follow(48,1,1), Follow(49,1,1), Follow(50,1,1), Follow(51,1,1), Follow(52,1,1), Follow(53,1,1), Follow(54,1,1), Follow(55,1,1), Follow(56,1,1), Follow(57,1,1), Follow(58,1,1), Follow(59,1,1), Follow(60,1,1), Follow(61,1,1), Follow(62,1,1), Follow(63,1,1), Follow(64,1,1), Follow(65,1,1), Follow(66,1,1), Follow(67,1,1), Follow(68,1,1), Follow(69,1,1), Follow(70,1,1), Follow(71,1,1), Follow(72,1,1), Follow(73,1,1), Follow(74,1,1), Follow(75,1,1), Follow(76,1,1), Follow(77,1,1), Follow(78,1,1), Follow(79,1,1), Follow(80,1,1), Follow(81,1,1), Follow(82,1,1), Follow(83,1,1), Follow(84,1,1), Follow(85,1,1), Follow(86,1,1), Follow(87,1,1), Follow(88,1,1), Follow(89,1,1), Follow(90,1,1), Follow(91,1,1), Follow(92,1,1), Follow(1,1,1), Follow(2,1,1), Follow(3,1,1), Follow(4,1,1), Follow(5,1,1), Follow(6,1,1), Follow(7,1,1), Follow(8,1,1), Follow(9,1,1), Follow(10,1,1), Follow(11,1,1), Follow(12,1,1), Follow(13,1,1), Follow(14,1,1), Follow(15,1,1), Follow(16,1,1), Follow(17,1,1), Follow(18,1,1), Follow(19,1,1), Follow(20,1,1), Follow(21,1,1), Follow(22,1,1), Follow(23,1,1), Follow(24,1,1), Follow(25,1,1), Follow(26,1,1), Follow(27,1,1), Follow(28,1,1), Follow(29,1,1), Follow(30,1,1), Follow(31,1,1), Follow(32,1,1), Follow(33,1,1), Follow(34,1,1), Follow(35,1,1), Follow(36,1,1), Follow(37,1,1), Follow(38,1,1), Follow(39,1,1), Follow(40,1,1), Follow(41,1,1), Follow(42,1,1), Follow(43,1,1), Follow(44,1,1), Follow(45,1,1), Follow(46,1,1), Follow(47,1,1), Follow(48,1,1), Follow(49,1,1), Follow(50,1,1), Follow(51,1,1), Follow(52,1,1), Follow(53,1,1), Follow(54,1,1), Follow(55,1,1), Follow(56,1,1), Follow(57,1,1), Follow(58,1,1), Follow(59,1,1), Follow(60,1,1), Follow(61,1,1), Follow(62,1,1), Follow(63,1,1), Follow(64,1,1), Follow(65,1,1), Follow(66,1,1), Follow(67,1,1), Follow(68,1,1), Follow(69,1,1), Follow(70,1,1), Follow(71,1,1), Follow(72,1,1), Follow(73,1,1), Follow(74,1,1), Follow(75,1,1), Follow(76,1,1), Follow(77,1,1), Follow(78,1,1), Follow(79,1,1), Follow(80,1,1), Follow(81,1,1), Follow(82,1,1), Follow(83,1,1), Follow(84,1,1), Follow(85,1,1), Follow(86,1,1), Follow(87,1,1), Follow(88,1,1), Follow(89,1,1), Follow(90,1,1), Follow(91,1,1), Follow(92,1,1), Follow(93,1,1), Follow(1,1,1), Follow(2,1,1), Follow(3,1,1), Follow(4,1,1), Follow(5,1,1), Follow(6,1,1), Follow(7,1,1), Follow(8,1,1), Follow(9,1,1), Follow(10,1,1), Follow(11,1,1), Follow(12,1,1), Follow(13,1,1), Follow(14,1,1), Follow(15,1,1), Follow(16,1,1), Follow(17,1,1), Follow(18,1,1), Follow(19,1,1), Follow(20,1,1), Follow(21,1,1), Follow(22,1,1), Follow(23,1,1), Follow(24,1,1), Follow(25,1,1), Follow(26,1,1), Follow(27,1,1), Follow(28,1,1), Follow(29,1,1), Follow(30,1,1), Follow(31,1,1), Follow(32,1,1), Follow(33,1,1), Follow(34,1,1), Follow(35,1,1), Follow(36,1,1), Follow(37,1,1), Follow(38,1,1), Follow(39,1,1), Follow(40,1,1), Follow(41,1,1), Follow(42,1,1), Follow(43,1,1), Follow(44,1,1), Follow(45,1,1), Follow(46,1,1), Follow(47,1,1), Follow(48,1,1), Follow(49,1,1), Follow(50,1,1), Follow(51,1,1), Follow(52,1,1), Follow(53,1,1), Follow(54,1,1), Follow(55,1,1), Follow(56,1,1), Follow(57,1,1), Follow(58,1,1), Follow(59,1,1), Follow(60,1,1), Follow(61,1,1), Follow(62,1,1), Follow(63,1,1), Follow(64,1,1), Follow(65,1,1), Follow(66,1,1), Follow(67,1,1), Follow(68,1,1), Follow(69,1,1), Follow(70,1,1), Follow(71,1,1), Follow(72,1,1), Follow(73,1,1), Follow(74,1,1), Follow(75,1,1), Follow(76,1,1), Follow(77,1,1), Follow(78,1,1), Follow(79,1,1), Follow(80,1,1), Follow(81,1,1), Follow(82,1,1), Follow(83,1,1), Follow(84,1,1), Follow(85,1,1), Follow(86,1,1), Follow(87,1,1), Follow(88,1,1), Follow(89,1,1), Follow(90,1,1), Follow(91,1,1), Follow(92,1,1), Follow(93,1,1), Follow(94,1,1), Follow(1,1,1), Follow(2,1,1), Follow(3,1,1), Follow(4,1,1), Follow(5,1,1), Follow(6,1,1), Follow(7,1,1), Follow(8,1,1), Follow(9,1,1), Follow(10,1,1), Follow(11,1,1), Follow(12,1,1), Follow(13,1,1), Follow(14,1,1), Follow(15,1,1), Follow(16,1,1), Follow(17,1,1), Follow(18,1,1), Follow(19,1,1), Follow(20,1,1), Follow(21,1,1), Follow(22,1,1), Follow(23,1,1), Follow(24,1,1), Follow(25,1,1), Follow(26,1,1), Follow(27,1,1), Follow(28,1,1), Follow(29,1,1), Follow(30,1,1), Follow(31,1,1), Follow(32,1,1), Follow(33,1,1), Follow(34,1,1), Follow(35,1,1), Follow(36,1,1), Follow(37,1,1), Follow(38,1,1), Follow(39,1,1), Follow(40,1,1), Follow(41,1,1), Follow(42,1,1), Follow(43,1,1), Follow(44,1,1), Follow(45,1,1), Follow(46,1,1), Follow(47,1,1), Follow(48,1,1), Follow(49,1,1), Follow(50,1,1), Follow(51,1,1), Follow(52,1,1), Follow(53,1,1), Follow(54,1,1), Follow(55,1,1), Follow(56,1,1), Follow(57,1,1), Follow(58,1,1), Follow(59,1,1), Follow(60,1,1), Follow(61,1,1), Follow(62,1,1), Follow(63,1,1), Follow(64,1,1), Follow(65,1,1), Follow(66,1,1), Follow(67,1,1), Follow(68,1,1), Follow(69,1,1), Follow(70,1,1), Follow(71,1,1), Follow(72,1,1), Follow(73,1,1), Follow(74,1,1), Follow(75,1,1), Follow(76,1,1), Follow(77,1,1), Follow(78,1,1), Follow(79,1,1), Follow(80,1,1), Follow(81,1,1), Follow(82,1,1), Follow(83,1,1), Follow(84,1,1), Follow(85,1,1), Follow(86,1,1), Follow(87,1,1), Follow(88,1,1), Follow(89,1,1), Follow(90,1,1), Follow(91,1,1), Follow(92,1,1), Follow(93,1,1), Follow(94,1,1), Follow(95,1,1), Follow(1,1,1), Follow(2,1,1), Follow(3,1,1), Follow(4,1,1), Follow(5,1,1), Follow(6,1,1), Follow(7,1,1), Follow(8,1,1), Follow(9,1,1), Follow(10,1,1), Follow(11,1,1), Follow(12,1,1), Follow(13,1,1), Follow(14,1,1), Follow(15,1,1), Follow(16,1,1), Follow(17,1,1), Follow(18,1,1), Follow(19,1,1), Follow(20,1,1), Follow(21,1,1), Follow(22,1,1), Follow(23,1,1), Follow(24,1,1), Follow(25,1,1), Follow(26,1,1), Follow(27,1,1), Follow(28,1,1), Follow(29,1,1), Follow(30,1,1), Follow(31,1,1), Follow(32,1,1), Follow(33,1,1), Follow(34,1,1), Follow(35,1,1), Follow(36,1,1), Follow(37,1,1), Follow(38,1,1), Follow(39,1,1), Follow(40,1,1), Follow(41,1,1), Follow(42,1,1), Follow(43,1,1), Follow(44,1,1), Follow(45,1,1), Follow(46,1,1), Follow(47,1,1), Follow(48,1,1), Follow(49,1,1), Follow(50,1,1), Follow(51,1,1), Follow(52,1,1), Follow(53,1,1), Follow(54,1,1), Follow(55,1,1), Follow(56,1,1), Follow(57,1,1), Follow(58,1,1), Follow(59,1,1), Follow(60,1,1), Follow(61,1,1), Follow(62,1,1), Follow(63,1,1), Follow(64,1,1), Follow(65,1,1), Follow(66,1,1), Follow(67,1,1), Follow(68,1,1), Follow(69,1,1), Follow(70,1,1), Follow(71,1,1), Follow(72,1,1), Follow(73,1,1), Follow(74,1,1), Follow(75,1,1), Follow(76,1,1), Follow(77,1,1), Follow(78,1,1), Follow(79,1,1), Follow(80,1,1), Follow(81,1,1), Follow(82,1,1), Follow(83,1,1), Follow(84,1,1), Follow(85,1,1), Follow(86,1,1), Follow(87,1,1), Follow(88,1,1), Follow(89,1,1), Follow(90,1,1), Follow(91,1,1), Follow(92,1,1), Follow(93,1,1), Follow(94,1,1), Follow(95,1,1), Follow(96,1,1), Follow(1,1,1), Follow(2,1,1), Follow(3,1,1), Follow(4,1,1), Follow(5,1,1), Follow(6,1,1), Follow(7,1,1), Follow(8,1,1), Follow(9,1,1), Follow(10,1,1), Follow(11,1,1), Follow(12,1,1), Follow(13,1,1), Follow(14,1,1), Follow(15,1,1), Follow(16,1,1), Follow(17,1,1), Follow(18,1,1), Follow(19,1,1), Follow(20,1,1), Follow(21,1,1), Follow(22,1,1), Follow(23,1,1), Follow(24,1,1), Follow(25,1,1), Follow(26,1,1), Follow(27,1,1), Follow(28,1,1), Follow(29,1,1), Follow(30,1,1), Follow(31,1,1), Follow(32,1,1), Follow(33,1,1), Follow(34,1,1), Follow(35,1,1), Follow(36,1,1), Follow(37,1,1), Follow(38,1,1), Follow(39,1,1), Follow(40,1,1), Follow(41,1,1), Follow(42,1,1), Follow(43,1,1), Follow(44,1,1), Follow(45,1,1), Follow(46,1,1), Follow(47,1,1), Follow(48,1,1), Follow(49,1,1), Follow(50,1,1), Follow(51,1,1), Follow(52,1,1), Follow(53,1,1), Follow(54,1,1), Follow(55,1,1), Follow(56,1,1), Follow(57,1,1), Follow(58,1,1), Follow(59,1,1), Follow(60,1,1), Follow(61,1,1), Follow(62,1,1), Follow(63,1,1), Follow(64,1,1), Follow(65,1,1), Follow(66,1,1), Follow(67,1,1), Follow(68,1,1), Follow(69,1,1), Follow(70,1,1), Follow(71,1,1), Follow(72,1,1), Follow(73,1,1), Follow(74,1,1), Follow(75,1,1), Follow(76,1,1), Follow(77,1,1), Follow(78,1,1), Follow(79,1,1), Follow(80,1,1), Follow(81,1,1), Follow(82,1,1), Follow(83,1,1), Follow(84,1,1), Follow(85,1,1), Follow(86,1,1), Follow(87,1,1), Follow(88,1,1), Follow(89,1,1), Follow(90,1,1), Follow(91,1,1), Follow(92,1,1), Follow(93,1,1), Follow(94,1,1), Follow(95,1,1), Follow(96,1,1), Follow(97,1,1), Follow(1,1,1), Follow(2,1,1), Follow(3,1,1), Follow(4,1,1), Follow(5,1,1), Follow(6,1,1), Follow(7,1,1), Follow(8,1,1), Follow(9,1,1), Follow(10,1,1), Follow(11,1,1), Follow(12,1,1), Follow(13,1,1), Follow(14,1,1), Follow(15,1,1), Follow(16,1,1), Follow(17,1,1), Follow(18,1,1), Follow(19,1,1), Follow(20,1,1), Follow(21,1,1), Follow(22,1,1), Follow(23,1,1), Follow(24,1,1), Follow(25,1,1), Follow(26,1,1), Follow(27,1,1), Follow(28,1,1), Follow(29,1,1), Follow(30,1,1), Follow(31,1,1), Follow(32,1,1), Follow(33,1,1), Follow(34,1,1), Follow(35,1,1), Follow(36,1,1), Follow(37,1,1), Follow(38,1,1), Follow(39,1,1), Follow(40,1,1), Follow(41,1,1), Follow(42,1,1), Follow(43,1,1), Follow(44,1,1), Follow(45,1,1), Follow(46,1,1), Follow(47,1,1), Follow(48,1,1), Follow(49,1,1), Follow(50,1,1), Follow(51,1,1), Follow(52,1,1), Follow(53,1,1), Follow(54,1,1), Follow(55,1,1), Follow(56,1,1), Follow(57,1,1), Follow(58,1,1), Follow(59,1,1), Follow(60,1,1), Follow(61,1,1), Follow(62,1,1), Follow(63,1,1), Follow(64,1,1), Follow(65,1,1), Follow(66,1,1), Follow(67,1,1), Follow(68,1,1), Follow(69,1,1), Follow(70,1,1), Follow(71,1,1), Follow(72,1,1), Follow(73,1,1), Follow(74,1,1), Follow(75,1,1), Follow(76,1,1), Follow(77,1,1), Follow(78,1,1), Follow(79,1,1), Follow(80,1,1), Follow(81,1,1), Follow(82,1,1), Follow(83,1,1), Follow(84,1,1), Follow(85,1,1), Follow(86,1,1), Follow(87,1,1), Follow(88,1,1), Follow(89,1,1), Follow(90,1,1), Follow(91,1,1), Follow(92,1,1), Follow(93,1,1), Follow(94,1,1), Follow(95,1,1), Follow(96,1,1), Follow(97,1,1), Follow(98,1,1), Follow(1,1,1), Follow(2,1,1), Follow(3,1,1), Follow(4,1,1), Follow(5,1,1), Follow(6,1,1), Follow(7,1,1), Follow(8,1,1), Follow(9,1,1), Follow(10,1,1), Follow(11,1,1), Follow(12,1,1), Follow(13,1,1), Follow(14,1,1), Follow(15,1,1), Follow(16,1,1), Follow(17,1,1), Follow(18,1,1), Follow(19,1,1), Follow(20,1,1), Follow(21,1,1), Follow(22,1,1), Follow(23,1,1), Follow(24,1,1), Follow(25,1,1), Follow(26,1,1), Follow(27,1,1), Follow(28,1,1), Follow(29,1,1), Follow(30,1,1), Follow(31,1,1), Follow(32,1,1), Follow(33,1,1), Follow(34,1,1), Follow(35,1,1), Follow(36,1,1), Follow(37,1,1), Follow(38,1,1), Follow(39,1,1), Follow(40,1,1), Follow(41,1,1), Follow(42,1,1), Follow(43,1,1), Follow(44,1,1), Follow(45,1,1), Follow(46,1,1), Follow(47,1,1), Follow(48,1,1), Follow(49,1,1), Follow(50,1,1), Follow(51,1,1), Follow(52,1,1), Follow(53,1,1), Follow(54,1,1), Follow(55,1,1), Follow(56,1,1), Follow(57,1,1), Follow(58,1,1), Follow(59,1,1), Follow(60,1,1), Follow(61,1,1), Follow(62,1,1), Follow(63,1,1), Follow(64,1,1), Follow(65,1,1), Follow(66,1,1), Follow(67,1,1), Follow(68,1,1), Follow(69,1,1), Follow(70,1,1), Follow(71,1,1), Follow(72,1,1), Follow(73,1,1), Follow(74,1,1), Follow(75,1,1), Follow(76,1,1), Follow(77,1,1), Follow(78,1,1), Follow(79,1,1), Follow(80,1,1), Follow(81,1,1), Follow(82,1,1), Follow(83,1,1), Follow(84,1,1), Follow(85,1,1), Follow(86,1,1), Follow(87,1,1), Follow(88,1,1), Follow(89,1,1), Follow(90,1,1), Follow(91,1,1), Follow(92,1,1), Follow(93,1,1), Follow(94,1,1), Follow(95,1,1), Follow(96,1,1), Follow(97,1,1), Follow(98,1,1), Follow(99,1,1), Follow(1,1,1), Follow(2,1,1), Follow(3,1,1), Follow(4,1,1), Follow(5,1,1), Follow(6,1,1), Follow(7,1,1), Follow(8,1,1), Follow(9,1,1), Follow(10,1,1), Follow(11,1,1), Follow(12,1,1), Follow(13,1,1), Follow(14,1,1), Follow(15,1,1), Follow(16,1,1), Follow(17,1,1), Follow(18,1,1), Follow(19,1,1), Follow(20,1,1), Follow(21,1,1), Follow(22,1,1), Follow(23,1,1), Follow(24,1,1), Follow(25,1,1), Follow(26,1,1), Follow(27,1,1), Follow(28,1,1), Follow(29,1,1), Follow(30,1,1), Follow(31,1,1), Follow(32,1,1), Follow(33,1,1), Follow(34,1,1), Follow(35,1,1), Follow(36,1,1), Follow(37,1,1), Follow(38,1,1), Follow(39,1,1), Follow(40,1,1), Follow(41,1,1), Follow(42,1,1), Follow(43,1,1), Follow(44,1,1), Follow(45,1,1), Follow(46,1,1), Follow(47,1,1), Follow(48,1,1), Follow(49,1,1), Follow(50,1,1), Follow(51,1,1), Follow(52,1,1), Follow(53,1,1), Follow(54,1,1), Follow(55,1,1), Follow(56,1,1), Follow(57,1,1), Follow(58,1,1), Follow(59,1,1), Follow(60,1,1), Follow(61,1,1), Follow(62,1,1), Follow(63,1,1), Follow(64,1,1), Follow(65,1,1), Follow(66,1,1), Follow(67,1,1), Follow(68,1,1), Follow(69,1,1), Follow(70,1,1), Follow(71,1,1), Follow(72,1,1), Follow(73,1,1), Follow(74,1,1), Follow(75,1,1), Follow(76,1,1), Follow(77,1,1), Follow(78,1,1), Follow(79,1,1), Follow(80,1,1), Follow(81,1,1), Follow(82,1,1), Follow(83,1,1), Follow(84,1,1), Follow(85,1,1), Follow(86,1,1), Follow(87,1,1), Follow(88,1,1), Follow(89,1,1), Follow(90,1,1), Follow(91,1,1), Follow(92,1,1), Follow(93,1,1), Follow(94,1,1), Follow(95,1,1), Follow(96,1,1), Follow(97,1,1), Follow(98,1,1), Follow(99,1,1), Follow(100,1,1)) did not equal List(Follow(1,1,1), Follow(2,1,1), Follow(3,1,1), Follow(4,1,1), Follow(5,1,1), Follow(6,1,1), Follow(7,1,1), Follow(8,1,1), Follow(9,1,1), Follow(10,1,1), Follow(11,1,1), Follow(12,1,1), Follow(13,1,1), Follow(14,1,1), Follow(15,1,1), Follow(16,1,1), Follow(17,1,1), Follow(18,1,1), Follow(19,1,1), Follow(20,1,1), Follow(21,1,1), Follow(22,1,1), Follow(23,1,1), Follow(24,1,1), Follow(25,1,1), Follow(26,1,1), Follow(27,1,1), Follow(28,1,1), Follow(29,1,1), Follow(30,1,1), Follow(31,1,1), Follow(32,1,1), Follow(33,1,1), Follow(34,1,1), Follow(35,1,1), Follow(36,1,1), Follow(37,1,1), Follow(38,1,1), Follow(39,1,1), Follow(40,1,1), Follow(41,1,1), Follow(42,1,1), Follow(43,1,1), Follow(44,1,1), Follow(45,1,1), Follow(46,1,1), Follow(47,1,1), Follow(48,1,1), Follow(49,1,1), Follow(50,1,1), Follow(51,1,1), Follow(52,1,1), Follow(53,1,1), Follow(54,1,1), Follow(55,1,1), Follow(56,1,1), Follow(57,1,1), Follow(58,1,1), Follow(59,1,1), Follow(60,1,1), Follow(61,1,1), Follow(62,1,1), Follow(63,1,1), Follow(64,1,1), Follow(65,1,1), Follow(66,1,1), Follow(67,1,1), Follow(68,1,1), Follow(69,1,1), Follow(70,1,1), Follow(71,1,1), Follow(72,1,1), Follow(73,1,1), Follow(74,1,1), Follow(75,1,1), Follow(76,1,1), Follow(77,1,1), Follow(78,1,1), Follow(79,1,1), Follow(80,1,1), Follow(81,1,1), Follow(82,1,1), Follow(83,1,1), Follow(84,1,1), Follow(85,1,1), Follow(86,1,1), Follow(87,1,1), Follow(88,1,1), Follow(89,1,1), Follow(90,1,1), Follow(91,1,1), Follow(92,1,1), Follow(93,1,1), Follow(94,1,1), Follow(95,1,1), Follow(96,1,1), Follow(97,1,1), Follow(98,1,1), Follow(99,1,1), Follow(100,1,1))
	at org.scalatest.Assertions$class.newAssertionFailedException(Assertions.scala:528)
	at followers.FollowersSuite.newAssertionFailedException(FollowersSuite.scala:21)
	at org.scalatest.Assertions$AssertionsHelper.macroAssert(Assertions.scala:501)
	at followers.FollowersSuite$$anonfun$6.apply(FollowersSuite.scala:77)
	at followers.FollowersSuite$$anonfun$6.apply(FollowersSuite.scala:72)
	at org.scalatest.OutcomeOf$class.outcomeOf(OutcomeOf.scala:85)
	at org.scalatest.OutcomeOf$.outcomeOf(OutcomeOf.scala:104)
	at org.scalatest.Transformer.apply(Transformer.scala:22)
	at org.scalatest.Transformer.apply(Transformer.scala:20)
	at org.scalatest.FunSuiteLike$$anon$1.apply(FunSuiteLike.scala:186)
	at org.scalatest.TestSuite$class.withFixture(TestSuite.scala:196)
	at followers.FollowersSuite.withFixture(FollowersSuite.scala:21)
	at org.scalatest.FunSuiteLike$class.invokeWithFixture$1(FunSuiteLike.scala:183)
	at org.scalatest.FunSuiteLike$$anonfun$runTest$1.apply(FunSuiteLike.scala:196)
	at org.scalatest.FunSuiteLike$$anonfun$runTest$1.apply(FunSuiteLike.scala:196)
	at org.scalatest.SuperEngine.runTestImpl(Engine.scala:289)
	at org.scalatest.FunSuiteLike$class.runTest(FunSuiteLike.scala:196)
	at followers.FollowersSuite.runTest(FollowersSuite.scala:21)
	at org.scalatest.FunSuiteLike$$anonfun$runTests$1.apply(FunSuiteLike.scala:229)
	at org.scalatest.FunSuiteLike$$anonfun$runTests$1.apply(FunSuiteLike.scala:229)
	at org.scalatest.SuperEngine$$anonfun$traverseSubNodes$1$1.apply(Engine.scala:396)
	at org.scalatest.SuperEngine$$anonfun$traverseSubNodes$1$1.apply(Engine.scala:384)
	at scala.collection.immutable.List.foreach(List.scala:392)
	at org.scalatest.SuperEngine.traverseSubNodes$1(Engine.scala:384)
	at org.scalatest.SuperEngine.org$scalatest$SuperEngine$$runTestsInBranch(Engine.scala:379)
	at org.scalatest.SuperEngine.runTestsImpl(Engine.scala:461)
	at org.scalatest.FunSuiteLike$class.runTests(FunSuiteLike.scala:229)
	at followers.FollowersSuite.runTests(FollowersSuite.scala:21)
	at org.scalatest.Suite$class.run(Suite.scala:1147)
	at followers.FollowersSuite.org$scalatest$FunSuiteLike$$super$run(FollowersSuite.scala:21)
	at org.scalatest.FunSuiteLike$$anonfun$run$1.apply(FunSuiteLike.scala:233)
	at org.scalatest.FunSuiteLike$$anonfun$run$1.apply(FunSuiteLike.scala:233)
	at org.scalatest.SuperEngine.runImpl(Engine.scala:521)
	at org.scalatest.FunSuiteLike$class.run(FunSuiteLike.scala:233)
	at followers.FollowersSuite.org$scalatest$BeforeAndAfterAll$$super$run(FollowersSuite.scala:21)
	at org.scalatest.BeforeAndAfterAll$class.liftedTree1$1(BeforeAndAfterAll.scala:213)
	at org.scalatest.BeforeAndAfterAll$class.run(BeforeAndAfterAll.scala:210)
	at followers.FollowersSuite.run(FollowersSuite.scala:21)
	at org.scalatest.tools.Framework.org$scalatest$tools$Framework$$runSuite(Framework.scala:314)
	at org.scalatest.tools.Framework$ScalaTestTask.execute(Framework.scala:480)
	at sbt.TestRunner.runTest$1(TestFramework.scala:113)
	at sbt.TestRunner.run(TestFramework.scala:124)
	at sbt.TestFramework$$anon$2$$anonfun$$lessinit$greater$1.$anonfun$apply$1(TestFramework.scala:282)
	at sbt.TestFramework$.sbt$TestFramework$$withContextLoader(TestFramework.scala:246)
	at sbt.TestFramework$$anon$2$$anonfun$$lessinit$greater$1.apply(TestFramework.scala:282)
	at sbt.TestFramework$$anon$2$$anonfun$$lessinit$greater$1.apply(TestFramework.scala:282)
	at sbt.TestFunction.apply(TestFramework.scala:294)
	at sbt.Tests$.processRunnable$1(Tests.scala:347)
	at sbt.Tests$.$anonfun$makeSerial$1(Tests.scala:353)
	at sbt.std.Transform$$anon$3.$anonfun$apply$2(System.scala:46)
	at sbt.std.Transform$$anon$4.work(System.scala:67)
	at sbt.Execute.$anonfun$submit$2(Execute.scala:269)
	at sbt.internal.util.ErrorHandling$.wideConvert(ErrorHandling.scala:16)
	at sbt.Execute.work(Execute.scala:278)
	at sbt.Execute.$anonfun$submit$1(Execute.scala:269)
	at sbt.ConcurrentRestrictions$$anon$4.$anonfun$submitValid$1(ConcurrentRestrictions.scala:178)
	at sbt.CompletionService$$anon$2.call(CompletionService.scala:37)
	at java.util.concurrent.FutureTask.run(FutureTask.java:266)
	at java.util.concurrent.Executors$RunnableAdapter.call(Executors.java:511)
	at java.util.concurrent.FutureTask.run(FutureTask.java:266)
	at java.util.concurrent.ThreadPoolExecutor.runWorker(ThreadPoolExecutor.java:1149)
	at java.util.concurrent.ThreadPoolExecutor$Worker.run(ThreadPoolExecutor.java:624)
	at java.lang.Thread.run(Thread.java:748)
</failure>
                                               </testcase><testcase classname="followers.FollowersSuite" name="reintroduceOrdering: reintroduce ordering, 2 off" time="1.004">
                                                 <failure message="Vector(Follow(2,1,2), Follow(1,1,3), Follow(2,1,2), Follow(1,1,3), Follow(2,1,2), Follow(3,1,4)) did not equal List(Follow(1,1,3), Follow(2,1,2), Follow(3,1,4))" type="org.scalatest.exceptions.TestFailedException">org.scalatest.exceptions.TestFailedException: Vector(Follow(2,1,2), Follow(1,1,3), Follow(2,1,2), Follow(1,1,3), Follow(2,1,2), Follow(3,1,4)) did not equal List(Follow(1,1,3), Follow(2,1,2), Follow(3,1,4))
	at org.scalatest.Assertions$class.newAssertionFailedException(Assertions.scala:528)
	at followers.FollowersSuite.newAssertionFailedException(FollowersSuite.scala:21)
	at org.scalatest.Assertions$AssertionsHelper.macroAssert(Assertions.scala:501)
	at followers.FollowersSuite$$anonfun$8.apply(FollowersSuite.scala:89)
	at followers.FollowersSuite$$anonfun$8.apply(FollowersSuite.scala:80)
	at org.scalatest.OutcomeOf$class.outcomeOf(OutcomeOf.scala:85)
	at org.scalatest.OutcomeOf$.outcomeOf(OutcomeOf.scala:104)
	at org.scalatest.Transformer.apply(Transformer.scala:22)
	at org.scalatest.Transformer.apply(Transformer.scala:20)
	at org.scalatest.FunSuiteLike$$anon$1.apply(FunSuiteLike.scala:186)
	at org.scalatest.TestSuite$class.withFixture(TestSuite.scala:196)
	at followers.FollowersSuite.withFixture(FollowersSuite.scala:21)
	at org.scalatest.FunSuiteLike$class.invokeWithFixture$1(FunSuiteLike.scala:183)
	at org.scalatest.FunSuiteLike$$anonfun$runTest$1.apply(FunSuiteLike.scala:196)
	at org.scalatest.FunSuiteLike$$anonfun$runTest$1.apply(FunSuiteLike.scala:196)
	at org.scalatest.SuperEngine.runTestImpl(Engine.scala:289)
	at org.scalatest.FunSuiteLike$class.runTest(FunSuiteLike.scala:196)
	at followers.FollowersSuite.runTest(FollowersSuite.scala:21)
	at org.scalatest.FunSuiteLike$$anonfun$runTests$1.apply(FunSuiteLike.scala:229)
	at org.scalatest.FunSuiteLike$$anonfun$runTests$1.apply(FunSuiteLike.scala:229)
	at org.scalatest.SuperEngine$$anonfun$traverseSubNodes$1$1.apply(Engine.scala:396)
	at org.scalatest.SuperEngine$$anonfun$traverseSubNodes$1$1.apply(Engine.scala:384)
	at scala.collection.immutable.List.foreach(List.scala:392)
	at org.scalatest.SuperEngine.traverseSubNodes$1(Engine.scala:384)
	at org.scalatest.SuperEngine.org$scalatest$SuperEngine$$runTestsInBranch(Engine.scala:379)
	at org.scalatest.SuperEngine.runTestsImpl(Engine.scala:461)
	at org.scalatest.FunSuiteLike$class.runTests(FunSuiteLike.scala:229)
	at followers.FollowersSuite.runTests(FollowersSuite.scala:21)
	at org.scalatest.Suite$class.run(Suite.scala:1147)
	at followers.FollowersSuite.org$scalatest$FunSuiteLike$$super$run(FollowersSuite.scala:21)
	at org.scalatest.FunSuiteLike$$anonfun$run$1.apply(FunSuiteLike.scala:233)
	at org.scalatest.FunSuiteLike$$anonfun$run$1.apply(FunSuiteLike.scala:233)
	at org.scalatest.SuperEngine.runImpl(Engine.scala:521)
	at org.scalatest.FunSuiteLike$class.run(FunSuiteLike.scala:233)
	at followers.FollowersSuite.org$scalatest$BeforeAndAfterAll$$super$run(FollowersSuite.scala:21)
	at org.scalatest.BeforeAndAfterAll$class.liftedTree1$1(BeforeAndAfterAll.scala:213)
	at org.scalatest.BeforeAndAfterAll$class.run(BeforeAndAfterAll.scala:210)
	at followers.FollowersSuite.run(FollowersSuite.scala:21)
	at org.scalatest.tools.Framework.org$scalatest$tools$Framework$$runSuite(Framework.scala:314)
	at org.scalatest.tools.Framework$ScalaTestTask.execute(Framework.scala:480)
	at sbt.TestRunner.runTest$1(TestFramework.scala:113)
	at sbt.TestRunner.run(TestFramework.scala:124)
	at sbt.TestFramework$$anon$2$$anonfun$$lessinit$greater$1.$anonfun$apply$1(TestFramework.scala:282)
	at sbt.TestFramework$.sbt$TestFramework$$withContextLoader(TestFramework.scala:246)
	at sbt.TestFramework$$anon$2$$anonfun$$lessinit$greater$1.apply(TestFramework.scala:282)
	at sbt.TestFramework$$anon$2$$anonfun$$lessinit$greater$1.apply(TestFramework.scala:282)
	at sbt.TestFunction.apply(TestFramework.scala:294)
	at sbt.Tests$.processRunnable$1(Tests.scala:347)
	at sbt.Tests$.$anonfun$makeSerial$1(Tests.scala:353)
	at sbt.std.Transform$$anon$3.$anonfun$apply$2(System.scala:46)
	at sbt.std.Transform$$anon$4.work(System.scala:67)
	at sbt.Execute.$anonfun$submit$2(Execute.scala:269)
	at sbt.internal.util.ErrorHandling$.wideConvert(ErrorHandling.scala:16)
	at sbt.Execute.work(Execute.scala:278)
	at sbt.Execute.$anonfun$submit$1(Execute.scala:269)
	at sbt.ConcurrentRestrictions$$anon$4.$anonfun$submitValid$1(ConcurrentRestrictions.scala:178)
	at sbt.CompletionService$$anon$2.call(CompletionService.scala:37)
	at java.util.concurrent.FutureTask.run(FutureTask.java:266)
	at java.util.concurrent.Executors$RunnableAdapter.call(Executors.java:511)
	at java.util.concurrent.FutureTask.run(FutureTask.java:266)
	at java.util.concurrent.ThreadPoolExecutor.runWorker(ThreadPoolExecutor.java:1149)
	at java.util.concurrent.ThreadPoolExecutor$Worker.run(ThreadPoolExecutor.java:624)
	at java.lang.Thread.run(Thread.java:748)
</failure>
                                               </testcase><testcase classname="followers.FollowersSuite" name="followersFlow: add a follower" time="0.001">
                                                 <failure message="an implementation is missing" type="scala.NotImplementedError">scala.NotImplementedError: an implementation is missing
	at scala.Predef$.$qmark$qmark$qmark(Predef.scala:230)
	at followers.Server$$anonfun$followers$Server$$unimplementedFlow$2.apply(Server.scala:109)
	at followers.Server$$anonfun$followers$Server$$unimplementedFlow$2.apply(Server.scala:109)
	at akka.stream.impl.Transform.apply(TraversalBuilder.scala:157)
	at akka.stream.impl.PhasedFusingActorMaterializer.materialize(PhasedFusingActorMaterializer.scala:475)
	at akka.stream.impl.PhasedFusingActorMaterializer.materialize(PhasedFusingActorMaterializer.scala:412)
	at akka.stream.impl.PhasedFusingActorMaterializer.materialize(PhasedFusingActorMaterializer.scala:407)
	at akka.stream.scaladsl.RunnableGraph.run(Flow.scala:588)
	at akka.stream.scaladsl.Source.runWith(Source.scala:103)
	at followers.FollowersSuite$$anonfun$10.apply(FollowersSuite.scala:97)
	at followers.FollowersSuite$$anonfun$10.apply(FollowersSuite.scala:93)
	at org.scalatest.OutcomeOf$class.outcomeOf(OutcomeOf.scala:85)
	at org.scalatest.OutcomeOf$.outcomeOf(OutcomeOf.scala:104)
	at org.scalatest.Transformer.apply(Transformer.scala:22)
	at org.scalatest.Transformer.apply(Transformer.scala:20)
	at org.scalatest.FunSuiteLike$$anon$1.apply(FunSuiteLike.scala:186)
	at org.scalatest.TestSuite$class.withFixture(TestSuite.scala:196)
	at followers.FollowersSuite.withFixture(FollowersSuite.scala:21)
	at org.scalatest.FunSuiteLike$class.invokeWithFixture$1(FunSuiteLike.scala:183)
	at org.scalatest.FunSuiteLike$$anonfun$runTest$1.apply(FunSuiteLike.scala:196)
	at org.scalatest.FunSuiteLike$$anonfun$runTest$1.apply(FunSuiteLike.scala:196)
	at org.scalatest.SuperEngine.runTestImpl(Engine.scala:289)
	at org.scalatest.FunSuiteLike$class.runTest(FunSuiteLike.scala:196)
	at followers.FollowersSuite.runTest(FollowersSuite.scala:21)
	at org.scalatest.FunSuiteLike$$anonfun$runTests$1.apply(FunSuiteLike.scala:229)
	at org.scalatest.FunSuiteLike$$anonfun$runTests$1.apply(FunSuiteLike.scala:229)
	at org.scalatest.SuperEngine$$anonfun$traverseSubNodes$1$1.apply(Engine.scala:396)
	at org.scalatest.SuperEngine$$anonfun$traverseSubNodes$1$1.apply(Engine.scala:384)
	at scala.collection.immutable.List.foreach(List.scala:392)
	at org.scalatest.SuperEngine.traverseSubNodes$1(Engine.scala:384)
	at org.scalatest.SuperEngine.org$scalatest$SuperEngine$$runTestsInBranch(Engine.scala:379)
	at org.scalatest.SuperEngine.runTestsImpl(Engine.scala:461)
	at org.scalatest.FunSuiteLike$class.runTests(FunSuiteLike.scala:229)
	at followers.FollowersSuite.runTests(FollowersSuite.scala:21)
	at org.scalatest.Suite$class.run(Suite.scala:1147)
	at followers.FollowersSuite.org$scalatest$FunSuiteLike$$super$run(FollowersSuite.scala:21)
	at org.scalatest.FunSuiteLike$$anonfun$run$1.apply(FunSuiteLike.scala:233)
	at org.scalatest.FunSuiteLike$$anonfun$run$1.apply(FunSuiteLike.scala:233)
	at org.scalatest.SuperEngine.runImpl(Engine.scala:521)
	at org.scalatest.FunSuiteLike$class.run(FunSuiteLike.scala:233)
	at followers.FollowersSuite.org$scalatest$BeforeAndAfterAll$$super$run(FollowersSuite.scala:21)
	at org.scalatest.BeforeAndAfterAll$class.liftedTree1$1(BeforeAndAfterAll.scala:213)
	at org.scalatest.BeforeAndAfterAll$class.run(BeforeAndAfterAll.scala:210)
	at followers.FollowersSuite.run(FollowersSuite.scala:21)
	at org.scalatest.tools.Framework.org$scalatest$tools$Framework$$runSuite(Framework.scala:314)
	at org.scalatest.tools.Framework$ScalaTestTask.execute(Framework.scala:480)
	at sbt.TestRunner.runTest$1(TestFramework.scala:113)
	at sbt.TestRunner.run(TestFramework.scala:124)
	at sbt.TestFramework$$anon$2$$anonfun$$lessinit$greater$1.$anonfun$apply$1(TestFramework.scala:282)
	at sbt.TestFramework$.sbt$TestFramework$$withContextLoader(TestFramework.scala:246)
	at sbt.TestFramework$$anon$2$$anonfun$$lessinit$greater$1.apply(TestFramework.scala:282)
	at sbt.TestFramework$$anon$2$$anonfun$$lessinit$greater$1.apply(TestFramework.scala:282)
	at sbt.TestFunction.apply(TestFramework.scala:294)
	at sbt.Tests$.processRunnable$1(Tests.scala:347)
	at sbt.Tests$.$anonfun$makeSerial$1(Tests.scala:353)
	at sbt.std.Transform$$anon$3.$anonfun$apply$2(System.scala:46)
	at sbt.std.Transform$$anon$4.work(System.scala:67)
	at sbt.Execute.$anonfun$submit$2(Execute.scala:269)
	at sbt.internal.util.ErrorHandling$.wideConvert(ErrorHandling.scala:16)
	at sbt.Execute.work(Execute.scala:278)
	at sbt.Execute.$anonfun$submit$1(Execute.scala:269)
	at sbt.ConcurrentRestrictions$$anon$4.$anonfun$submitValid$1(ConcurrentRestrictions.scala:178)
	at sbt.CompletionService$$anon$2.call(CompletionService.scala:37)
	at java.util.concurrent.FutureTask.run(FutureTask.java:266)
	at java.util.concurrent.Executors$RunnableAdapter.call(Executors.java:511)
	at java.util.concurrent.FutureTask.run(FutureTask.java:266)
	at java.util.concurrent.ThreadPoolExecutor.runWorker(ThreadPoolExecutor.java:1149)
	at java.util.concurrent.ThreadPoolExecutor$Worker.run(ThreadPoolExecutor.java:624)
	at java.lang.Thread.run(Thread.java:748)
</failure>
                                               </testcase><testcase classname="followers.FollowersSuite" name="followersFlow: remove a follower" time="0.001">
                                                 <failure message="an implementation is missing" type="scala.NotImplementedError">scala.NotImplementedError: an implementation is missing
	at scala.Predef$.$qmark$qmark$qmark(Predef.scala:230)
	at followers.Server$$anonfun$followers$Server$$unimplementedFlow$2.apply(Server.scala:109)
	at followers.Server$$anonfun$followers$Server$$unimplementedFlow$2.apply(Server.scala:109)
	at akka.stream.impl.Transform.apply(TraversalBuilder.scala:157)
	at akka.stream.impl.PhasedFusingActorMaterializer.materialize(PhasedFusingActorMaterializer.scala:475)
	at akka.stream.impl.PhasedFusingActorMaterializer.materialize(PhasedFusingActorMaterializer.scala:412)
	at akka.stream.impl.PhasedFusingActorMaterializer.materialize(PhasedFusingActorMaterializer.scala:407)
	at akka.stream.scaladsl.RunnableGraph.run(Flow.scala:588)
	at akka.stream.scaladsl.Source.runWith(Source.scala:103)
	at followers.FollowersSuite$$anonfun$11.apply(FollowersSuite.scala:106)
	at followers.FollowersSuite$$anonfun$11.apply(FollowersSuite.scala:102)
	at org.scalatest.OutcomeOf$class.outcomeOf(OutcomeOf.scala:85)
	at org.scalatest.OutcomeOf$.outcomeOf(OutcomeOf.scala:104)
	at org.scalatest.Transformer.apply(Transformer.scala:22)
	at org.scalatest.Transformer.apply(Transformer.scala:20)
	at org.scalatest.FunSuiteLike$$anon$1.apply(FunSuiteLike.scala:186)
	at org.scalatest.TestSuite$class.withFixture(TestSuite.scala:196)
	at followers.FollowersSuite.withFixture(FollowersSuite.scala:21)
	at org.scalatest.FunSuiteLike$class.invokeWithFixture$1(FunSuiteLike.scala:183)
	at org.scalatest.FunSuiteLike$$anonfun$runTest$1.apply(FunSuiteLike.scala:196)
	at org.scalatest.FunSuiteLike$$anonfun$runTest$1.apply(FunSuiteLike.scala:196)
	at org.scalatest.SuperEngine.runTestImpl(Engine.scala:289)
	at org.scalatest.FunSuiteLike$class.runTest(FunSuiteLike.scala:196)
	at followers.FollowersSuite.runTest(FollowersSuite.scala:21)
	at org.scalatest.FunSuiteLike$$anonfun$runTests$1.apply(FunSuiteLike.scala:229)
	at org.scalatest.FunSuiteLike$$anonfun$runTests$1.apply(FunSuiteLike.scala:229)
	at org.scalatest.SuperEngine$$anonfun$traverseSubNodes$1$1.apply(Engine.scala:396)
	at org.scalatest.SuperEngine$$anonfun$traverseSubNodes$1$1.apply(Engine.scala:384)
	at scala.collection.immutable.List.foreach(List.scala:392)
	at org.scalatest.SuperEngine.traverseSubNodes$1(Engine.scala:384)
	at org.scalatest.SuperEngine.org$scalatest$SuperEngine$$runTestsInBranch(Engine.scala:379)
	at org.scalatest.SuperEngine.runTestsImpl(Engine.scala:461)
	at org.scalatest.FunSuiteLike$class.runTests(FunSuiteLike.scala:229)
	at followers.FollowersSuite.runTests(FollowersSuite.scala:21)
	at org.scalatest.Suite$class.run(Suite.scala:1147)
	at followers.FollowersSuite.org$scalatest$FunSuiteLike$$super$run(FollowersSuite.scala:21)
	at org.scalatest.FunSuiteLike$$anonfun$run$1.apply(FunSuiteLike.scala:233)
	at org.scalatest.FunSuiteLike$$anonfun$run$1.apply(FunSuiteLike.scala:233)
	at org.scalatest.SuperEngine.runImpl(Engine.scala:521)
	at org.scalatest.FunSuiteLike$class.run(FunSuiteLike.scala:233)
	at followers.FollowersSuite.org$scalatest$BeforeAndAfterAll$$super$run(FollowersSuite.scala:21)
	at org.scalatest.BeforeAndAfterAll$class.liftedTree1$1(BeforeAndAfterAll.scala:213)
	at org.scalatest.BeforeAndAfterAll$class.run(BeforeAndAfterAll.scala:210)
	at followers.FollowersSuite.run(FollowersSuite.scala:21)
	at org.scalatest.tools.Framework.org$scalatest$tools$Framework$$runSuite(Framework.scala:314)
	at org.scalatest.tools.Framework$ScalaTestTask.execute(Framework.scala:480)
	at sbt.TestRunner.runTest$1(TestFramework.scala:113)
	at sbt.TestRunner.run(TestFramework.scala:124)
	at sbt.TestFramework$$anon$2$$anonfun$$lessinit$greater$1.$anonfun$apply$1(TestFramework.scala:282)
	at sbt.TestFramework$.sbt$TestFramework$$withContextLoader(TestFramework.scala:246)
	at sbt.TestFramework$$anon$2$$anonfun$$lessinit$greater$1.apply(TestFramework.scala:282)
	at sbt.TestFramework$$anon$2$$anonfun$$lessinit$greater$1.apply(TestFramework.scala:282)
	at sbt.TestFunction.apply(TestFramework.scala:294)
	at sbt.Tests$.processRunnable$1(Tests.scala:347)
	at sbt.Tests$.$anonfun$makeSerial$1(Tests.scala:353)
	at sbt.std.Transform$$anon$3.$anonfun$apply$2(System.scala:46)
	at sbt.std.Transform$$anon$4.work(System.scala:67)
	at sbt.Execute.$anonfun$submit$2(Execute.scala:269)
	at sbt.internal.util.ErrorHandling$.wideConvert(ErrorHandling.scala:16)
	at sbt.Execute.work(Execute.scala:278)
	at sbt.Execute.$anonfun$submit$1(Execute.scala:269)
	at sbt.ConcurrentRestrictions$$anon$4.$anonfun$submitValid$1(ConcurrentRestrictions.scala:178)
	at sbt.CompletionService$$anon$2.call(CompletionService.scala:37)
	at java.util.concurrent.FutureTask.run(FutureTask.java:266)
	at java.util.concurrent.Executors$RunnableAdapter.call(Executors.java:511)
	at java.util.concurrent.FutureTask.run(FutureTask.java:266)
	at java.util.concurrent.ThreadPoolExecutor.runWorker(ThreadPoolExecutor.java:1149)
	at java.util.concurrent.ThreadPoolExecutor$Worker.run(ThreadPoolExecutor.java:624)
	at java.lang.Thread.run(Thread.java:748)
</failure>
                                               </testcase><testcase classname="followers.FollowersSuite" name="identityParserSink: extract identity" time="1.005">
                                                 
                                               </testcase><testcase classname="followers.FollowersSuite" name="identityParserSink: re-frame incoming bytes" time="1.003">
                                                 
                                               </testcase><testcase classname="followers.FollowersSuite" name="isNotified: always notify users of broadcast messages" time="0.002">
                                                 <failure message="an implementation is missing" type="scala.NotImplementedError">scala.NotImplementedError: an implementation is missing
	at scala.Predef$.$qmark$qmark$qmark(Predef.scala:230)
	at followers.Server$.isNotified(Server.scala:105)
	at followers.FollowersSuite$$anonfun$3$$anonfun$apply$mcV$sp$1.apply(FollowersSuite.scala:130)
	at followers.FollowersSuite$$anonfun$3$$anonfun$apply$mcV$sp$1.apply(FollowersSuite.scala:129)
	at scala.collection.immutable.Range.foreach(Range.scala:160)
	at followers.FollowersSuite$$anonfun$3.apply$mcV$sp(FollowersSuite.scala:129)
	at followers.FollowersSuite$$anonfun$3.apply(FollowersSuite.scala:129)
	at followers.FollowersSuite$$anonfun$3.apply(FollowersSuite.scala:129)
	at org.scalatest.OutcomeOf$class.outcomeOf(OutcomeOf.scala:85)
	at org.scalatest.OutcomeOf$.outcomeOf(OutcomeOf.scala:104)
	at org.scalatest.Transformer.apply(Transformer.scala:22)
	at org.scalatest.Transformer.apply(Transformer.scala:20)
	at org.scalatest.FunSuiteLike$$anon$1.apply(FunSuiteLike.scala:186)
	at org.scalatest.TestSuite$class.withFixture(TestSuite.scala:196)
	at followers.FollowersSuite.withFixture(FollowersSuite.scala:21)
	at org.scalatest.FunSuiteLike$class.invokeWithFixture$1(FunSuiteLike.scala:183)
	at org.scalatest.FunSuiteLike$$anonfun$runTest$1.apply(FunSuiteLike.scala:196)
	at org.scalatest.FunSuiteLike$$anonfun$runTest$1.apply(FunSuiteLike.scala:196)
	at org.scalatest.SuperEngine.runTestImpl(Engine.scala:289)
	at org.scalatest.FunSuiteLike$class.runTest(FunSuiteLike.scala:196)
	at followers.FollowersSuite.runTest(FollowersSuite.scala:21)
	at org.scalatest.FunSuiteLike$$anonfun$runTests$1.apply(FunSuiteLike.scala:229)
	at org.scalatest.FunSuiteLike$$anonfun$runTests$1.apply(FunSuiteLike.scala:229)
	at org.scalatest.SuperEngine$$anonfun$traverseSubNodes$1$1.apply(Engine.scala:396)
	at org.scalatest.SuperEngine$$anonfun$traverseSubNodes$1$1.apply(Engine.scala:384)
	at scala.collection.immutable.List.foreach(List.scala:392)
	at org.scalatest.SuperEngine.traverseSubNodes$1(Engine.scala:384)
	at org.scalatest.SuperEngine.org$scalatest$SuperEngine$$runTestsInBranch(Engine.scala:379)
	at org.scalatest.SuperEngine.runTestsImpl(Engine.scala:461)
	at org.scalatest.FunSuiteLike$class.runTests(FunSuiteLike.scala:229)
	at followers.FollowersSuite.runTests(FollowersSuite.scala:21)
	at org.scalatest.Suite$class.run(Suite.scala:1147)
	at followers.FollowersSuite.org$scalatest$FunSuiteLike$$super$run(FollowersSuite.scala:21)
	at org.scalatest.FunSuiteLike$$anonfun$run$1.apply(FunSuiteLike.scala:233)
	at org.scalatest.FunSuiteLike$$anonfun$run$1.apply(FunSuiteLike.scala:233)
	at org.scalatest.SuperEngine.runImpl(Engine.scala:521)
	at org.scalatest.FunSuiteLike$class.run(FunSuiteLike.scala:233)
	at followers.FollowersSuite.org$scalatest$BeforeAndAfterAll$$super$run(FollowersSuite.scala:21)
	at org.scalatest.BeforeAndAfterAll$class.liftedTree1$1(BeforeAndAfterAll.scala:213)
	at org.scalatest.BeforeAndAfterAll$class.run(BeforeAndAfterAll.scala:210)
	at followers.FollowersSuite.run(FollowersSuite.scala:21)
	at org.scalatest.tools.Framework.org$scalatest$tools$Framework$$runSuite(Framework.scala:314)
	at org.scalatest.tools.Framework$ScalaTestTask.execute(Framework.scala:480)
	at sbt.TestRunner.runTest$1(TestFramework.scala:113)
	at sbt.TestRunner.run(TestFramework.scala:124)
	at sbt.TestFramework$$anon$2$$anonfun$$lessinit$greater$1.$anonfun$apply$1(TestFramework.scala:282)
	at sbt.TestFramework$.sbt$TestFramework$$withContextLoader(TestFramework.scala:246)
	at sbt.TestFramework$$anon$2$$anonfun$$lessinit$greater$1.apply(TestFramework.scala:282)
	at sbt.TestFramework$$anon$2$$anonfun$$lessinit$greater$1.apply(TestFramework.scala:282)
	at sbt.TestFunction.apply(TestFramework.scala:294)
	at sbt.Tests$.processRunnable$1(Tests.scala:347)
	at sbt.Tests$.$anonfun$makeSerial$1(Tests.scala:353)
	at sbt.std.Transform$$anon$3.$anonfun$apply$2(System.scala:46)
	at sbt.std.Transform$$anon$4.work(System.scala:67)
	at sbt.Execute.$anonfun$submit$2(Execute.scala:269)
	at sbt.internal.util.ErrorHandling$.wideConvert(ErrorHandling.scala:16)
	at sbt.Execute.work(Execute.scala:278)
	at sbt.Execute.$anonfun$submit$1(Execute.scala:269)
	at sbt.ConcurrentRestrictions$$anon$4.$anonfun$submitValid$1(ConcurrentRestrictions.scala:178)
	at sbt.CompletionService$$anon$2.call(CompletionService.scala:37)
	at java.util.concurrent.FutureTask.run(FutureTask.java:266)
	at java.util.concurrent.Executors$RunnableAdapter.call(Executors.java:511)
	at java.util.concurrent.FutureTask.run(FutureTask.java:266)
	at java.util.concurrent.ThreadPoolExecutor.runWorker(ThreadPoolExecutor.java:1149)
	at java.util.concurrent.ThreadPoolExecutor$Worker.run(ThreadPoolExecutor.java:624)
	at java.lang.Thread.run(Thread.java:748)
</failure>
                                               </testcase><testcase classname="followers.FollowersSuite" name="isNotified: notify the followers of an user that updates his status" time="0.001">
                                                 <failure message="an implementation is missing" type="scala.NotImplementedError">scala.NotImplementedError: an implementation is missing
	at scala.Predef$.$qmark$qmark$qmark(Predef.scala:230)
	at followers.Server$.isNotified(Server.scala:105)
	at followers.FollowersSuite$$anonfun$14.apply(FollowersSuite.scala:135)
	at followers.FollowersSuite$$anonfun$14.apply(FollowersSuite.scala:135)
	at org.scalatest.OutcomeOf$class.outcomeOf(OutcomeOf.scala:85)
	at org.scalatest.OutcomeOf$.outcomeOf(OutcomeOf.scala:104)
	at org.scalatest.Transformer.apply(Transformer.scala:22)
	at org.scalatest.Transformer.apply(Transformer.scala:20)
	at org.scalatest.FunSuiteLike$$anon$1.apply(FunSuiteLike.scala:186)
	at org.scalatest.TestSuite$class.withFixture(TestSuite.scala:196)
	at followers.FollowersSuite.withFixture(FollowersSuite.scala:21)
	at org.scalatest.FunSuiteLike$class.invokeWithFixture$1(FunSuiteLike.scala:183)
	at org.scalatest.FunSuiteLike$$anonfun$runTest$1.apply(FunSuiteLike.scala:196)
	at org.scalatest.FunSuiteLike$$anonfun$runTest$1.apply(FunSuiteLike.scala:196)
	at org.scalatest.SuperEngine.runTestImpl(Engine.scala:289)
	at org.scalatest.FunSuiteLike$class.runTest(FunSuiteLike.scala:196)
	at followers.FollowersSuite.runTest(FollowersSuite.scala:21)
	at org.scalatest.FunSuiteLike$$anonfun$runTests$1.apply(FunSuiteLike.scala:229)
	at org.scalatest.FunSuiteLike$$anonfun$runTests$1.apply(FunSuiteLike.scala:229)
	at org.scalatest.SuperEngine$$anonfun$traverseSubNodes$1$1.apply(Engine.scala:396)
	at org.scalatest.SuperEngine$$anonfun$traverseSubNodes$1$1.apply(Engine.scala:384)
	at scala.collection.immutable.List.foreach(List.scala:392)
	at org.scalatest.SuperEngine.traverseSubNodes$1(Engine.scala:384)
	at org.scalatest.SuperEngine.org$scalatest$SuperEngine$$runTestsInBranch(Engine.scala:379)
	at org.scalatest.SuperEngine.runTestsImpl(Engine.scala:461)
	at org.scalatest.FunSuiteLike$class.runTests(FunSuiteLike.scala:229)
	at followers.FollowersSuite.runTests(FollowersSuite.scala:21)
	at org.scalatest.Suite$class.run(Suite.scala:1147)
	at followers.FollowersSuite.org$scalatest$FunSuiteLike$$super$run(FollowersSuite.scala:21)
	at org.scalatest.FunSuiteLike$$anonfun$run$1.apply(FunSuiteLike.scala:233)
	at org.scalatest.FunSuiteLike$$anonfun$run$1.apply(FunSuiteLike.scala:233)
	at org.scalatest.SuperEngine.runImpl(Engine.scala:521)
	at org.scalatest.FunSuiteLike$class.run(FunSuiteLike.scala:233)
	at followers.FollowersSuite.org$scalatest$BeforeAndAfterAll$$super$run(FollowersSuite.scala:21)
	at org.scalatest.BeforeAndAfterAll$class.liftedTree1$1(BeforeAndAfterAll.scala:213)
	at org.scalatest.BeforeAndAfterAll$class.run(BeforeAndAfterAll.scala:210)
	at followers.FollowersSuite.run(FollowersSuite.scala:21)
	at org.scalatest.tools.Framework.org$scalatest$tools$Framework$$runSuite(Framework.scala:314)
	at org.scalatest.tools.Framework$ScalaTestTask.execute(Framework.scala:480)
	at sbt.TestRunner.runTest$1(TestFramework.scala:113)
	at sbt.TestRunner.run(TestFramework.scala:124)
	at sbt.TestFramework$$anon$2$$anonfun$$lessinit$greater$1.$anonfun$apply$1(TestFramework.scala:282)
	at sbt.TestFramework$.sbt$TestFramework$$withContextLoader(TestFramework.scala:246)
	at sbt.TestFramework$$anon$2$$anonfun$$lessinit$greater$1.apply(TestFramework.scala:282)
	at sbt.TestFramework$$anon$2$$anonfun$$lessinit$greater$1.apply(TestFramework.scala:282)
	at sbt.TestFunction.apply(TestFramework.scala:294)
	at sbt.Tests$.processRunnable$1(Tests.scala:347)
	at sbt.Tests$.$anonfun$makeSerial$1(Tests.scala:353)
	at sbt.std.Transform$$anon$3.$anonfun$apply$2(System.scala:46)
	at sbt.std.Transform$$anon$4.work(System.scala:67)
	at sbt.Execute.$anonfun$submit$2(Execute.scala:269)
	at sbt.internal.util.ErrorHandling$.wideConvert(ErrorHandling.scala:16)
	at sbt.Execute.work(Execute.scala:278)
	at sbt.Execute.$anonfun$submit$1(Execute.scala:269)
	at sbt.ConcurrentRestrictions$$anon$4.$anonfun$submitValid$1(ConcurrentRestrictions.scala:178)
	at sbt.CompletionService$$anon$2.call(CompletionService.scala:37)
	at java.util.concurrent.FutureTask.run(FutureTask.java:266)
	at java.util.concurrent.Executors$RunnableAdapter.call(Executors.java:511)
	at java.util.concurrent.FutureTask.run(FutureTask.java:266)
	at java.util.concurrent.ThreadPoolExecutor.runWorker(ThreadPoolExecutor.java:1149)
	at java.util.concurrent.ThreadPoolExecutor$Worker.run(ThreadPoolExecutor.java:624)
	at java.lang.Thread.run(Thread.java:748)
</failure>
                                               </testcase><testcase classname="followers.FollowersSuite" name="eventsFlow: downstream should receive completion when the event source is completed" time="0.008">
                                                 <failure message="an implementation is missing" type="scala.NotImplementedError">scala.NotImplementedError: an implementation is missing
	at scala.Predef$.$qmark$qmark$qmark(Predef.scala:230)
	at followers.Server$$anonfun$followers$Server$$unimplementedFlow$2.apply(Server.scala:109)
	at followers.Server$$anonfun$followers$Server$$unimplementedFlow$2.apply(Server.scala:109)
	at akka.stream.impl.Transform.apply(TraversalBuilder.scala:157)
	at akka.stream.impl.PhasedFusingActorMaterializer.materialize(PhasedFusingActorMaterializer.scala:475)
	at akka.stream.impl.PhasedFusingActorMaterializer.materialize(PhasedFusingActorMaterializer.scala:412)
	at akka.stream.impl.PhasedFusingActorMaterializer.materialize(PhasedFusingActorMaterializer.scala:407)
	at akka.stream.scaladsl.RunnableGraph.run(Flow.scala:588)
	at followers.Server.&lt;init&gt;(Server.scala:151)
	at followers.FollowersSuite$$anonfun$15.apply(FollowersSuite.scala:140)
	at followers.FollowersSuite$$anonfun$15.apply(FollowersSuite.scala:139)
	at org.scalatest.OutcomeOf$class.outcomeOf(OutcomeOf.scala:85)
	at org.scalatest.OutcomeOf$.outcomeOf(OutcomeOf.scala:104)
	at org.scalatest.Transformer.apply(Transformer.scala:22)
	at org.scalatest.Transformer.apply(Transformer.scala:20)
	at org.scalatest.FunSuiteLike$$anon$1.apply(FunSuiteLike.scala:186)
	at org.scalatest.TestSuite$class.withFixture(TestSuite.scala:196)
	at followers.FollowersSuite.withFixture(FollowersSuite.scala:21)
	at org.scalatest.FunSuiteLike$class.invokeWithFixture$1(FunSuiteLike.scala:183)
	at org.scalatest.FunSuiteLike$$anonfun$runTest$1.apply(FunSuiteLike.scala:196)
	at org.scalatest.FunSuiteLike$$anonfun$runTest$1.apply(FunSuiteLike.scala:196)
	at org.scalatest.SuperEngine.runTestImpl(Engine.scala:289)
	at org.scalatest.FunSuiteLike$class.runTest(FunSuiteLike.scala:196)
	at followers.FollowersSuite.runTest(FollowersSuite.scala:21)
	at org.scalatest.FunSuiteLike$$anonfun$runTests$1.apply(FunSuiteLike.scala:229)
	at org.scalatest.FunSuiteLike$$anonfun$runTests$1.apply(FunSuiteLike.scala:229)
	at org.scalatest.SuperEngine$$anonfun$traverseSubNodes$1$1.apply(Engine.scala:396)
	at org.scalatest.SuperEngine$$anonfun$traverseSubNodes$1$1.apply(Engine.scala:384)
	at scala.collection.immutable.List.foreach(List.scala:392)
	at org.scalatest.SuperEngine.traverseSubNodes$1(Engine.scala:384)
	at org.scalatest.SuperEngine.org$scalatest$SuperEngine$$runTestsInBranch(Engine.scala:379)
	at org.scalatest.SuperEngine.runTestsImpl(Engine.scala:461)
	at org.scalatest.FunSuiteLike$class.runTests(FunSuiteLike.scala:229)
	at followers.FollowersSuite.runTests(FollowersSuite.scala:21)
	at org.scalatest.Suite$class.run(Suite.scala:1147)
	at followers.FollowersSuite.org$scalatest$FunSuiteLike$$super$run(FollowersSuite.scala:21)
	at org.scalatest.FunSuiteLike$$anonfun$run$1.apply(FunSuiteLike.scala:233)
	at org.scalatest.FunSuiteLike$$anonfun$run$1.apply(FunSuiteLike.scala:233)
	at org.scalatest.SuperEngine.runImpl(Engine.scala:521)
	at org.scalatest.FunSuiteLike$class.run(FunSuiteLike.scala:233)
	at followers.FollowersSuite.org$scalatest$BeforeAndAfterAll$$super$run(FollowersSuite.scala:21)
	at org.scalatest.BeforeAndAfterAll$class.liftedTree1$1(BeforeAndAfterAll.scala:213)
	at org.scalatest.BeforeAndAfterAll$class.run(BeforeAndAfterAll.scala:210)
	at followers.FollowersSuite.run(FollowersSuite.scala:21)
	at org.scalatest.tools.Framework.org$scalatest$tools$Framework$$runSuite(Framework.scala:314)
	at org.scalatest.tools.Framework$ScalaTestTask.execute(Framework.scala:480)
	at sbt.TestRunner.runTest$1(TestFramework.scala:113)
	at sbt.TestRunner.run(TestFramework.scala:124)
	at sbt.TestFramework$$anon$2$$anonfun$$lessinit$greater$1.$anonfun$apply$1(TestFramework.scala:282)
	at sbt.TestFramework$.sbt$TestFramework$$withContextLoader(TestFramework.scala:246)
	at sbt.TestFramework$$anon$2$$anonfun$$lessinit$greater$1.apply(TestFramework.scala:282)
	at sbt.TestFramework$$anon$2$$anonfun$$lessinit$greater$1.apply(TestFramework.scala:282)
	at sbt.TestFunction.apply(TestFramework.scala:294)
	at sbt.Tests$.processRunnable$1(Tests.scala:347)
	at sbt.Tests$.$anonfun$makeSerial$1(Tests.scala:353)
	at sbt.std.Transform$$anon$3.$anonfun$apply$2(System.scala:46)
	at sbt.std.Transform$$anon$4.work(System.scala:67)
	at sbt.Execute.$anonfun$submit$2(Execute.scala:269)
	at sbt.internal.util.ErrorHandling$.wideConvert(ErrorHandling.scala:16)
	at sbt.Execute.work(Execute.scala:278)
	at sbt.Execute.$anonfun$submit$1(Execute.scala:269)
	at sbt.ConcurrentRestrictions$$anon$4.$anonfun$submitValid$1(ConcurrentRestrictions.scala:178)
	at sbt.CompletionService$$anon$2.call(CompletionService.scala:37)
	at java.util.concurrent.FutureTask.run(FutureTask.java:266)
	at java.util.concurrent.Executors$RunnableAdapter.call(Executors.java:511)
	at java.util.concurrent.FutureTask.run(FutureTask.java:266)
	at java.util.concurrent.ThreadPoolExecutor.runWorker(ThreadPoolExecutor.java:1149)
	at java.util.concurrent.ThreadPoolExecutor$Worker.run(ThreadPoolExecutor.java:624)
	at java.lang.Thread.run(Thread.java:748)
</failure>
                                               </testcase><testcase classname="followers.FollowersSuite" name="incomingDataFlow: reframe, reorder and compute followers" time="0.0">
                                                 <failure message="an implementation is missing" type="scala.NotImplementedError">scala.NotImplementedError: an implementation is missing
	at scala.Predef$.$qmark$qmark$qmark(Predef.scala:230)
	at followers.Server$$anonfun$followers$Server$$unimplementedFlow$2.apply(Server.scala:109)
	at followers.Server$$anonfun$followers$Server$$unimplementedFlow$2.apply(Server.scala:109)
	at akka.stream.impl.Transform.apply(TraversalBuilder.scala:157)
	at akka.stream.impl.PhasedFusingActorMaterializer.materialize(PhasedFusingActorMaterializer.scala:475)
	at akka.stream.impl.PhasedFusingActorMaterializer.materialize(PhasedFusingActorMaterializer.scala:412)
	at akka.stream.impl.PhasedFusingActorMaterializer.materialize(PhasedFusingActorMaterializer.scala:407)
	at akka.stream.scaladsl.RunnableGraph.run(Flow.scala:588)
	at followers.Server.&lt;init&gt;(Server.scala:151)
	at followers.FollowersSuite$$anonfun$16.apply(FollowersSuite.scala:152)
	at followers.FollowersSuite$$anonfun$16.apply(FollowersSuite.scala:151)
	at org.scalatest.OutcomeOf$class.outcomeOf(OutcomeOf.scala:85)
	at org.scalatest.OutcomeOf$.outcomeOf(OutcomeOf.scala:104)
	at org.scalatest.Transformer.apply(Transformer.scala:22)
	at org.scalatest.Transformer.apply(Transformer.scala:20)
	at org.scalatest.FunSuiteLike$$anon$1.apply(FunSuiteLike.scala:186)
	at org.scalatest.TestSuite$class.withFixture(TestSuite.scala:196)
	at followers.FollowersSuite.withFixture(FollowersSuite.scala:21)
	at org.scalatest.FunSuiteLike$class.invokeWithFixture$1(FunSuiteLike.scala:183)
	at org.scalatest.FunSuiteLike$$anonfun$runTest$1.apply(FunSuiteLike.scala:196)
	at org.scalatest.FunSuiteLike$$anonfun$runTest$1.apply(FunSuiteLike.scala:196)
	at org.scalatest.SuperEngine.runTestImpl(Engine.scala:289)
	at org.scalatest.FunSuiteLike$class.runTest(FunSuiteLike.scala:196)
	at followers.FollowersSuite.runTest(FollowersSuite.scala:21)
	at org.scalatest.FunSuiteLike$$anonfun$runTests$1.apply(FunSuiteLike.scala:229)
	at org.scalatest.FunSuiteLike$$anonfun$runTests$1.apply(FunSuiteLike.scala:229)
	at org.scalatest.SuperEngine$$anonfun$traverseSubNodes$1$1.apply(Engine.scala:396)
	at org.scalatest.SuperEngine$$anonfun$traverseSubNodes$1$1.apply(Engine.scala:384)
	at scala.collection.immutable.List.foreach(List.scala:392)
	at org.scalatest.SuperEngine.traverseSubNodes$1(Engine.scala:384)
	at org.scalatest.SuperEngine.org$scalatest$SuperEngine$$runTestsInBranch(Engine.scala:379)
	at org.scalatest.SuperEngine.runTestsImpl(Engine.scala:461)
	at org.scalatest.FunSuiteLike$class.runTests(FunSuiteLike.scala:229)
	at followers.FollowersSuite.runTests(FollowersSuite.scala:21)
	at org.scalatest.Suite$class.run(Suite.scala:1147)
	at followers.FollowersSuite.org$scalatest$FunSuiteLike$$super$run(FollowersSuite.scala:21)
	at org.scalatest.FunSuiteLike$$anonfun$run$1.apply(FunSuiteLike.scala:233)
	at org.scalatest.FunSuiteLike$$anonfun$run$1.apply(FunSuiteLike.scala:233)
	at org.scalatest.SuperEngine.runImpl(Engine.scala:521)
	at org.scalatest.FunSuiteLike$class.run(FunSuiteLike.scala:233)
	at followers.FollowersSuite.org$scalatest$BeforeAndAfterAll$$super$run(FollowersSuite.scala:21)
	at org.scalatest.BeforeAndAfterAll$class.liftedTree1$1(BeforeAndAfterAll.scala:213)
	at org.scalatest.BeforeAndAfterAll$class.run(BeforeAndAfterAll.scala:210)
	at followers.FollowersSuite.run(FollowersSuite.scala:21)
	at org.scalatest.tools.Framework.org$scalatest$tools$Framework$$runSuite(Framework.scala:314)
	at org.scalatest.tools.Framework$ScalaTestTask.execute(Framework.scala:480)
	at sbt.TestRunner.runTest$1(TestFramework.scala:113)
	at sbt.TestRunner.run(TestFramework.scala:124)
	at sbt.TestFramework$$anon$2$$anonfun$$lessinit$greater$1.$anonfun$apply$1(TestFramework.scala:282)
	at sbt.TestFramework$.sbt$TestFramework$$withContextLoader(TestFramework.scala:246)
	at sbt.TestFramework$$anon$2$$anonfun$$lessinit$greater$1.apply(TestFramework.scala:282)
	at sbt.TestFramework$$anon$2$$anonfun$$lessinit$greater$1.apply(TestFramework.scala:282)
	at sbt.TestFunction.apply(TestFramework.scala:294)
	at sbt.Tests$.processRunnable$1(Tests.scala:347)
	at sbt.Tests$.$anonfun$makeSerial$1(Tests.scala:353)
	at sbt.std.Transform$$anon$3.$anonfun$apply$2(System.scala:46)
	at sbt.std.Transform$$anon$4.work(System.scala:67)
	at sbt.Execute.$anonfun$submit$2(Execute.scala:269)
	at sbt.internal.util.ErrorHandling$.wideConvert(ErrorHandling.scala:16)
	at sbt.Execute.work(Execute.scala:278)
	at sbt.Execute.$anonfun$submit$1(Execute.scala:269)
	at sbt.ConcurrentRestrictions$$anon$4.$anonfun$submitValid$1(ConcurrentRestrictions.scala:178)
	at sbt.CompletionService$$anon$2.call(CompletionService.scala:37)
	at java.util.concurrent.FutureTask.run(FutureTask.java:266)
	at java.util.concurrent.Executors$RunnableAdapter.call(Executors.java:511)
	at java.util.concurrent.FutureTask.run(FutureTask.java:266)
	at java.util.concurrent.ThreadPoolExecutor.runWorker(ThreadPoolExecutor.java:1149)
	at java.util.concurrent.ThreadPoolExecutor$Worker.run(ThreadPoolExecutor.java:624)
	at java.lang.Thread.run(Thread.java:748)
</failure>
                                               </testcase><testcase classname="followers.FollowersSuite" name="outgoingFlow: filter out events that should not be delivered to the given user" time="0.001">
                                                 <failure message="an implementation is missing" type="scala.NotImplementedError">scala.NotImplementedError: an implementation is missing
	at scala.Predef$.$qmark$qmark$qmark(Predef.scala:230)
	at followers.Server$$anonfun$followers$Server$$unimplementedFlow$2.apply(Server.scala:109)
	at followers.Server$$anonfun$followers$Server$$unimplementedFlow$2.apply(Server.scala:109)
	at akka.stream.impl.Transform.apply(TraversalBuilder.scala:157)
	at akka.stream.impl.PhasedFusingActorMaterializer.materialize(PhasedFusingActorMaterializer.scala:475)
	at akka.stream.impl.PhasedFusingActorMaterializer.materialize(PhasedFusingActorMaterializer.scala:412)
	at akka.stream.impl.PhasedFusingActorMaterializer.materialize(PhasedFusingActorMaterializer.scala:407)
	at akka.stream.scaladsl.RunnableGraph.run(Flow.scala:588)
	at followers.Server.&lt;init&gt;(Server.scala:151)
	at followers.FollowersSuite$$anonfun$17.apply(FollowersSuite.scala:166)
	at followers.FollowersSuite$$anonfun$17.apply(FollowersSuite.scala:165)
	at org.scalatest.OutcomeOf$class.outcomeOf(OutcomeOf.scala:85)
	at org.scalatest.OutcomeOf$.outcomeOf(OutcomeOf.scala:104)
	at org.scalatest.Transformer.apply(Transformer.scala:22)
	at org.scalatest.Transformer.apply(Transformer.scala:20)
	at org.scalatest.FunSuiteLike$$anon$1.apply(FunSuiteLike.scala:186)
	at org.scalatest.TestSuite$class.withFixture(TestSuite.scala:196)
	at followers.FollowersSuite.withFixture(FollowersSuite.scala:21)
	at org.scalatest.FunSuiteLike$class.invokeWithFixture$1(FunSuiteLike.scala:183)
	at org.scalatest.FunSuiteLike$$anonfun$runTest$1.apply(FunSuiteLike.scala:196)
	at org.scalatest.FunSuiteLike$$anonfun$runTest$1.apply(FunSuiteLike.scala:196)
	at org.scalatest.SuperEngine.runTestImpl(Engine.scala:289)
	at org.scalatest.FunSuiteLike$class.runTest(FunSuiteLike.scala:196)
	at followers.FollowersSuite.runTest(FollowersSuite.scala:21)
	at org.scalatest.FunSuiteLike$$anonfun$runTests$1.apply(FunSuiteLike.scala:229)
	at org.scalatest.FunSuiteLike$$anonfun$runTests$1.apply(FunSuiteLike.scala:229)
	at org.scalatest.SuperEngine$$anonfun$traverseSubNodes$1$1.apply(Engine.scala:396)
	at org.scalatest.SuperEngine$$anonfun$traverseSubNodes$1$1.apply(Engine.scala:384)
	at scala.collection.immutable.List.foreach(List.scala:392)
	at org.scalatest.SuperEngine.traverseSubNodes$1(Engine.scala:384)
	at org.scalatest.SuperEngine.org$scalatest$SuperEngine$$runTestsInBranch(Engine.scala:379)
	at org.scalatest.SuperEngine.runTestsImpl(Engine.scala:461)
	at org.scalatest.FunSuiteLike$class.runTests(FunSuiteLike.scala:229)
	at followers.FollowersSuite.runTests(FollowersSuite.scala:21)
	at org.scalatest.Suite$class.run(Suite.scala:1147)
	at followers.FollowersSuite.org$scalatest$FunSuiteLike$$super$run(FollowersSuite.scala:21)
	at org.scalatest.FunSuiteLike$$anonfun$run$1.apply(FunSuiteLike.scala:233)
	at org.scalatest.FunSuiteLike$$anonfun$run$1.apply(FunSuiteLike.scala:233)
	at org.scalatest.SuperEngine.runImpl(Engine.scala:521)
	at org.scalatest.FunSuiteLike$class.run(FunSuiteLike.scala:233)
	at followers.FollowersSuite.org$scalatest$BeforeAndAfterAll$$super$run(FollowersSuite.scala:21)
	at org.scalatest.BeforeAndAfterAll$class.liftedTree1$1(BeforeAndAfterAll.scala:213)
	at org.scalatest.BeforeAndAfterAll$class.run(BeforeAndAfterAll.scala:210)
	at followers.FollowersSuite.run(FollowersSuite.scala:21)
	at org.scalatest.tools.Framework.org$scalatest$tools$Framework$$runSuite(Framework.scala:314)
	at org.scalatest.tools.Framework$ScalaTestTask.execute(Framework.scala:480)
	at sbt.TestRunner.runTest$1(TestFramework.scala:113)
	at sbt.TestRunner.run(TestFramework.scala:124)
	at sbt.TestFramework$$anon$2$$anonfun$$lessinit$greater$1.$anonfun$apply$1(TestFramework.scala:282)
	at sbt.TestFramework$.sbt$TestFramework$$withContextLoader(TestFramework.scala:246)
	at sbt.TestFramework$$anon$2$$anonfun$$lessinit$greater$1.apply(TestFramework.scala:282)
	at sbt.TestFramework$$anon$2$$anonfun$$lessinit$greater$1.apply(TestFramework.scala:282)
	at sbt.TestFunction.apply(TestFramework.scala:294)
	at sbt.Tests$.processRunnable$1(Tests.scala:347)
	at sbt.Tests$.$anonfun$makeSerial$1(Tests.scala:353)
	at sbt.std.Transform$$anon$3.$anonfun$apply$2(System.scala:46)
	at sbt.std.Transform$$anon$4.work(System.scala:67)
	at sbt.Execute.$anonfun$submit$2(Execute.scala:269)
	at sbt.internal.util.ErrorHandling$.wideConvert(ErrorHandling.scala:16)
	at sbt.Execute.work(Execute.scala:278)
	at sbt.Execute.$anonfun$submit$1(Execute.scala:269)
	at sbt.ConcurrentRestrictions$$anon$4.$anonfun$submitValid$1(ConcurrentRestrictions.scala:178)
	at sbt.CompletionService$$anon$2.call(CompletionService.scala:37)
	at java.util.concurrent.FutureTask.run(FutureTask.java:266)
	at java.util.concurrent.Executors$RunnableAdapter.call(Executors.java:511)
	at java.util.concurrent.FutureTask.run(FutureTask.java:266)
	at java.util.concurrent.ThreadPoolExecutor.runWorker(ThreadPoolExecutor.java:1149)
	at java.util.concurrent.ThreadPoolExecutor$Worker.run(ThreadPoolExecutor.java:624)
	at java.lang.Thread.run(Thread.java:748)
</failure>
                                               </testcase><testcase classname="followers.FollowersSuite" name="clientFlow: handle one client following another" time="0.0">
                                                 <failure message="an implementation is missing" type="scala.NotImplementedError">scala.NotImplementedError: an implementation is missing
	at scala.Predef$.$qmark$qmark$qmark(Predef.scala:230)
	at followers.Server$$anonfun$followers$Server$$unimplementedFlow$2.apply(Server.scala:109)
	at followers.Server$$anonfun$followers$Server$$unimplementedFlow$2.apply(Server.scala:109)
	at akka.stream.impl.Transform.apply(TraversalBuilder.scala:157)
	at akka.stream.impl.PhasedFusingActorMaterializer.materialize(PhasedFusingActorMaterializer.scala:475)
	at akka.stream.impl.PhasedFusingActorMaterializer.materialize(PhasedFusingActorMaterializer.scala:412)
	at akka.stream.impl.PhasedFusingActorMaterializer.materialize(PhasedFusingActorMaterializer.scala:407)
	at akka.stream.scaladsl.RunnableGraph.run(Flow.scala:588)
	at followers.Server.&lt;init&gt;(Server.scala:151)
	at followers.FollowersSuite$$anonfun$18.apply(FollowersSuite.scala:186)
	at followers.FollowersSuite$$anonfun$18.apply(FollowersSuite.scala:185)
	at org.scalatest.OutcomeOf$class.outcomeOf(OutcomeOf.scala:85)
	at org.scalatest.OutcomeOf$.outcomeOf(OutcomeOf.scala:104)
	at org.scalatest.Transformer.apply(Transformer.scala:22)
	at org.scalatest.Transformer.apply(Transformer.scala:20)
	at org.scalatest.FunSuiteLike$$anon$1.apply(FunSuiteLike.scala:186)
	at org.scalatest.TestSuite$class.withFixture(TestSuite.scala:196)
	at followers.FollowersSuite.withFixture(FollowersSuite.scala:21)
	at org.scalatest.FunSuiteLike$class.invokeWithFixture$1(FunSuiteLike.scala:183)
	at org.scalatest.FunSuiteLike$$anonfun$runTest$1.apply(FunSuiteLike.scala:196)
	at org.scalatest.FunSuiteLike$$anonfun$runTest$1.apply(FunSuiteLike.scala:196)
	at org.scalatest.SuperEngine.runTestImpl(Engine.scala:289)
	at org.scalatest.FunSuiteLike$class.runTest(FunSuiteLike.scala:196)
	at followers.FollowersSuite.runTest(FollowersSuite.scala:21)
	at org.scalatest.FunSuiteLike$$anonfun$runTests$1.apply(FunSuiteLike.scala:229)
	at org.scalatest.FunSuiteLike$$anonfun$runTests$1.apply(FunSuiteLike.scala:229)
	at org.scalatest.SuperEngine$$anonfun$traverseSubNodes$1$1.apply(Engine.scala:396)
	at org.scalatest.SuperEngine$$anonfun$traverseSubNodes$1$1.apply(Engine.scala:384)
	at scala.collection.immutable.List.foreach(List.scala:392)
	at org.scalatest.SuperEngine.traverseSubNodes$1(Engine.scala:384)
	at org.scalatest.SuperEngine.org$scalatest$SuperEngine$$runTestsInBranch(Engine.scala:379)
	at org.scalatest.SuperEngine.runTestsImpl(Engine.scala:461)
	at org.scalatest.FunSuiteLike$class.runTests(FunSuiteLike.scala:229)
	at followers.FollowersSuite.runTests(FollowersSuite.scala:21)
	at org.scalatest.Suite$class.run(Suite.scala:1147)
	at followers.FollowersSuite.org$scalatest$FunSuiteLike$$super$run(FollowersSuite.scala:21)
	at org.scalatest.FunSuiteLike$$anonfun$run$1.apply(FunSuiteLike.scala:233)
	at org.scalatest.FunSuiteLike$$anonfun$run$1.apply(FunSuiteLike.scala:233)
	at org.scalatest.SuperEngine.runImpl(Engine.scala:521)
	at org.scalatest.FunSuiteLike$class.run(FunSuiteLike.scala:233)
	at followers.FollowersSuite.org$scalatest$BeforeAndAfterAll$$super$run(FollowersSuite.scala:21)
	at org.scalatest.BeforeAndAfterAll$class.liftedTree1$1(BeforeAndAfterAll.scala:213)
	at org.scalatest.BeforeAndAfterAll$class.run(BeforeAndAfterAll.scala:210)
	at followers.FollowersSuite.run(FollowersSuite.scala:21)
	at org.scalatest.tools.Framework.org$scalatest$tools$Framework$$runSuite(Framework.scala:314)
	at org.scalatest.tools.Framework$ScalaTestTask.execute(Framework.scala:480)
	at sbt.TestRunner.runTest$1(TestFramework.scala:113)
	at sbt.TestRunner.run(TestFramework.scala:124)
	at sbt.TestFramework$$anon$2$$anonfun$$lessinit$greater$1.$anonfun$apply$1(TestFramework.scala:282)
	at sbt.TestFramework$.sbt$TestFramework$$withContextLoader(TestFramework.scala:246)
	at sbt.TestFramework$$anon$2$$anonfun$$lessinit$greater$1.apply(TestFramework.scala:282)
	at sbt.TestFramework$$anon$2$$anonfun$$lessinit$greater$1.apply(TestFramework.scala:282)
	at sbt.TestFunction.apply(TestFramework.scala:294)
	at sbt.Tests$.processRunnable$1(Tests.scala:347)
	at sbt.Tests$.$anonfun$makeSerial$1(Tests.scala:353)
	at sbt.std.Transform$$anon$3.$anonfun$apply$2(System.scala:46)
	at sbt.std.Transform$$anon$4.work(System.scala:67)
	at sbt.Execute.$anonfun$submit$2(Execute.scala:269)
	at sbt.internal.util.ErrorHandling$.wideConvert(ErrorHandling.scala:16)
	at sbt.Execute.work(Execute.scala:278)
	at sbt.Execute.$anonfun$submit$1(Execute.scala:269)
	at sbt.ConcurrentRestrictions$$anon$4.$anonfun$submitValid$1(ConcurrentRestrictions.scala:178)
	at sbt.CompletionService$$anon$2.call(CompletionService.scala:37)
	at java.util.concurrent.FutureTask.run(FutureTask.java:266)
	at java.util.concurrent.Executors$RunnableAdapter.call(Executors.java:511)
	at java.util.concurrent.FutureTask.run(FutureTask.java:266)
	at java.util.concurrent.ThreadPoolExecutor.runWorker(ThreadPoolExecutor.java:1149)
	at java.util.concurrent.ThreadPoolExecutor$Worker.run(ThreadPoolExecutor.java:624)
	at java.lang.Thread.run(Thread.java:748)
</failure>
                                               </testcase><testcase classname="followers.FollowersSuite" name="clientFlow: ensure that event before issuing a Follow is not sent to that follower" time="0.001">
                                                 <failure message="an implementation is missing" type="scala.NotImplementedError">scala.NotImplementedError: an implementation is missing
	at scala.Predef$.$qmark$qmark$qmark(Predef.scala:230)
	at followers.Server$$anonfun$followers$Server$$unimplementedFlow$2.apply(Server.scala:109)
	at followers.Server$$anonfun$followers$Server$$unimplementedFlow$2.apply(Server.scala:109)
	at akka.stream.impl.Transform.apply(TraversalBuilder.scala:157)
	at akka.stream.impl.PhasedFusingActorMaterializer.materialize(PhasedFusingActorMaterializer.scala:475)
	at akka.stream.impl.PhasedFusingActorMaterializer.materialize(PhasedFusingActorMaterializer.scala:412)
	at akka.stream.impl.PhasedFusingActorMaterializer.materialize(PhasedFusingActorMaterializer.scala:407)
	at akka.stream.scaladsl.RunnableGraph.run(Flow.scala:588)
	at followers.Server.&lt;init&gt;(Server.scala:151)
	at followers.FollowersSuite$$anonfun$19.apply(FollowersSuite.scala:205)
	at followers.FollowersSuite$$anonfun$19.apply(FollowersSuite.scala:203)
	at org.scalatest.OutcomeOf$class.outcomeOf(OutcomeOf.scala:85)
	at org.scalatest.OutcomeOf$.outcomeOf(OutcomeOf.scala:104)
	at org.scalatest.Transformer.apply(Transformer.scala:22)
	at org.scalatest.Transformer.apply(Transformer.scala:20)
	at org.scalatest.FunSuiteLike$$anon$1.apply(FunSuiteLike.scala:186)
	at org.scalatest.TestSuite$class.withFixture(TestSuite.scala:196)
	at followers.FollowersSuite.withFixture(FollowersSuite.scala:21)
	at org.scalatest.FunSuiteLike$class.invokeWithFixture$1(FunSuiteLike.scala:183)
	at org.scalatest.FunSuiteLike$$anonfun$runTest$1.apply(FunSuiteLike.scala:196)
	at org.scalatest.FunSuiteLike$$anonfun$runTest$1.apply(FunSuiteLike.scala:196)
	at org.scalatest.SuperEngine.runTestImpl(Engine.scala:289)
	at org.scalatest.FunSuiteLike$class.runTest(FunSuiteLike.scala:196)
	at followers.FollowersSuite.runTest(FollowersSuite.scala:21)
	at org.scalatest.FunSuiteLike$$anonfun$runTests$1.apply(FunSuiteLike.scala:229)
	at org.scalatest.FunSuiteLike$$anonfun$runTests$1.apply(FunSuiteLike.scala:229)
	at org.scalatest.SuperEngine$$anonfun$traverseSubNodes$1$1.apply(Engine.scala:396)
	at org.scalatest.SuperEngine$$anonfun$traverseSubNodes$1$1.apply(Engine.scala:384)
	at scala.collection.immutable.List.foreach(List.scala:392)
	at org.scalatest.SuperEngine.traverseSubNodes$1(Engine.scala:384)
	at org.scalatest.SuperEngine.org$scalatest$SuperEngine$$runTestsInBranch(Engine.scala:379)
	at org.scalatest.SuperEngine.runTestsImpl(Engine.scala:461)
	at org.scalatest.FunSuiteLike$class.runTests(FunSuiteLike.scala:229)
	at followers.FollowersSuite.runTests(FollowersSuite.scala:21)
	at org.scalatest.Suite$class.run(Suite.scala:1147)
	at followers.FollowersSuite.org$scalatest$FunSuiteLike$$super$run(FollowersSuite.scala:21)
	at org.scalatest.FunSuiteLike$$anonfun$run$1.apply(FunSuiteLike.scala:233)
	at org.scalatest.FunSuiteLike$$anonfun$run$1.apply(FunSuiteLike.scala:233)
	at org.scalatest.SuperEngine.runImpl(Engine.scala:521)
	at org.scalatest.FunSuiteLike$class.run(FunSuiteLike.scala:233)
	at followers.FollowersSuite.org$scalatest$BeforeAndAfterAll$$super$run(FollowersSuite.scala:21)
	at org.scalatest.BeforeAndAfterAll$class.liftedTree1$1(BeforeAndAfterAll.scala:213)
	at org.scalatest.BeforeAndAfterAll$class.run(BeforeAndAfterAll.scala:210)
	at followers.FollowersSuite.run(FollowersSuite.scala:21)
	at org.scalatest.tools.Framework.org$scalatest$tools$Framework$$runSuite(Framework.scala:314)
	at org.scalatest.tools.Framework$ScalaTestTask.execute(Framework.scala:480)
	at sbt.TestRunner.runTest$1(TestFramework.scala:113)
	at sbt.TestRunner.run(TestFramework.scala:124)
	at sbt.TestFramework$$anon$2$$anonfun$$lessinit$greater$1.$anonfun$apply$1(TestFramework.scala:282)
	at sbt.TestFramework$.sbt$TestFramework$$withContextLoader(TestFramework.scala:246)
	at sbt.TestFramework$$anon$2$$anonfun$$lessinit$greater$1.apply(TestFramework.scala:282)
	at sbt.TestFramework$$anon$2$$anonfun$$lessinit$greater$1.apply(TestFramework.scala:282)
	at sbt.TestFunction.apply(TestFramework.scala:294)
	at sbt.Tests$.processRunnable$1(Tests.scala:347)
	at sbt.Tests$.$anonfun$makeSerial$1(Tests.scala:353)
	at sbt.std.Transform$$anon$3.$anonfun$apply$2(System.scala:46)
	at sbt.std.Transform$$anon$4.work(System.scala:67)
	at sbt.Execute.$anonfun$submit$2(Execute.scala:269)
	at sbt.internal.util.ErrorHandling$.wideConvert(ErrorHandling.scala:16)
	at sbt.Execute.work(Execute.scala:278)
	at sbt.Execute.$anonfun$submit$1(Execute.scala:269)
	at sbt.ConcurrentRestrictions$$anon$4.$anonfun$submitValid$1(ConcurrentRestrictions.scala:178)
	at sbt.CompletionService$$anon$2.call(CompletionService.scala:37)
	at java.util.concurrent.FutureTask.run(FutureTask.java:266)
	at java.util.concurrent.Executors$RunnableAdapter.call(Executors.java:511)
	at java.util.concurrent.FutureTask.run(FutureTask.java:266)
	at java.util.concurrent.ThreadPoolExecutor.runWorker(ThreadPoolExecutor.java:1149)
	at java.util.concurrent.ThreadPoolExecutor$Worker.run(ThreadPoolExecutor.java:624)
	at java.lang.Thread.run(Thread.java:748)
</failure>
                                               </testcase><testcase classname="followers.FollowersSuite" name="clientFlow: ensure that users get notified from private messages" time="0.0">
                                                 <failure message="an implementation is missing" type="scala.NotImplementedError">scala.NotImplementedError: an implementation is missing
	at scala.Predef$.$qmark$qmark$qmark(Predef.scala:230)
	at followers.Server$$anonfun$followers$Server$$unimplementedFlow$2.apply(Server.scala:109)
	at followers.Server$$anonfun$followers$Server$$unimplementedFlow$2.apply(Server.scala:109)
	at akka.stream.impl.Transform.apply(TraversalBuilder.scala:157)
	at akka.stream.impl.PhasedFusingActorMaterializer.materialize(PhasedFusingActorMaterializer.scala:475)
	at akka.stream.impl.PhasedFusingActorMaterializer.materialize(PhasedFusingActorMaterializer.scala:412)
	at akka.stream.impl.PhasedFusingActorMaterializer.materialize(PhasedFusingActorMaterializer.scala:407)
	at akka.stream.scaladsl.RunnableGraph.run(Flow.scala:588)
	at followers.Server.&lt;init&gt;(Server.scala:151)
	at followers.FollowersSuite$$anonfun$20.apply(FollowersSuite.scala:221)
	at followers.FollowersSuite$$anonfun$20.apply(FollowersSuite.scala:220)
	at org.scalatest.OutcomeOf$class.outcomeOf(OutcomeOf.scala:85)
	at org.scalatest.OutcomeOf$.outcomeOf(OutcomeOf.scala:104)
	at org.scalatest.Transformer.apply(Transformer.scala:22)
	at org.scalatest.Transformer.apply(Transformer.scala:20)
	at org.scalatest.FunSuiteLike$$anon$1.apply(FunSuiteLike.scala:186)
	at org.scalatest.TestSuite$class.withFixture(TestSuite.scala:196)
	at followers.FollowersSuite.withFixture(FollowersSuite.scala:21)
	at org.scalatest.FunSuiteLike$class.invokeWithFixture$1(FunSuiteLike.scala:183)
	at org.scalatest.FunSuiteLike$$anonfun$runTest$1.apply(FunSuiteLike.scala:196)
	at org.scalatest.FunSuiteLike$$anonfun$runTest$1.apply(FunSuiteLike.scala:196)
	at org.scalatest.SuperEngine.runTestImpl(Engine.scala:289)
	at org.scalatest.FunSuiteLike$class.runTest(FunSuiteLike.scala:196)
	at followers.FollowersSuite.runTest(FollowersSuite.scala:21)
	at org.scalatest.FunSuiteLike$$anonfun$runTests$1.apply(FunSuiteLike.scala:229)
	at org.scalatest.FunSuiteLike$$anonfun$runTests$1.apply(FunSuiteLike.scala:229)
	at org.scalatest.SuperEngine$$anonfun$traverseSubNodes$1$1.apply(Engine.scala:396)
	at org.scalatest.SuperEngine$$anonfun$traverseSubNodes$1$1.apply(Engine.scala:384)
	at scala.collection.immutable.List.foreach(List.scala:392)
	at org.scalatest.SuperEngine.traverseSubNodes$1(Engine.scala:384)
	at org.scalatest.SuperEngine.org$scalatest$SuperEngine$$runTestsInBranch(Engine.scala:379)
	at org.scalatest.SuperEngine.runTestsImpl(Engine.scala:461)
	at org.scalatest.FunSuiteLike$class.runTests(FunSuiteLike.scala:229)
	at followers.FollowersSuite.runTests(FollowersSuite.scala:21)
	at org.scalatest.Suite$class.run(Suite.scala:1147)
	at followers.FollowersSuite.org$scalatest$FunSuiteLike$$super$run(FollowersSuite.scala:21)
	at org.scalatest.FunSuiteLike$$anonfun$run$1.apply(FunSuiteLike.scala:233)
	at org.scalatest.FunSuiteLike$$anonfun$run$1.apply(FunSuiteLike.scala:233)
	at org.scalatest.SuperEngine.runImpl(Engine.scala:521)
	at org.scalatest.FunSuiteLike$class.run(FunSuiteLike.scala:233)
	at followers.FollowersSuite.org$scalatest$BeforeAndAfterAll$$super$run(FollowersSuite.scala:21)
	at org.scalatest.BeforeAndAfterAll$class.liftedTree1$1(BeforeAndAfterAll.scala:213)
	at org.scalatest.BeforeAndAfterAll$class.run(BeforeAndAfterAll.scala:210)
	at followers.FollowersSuite.run(FollowersSuite.scala:21)
	at org.scalatest.tools.Framework.org$scalatest$tools$Framework$$runSuite(Framework.scala:314)
	at org.scalatest.tools.Framework$ScalaTestTask.execute(Framework.scala:480)
	at sbt.TestRunner.runTest$1(TestFramework.scala:113)
	at sbt.TestRunner.run(TestFramework.scala:124)
	at sbt.TestFramework$$anon$2$$anonfun$$lessinit$greater$1.$anonfun$apply$1(TestFramework.scala:282)
	at sbt.TestFramework$.sbt$TestFramework$$withContextLoader(TestFramework.scala:246)
	at sbt.TestFramework$$anon$2$$anonfun$$lessinit$greater$1.apply(TestFramework.scala:282)
	at sbt.TestFramework$$anon$2$$anonfun$$lessinit$greater$1.apply(TestFramework.scala:282)
	at sbt.TestFunction.apply(TestFramework.scala:294)
	at sbt.Tests$.processRunnable$1(Tests.scala:347)
	at sbt.Tests$.$anonfun$makeSerial$1(Tests.scala:353)
	at sbt.std.Transform$$anon$3.$anonfun$apply$2(System.scala:46)
	at sbt.std.Transform$$anon$4.work(System.scala:67)
	at sbt.Execute.$anonfun$submit$2(Execute.scala:269)
	at sbt.internal.util.ErrorHandling$.wideConvert(ErrorHandling.scala:16)
	at sbt.Execute.work(Execute.scala:278)
	at sbt.Execute.$anonfun$submit$1(Execute.scala:269)
	at sbt.ConcurrentRestrictions$$anon$4.$anonfun$submitValid$1(ConcurrentRestrictions.scala:178)
	at sbt.CompletionService$$anon$2.call(CompletionService.scala:37)
	at java.util.concurrent.FutureTask.run(FutureTask.java:266)
	at java.util.concurrent.Executors$RunnableAdapter.call(Executors.java:511)
	at java.util.concurrent.FutureTask.run(FutureTask.java:266)
	at java.util.concurrent.ThreadPoolExecutor.runWorker(ThreadPoolExecutor.java:1149)
	at java.util.concurrent.ThreadPoolExecutor$Worker.run(ThreadPoolExecutor.java:624)
	at java.lang.Thread.run(Thread.java:748)
</failure>
                                               </testcase>
                     <system-out><![CDATA[]]></system-out>
                     <system-err><![CDATA[]]></system-err>
                   </testsuite>